


Starting Server at: 2017-01-09T01:27:41.642Z
[2017-01-09 02:27:41] INFO Setting up H.A.L.B.E.R.T....
[2017-01-09 02:27:41] INFO Debug Mode: DISABLED
[2017-01-09 02:27:41] INFO Session-ID: 9BYOgDLLJEitDj7yrNVA
[2017-01-09 02:27:42] INFO Begin registering modules
[2017-01-09 02:27:42] INFO Template Cache: DISABLED
[2017-01-09 02:27:42] INFO Registering module 'music'...
[2017-01-09 02:27:42] SUCCESS Action 'music.play' was registered.
[2017-01-09 02:27:42] SUCCESS Action 'music.resume' was registered.
[2017-01-09 02:27:42] SUCCESS Action 'music.pause' was registered.
[2017-01-09 02:27:42] INFO Added routes for module 'music'.
[2017-01-09 02:27:42] SUCCESS Template for module music registered.
[2017-01-09 02:27:42] SUCCESS Registered module 'music'.
[2017-01-09 02:27:42] INFO Prepared switch desk-leds.
[2017-01-09 02:27:42] INFO Prepared switch desk-light.
[2017-01-09 02:27:42] INFO Registering module 'switches'...
[2017-01-09 02:27:42] SUCCESS Module 'switches' registered trigger 'switch.on'.
[2017-01-09 02:27:42] SUCCESS Module 'switches' registered trigger 'switch.off'.
[2017-01-09 02:27:42] SUCCESS Condition 'switch.isOn' was registered.
[2017-01-09 02:27:42] SUCCESS Action 'switch.on' was registered.
[2017-01-09 02:27:42] SUCCESS Action 'switch.off' was registered.
[2017-01-09 02:27:42] SUCCESS Template for module switches registered.
[2017-01-09 02:27:42] SUCCESS Registered module 'switches'.
[2017-01-09 02:27:42] INFO Registering module 'voice'...
[2017-01-09 02:27:42] SUCCESS Module 'voice' registered trigger 'voice-input.parsed'.
[2017-01-09 02:27:42] SUCCESS Module 'voice' is listening to 'microphone.input'.
[2017-01-09 02:27:42] SUCCESS Module 'voice' is listening to 'voice-input.parsed'.
[2017-01-09 02:27:42] SUCCESS Action 'voice-input.parse' was registered.
[2017-01-09 02:27:42] SUCCESS Template for module voice registered.
[2017-01-09 02:27:42] SUCCESS Registered module 'voice'.
[2017-01-09 02:27:42] ERROR The module in the 'weather' folder didn't provide any or not enough info. Ignoring the module.
[2017-01-09 02:27:42] INFO Setup complete!
[2017-01-09 02:27:42] SUCCESS Halbert-Interface available!
[2017-01-09 02:27:42] INFO http://localhost:3000
[2017-01-09 02:27:42] INFO http://192.168.2.106:3000
[2017-01-09 02:27:43] INFO Authorized Google Play Music.



Starting Server at: 2017-01-09T01:28:06.785Z
[2017-01-09 02:28:06] INFO Setting up H.A.L.B.E.R.T....
[2017-01-09 02:28:06] INFO Debug Mode: DISABLED
[2017-01-09 02:28:06] INFO Session-ID: SPEUcWScUyI1J50PA4vB
[2017-01-09 02:28:07] INFO Begin registering modules
[2017-01-09 02:28:07] INFO Template Cache: DISABLED
[2017-01-09 02:28:07] INFO Registering module 'music'...
[2017-01-09 02:28:07] SUCCESS Action 'music.play' was registered.
[2017-01-09 02:28:07] SUCCESS Action 'music.resume' was registered.
[2017-01-09 02:28:07] SUCCESS Action 'music.pause' was registered.
[2017-01-09 02:28:07] INFO Added routes for module 'music'.
[2017-01-09 02:28:07] SUCCESS Template for module music registered.
[2017-01-09 02:28:07] SUCCESS Registered module 'music'.
[2017-01-09 02:28:07] INFO Prepared switch desk-leds.
[2017-01-09 02:28:07] INFO Prepared switch desk-light.
[2017-01-09 02:28:07] INFO Registering module 'switches'...
[2017-01-09 02:28:07] SUCCESS Module 'switches' registered trigger 'switch.on'.
[2017-01-09 02:28:07] SUCCESS Module 'switches' registered trigger 'switch.off'.
[2017-01-09 02:28:07] SUCCESS Condition 'switch.isOn' was registered.
[2017-01-09 02:28:07] SUCCESS Action 'switch.on' was registered.
[2017-01-09 02:28:07] SUCCESS Action 'switch.off' was registered.
[2017-01-09 02:28:07] SUCCESS Template for module switches registered.
[2017-01-09 02:28:07] SUCCESS Registered module 'switches'.
[2017-01-09 02:28:07] INFO Registering module 'voice'...
[2017-01-09 02:28:07] SUCCESS Module 'voice' registered trigger 'voice-input.parsed'.
[2017-01-09 02:28:07] SUCCESS Module 'voice' is listening to 'microphone.input'.
[2017-01-09 02:28:07] SUCCESS Module 'voice' is listening to 'voice-input.parsed'.
[2017-01-09 02:28:07] SUCCESS Action 'voice-input.parse' was registered.
[2017-01-09 02:28:07] SUCCESS Template for module voice registered.
[2017-01-09 02:28:07] SUCCESS Registered module 'voice'.
[2017-01-09 02:28:07] ERROR The module in the 'weather' folder didn't provide any or not enough info. Ignoring the module.
[2017-01-09 02:28:07] INFO Setup complete!
[2017-01-09 02:28:07] SUCCESS Halbert-Interface available!
[2017-01-09 02:28:07] INFO http://localhost:3000
[2017-01-09 02:28:07] INFO http://192.168.2.106:3000
[2017-01-09 02:28:08] INFO Authorized Google Play Music.



Starting Server at: 2017-01-09T01:28:20.719Z
[2017-01-09 02:28:20] INFO Setting up H.A.L.B.E.R.T....
[2017-01-09 02:28:20] INFO Debug Mode: DISABLED
[2017-01-09 02:28:20] INFO Session-ID: a2HCUKarIed8HAzBKqrT
[2017-01-09 02:28:21] INFO Begin registering modules
[2017-01-09 02:28:21] INFO Template Cache: DISABLED
[2017-01-09 02:28:21] INFO Registering module 'music'...
[2017-01-09 02:28:21] SUCCESS Action 'music.play' was registered.
[2017-01-09 02:28:21] SUCCESS Action 'music.resume' was registered.
[2017-01-09 02:28:21] SUCCESS Action 'music.pause' was registered.
[2017-01-09 02:28:21] INFO Added routes for module 'music'.
[2017-01-09 02:28:21] SUCCESS Template for module music registered.
[2017-01-09 02:28:21] SUCCESS Registered module 'music'.
[2017-01-09 02:28:21] INFO Prepared switch desk-leds.
[2017-01-09 02:28:21] INFO Prepared switch desk-light.
[2017-01-09 02:28:21] INFO Registering module 'switches'...
[2017-01-09 02:28:21] SUCCESS Module 'switches' registered trigger 'switch.on'.
[2017-01-09 02:28:21] SUCCESS Module 'switches' registered trigger 'switch.off'.
[2017-01-09 02:28:21] SUCCESS Condition 'switch.isOn' was registered.
[2017-01-09 02:28:21] SUCCESS Action 'switch.on' was registered.
[2017-01-09 02:28:21] SUCCESS Action 'switch.off' was registered.
[2017-01-09 02:28:21] SUCCESS Template for module switches registered.
[2017-01-09 02:28:21] SUCCESS Registered module 'switches'.
[2017-01-09 02:28:21] INFO Registering module 'voice'...
[2017-01-09 02:28:21] SUCCESS Module 'voice' registered trigger 'voice-input.parsed'.
[2017-01-09 02:28:21] SUCCESS Module 'voice' is listening to 'microphone.input'.
[2017-01-09 02:28:21] SUCCESS Module 'voice' is listening to 'voice-input.parsed'.
[2017-01-09 02:28:21] SUCCESS Action 'voice-input.parse' was registered.
[2017-01-09 02:28:21] SUCCESS Template for module voice registered.
[2017-01-09 02:28:21] SUCCESS Registered module 'voice'.
[2017-01-09 02:28:21] ERROR The module in the 'weather' folder didn't provide any or not enough info. Ignoring the module.
[2017-01-09 02:28:21] INFO Setup complete!
[2017-01-09 02:28:21] SUCCESS Halbert-Interface available!
[2017-01-09 02:28:21] INFO http://localhost:3000
[2017-01-09 02:28:21] INFO http://192.168.2.106:3000
[2017-01-09 02:28:22] INFO Authorized Google Play Music.



Starting Server at: 2017-01-09T01:28:39.677Z
[2017-01-09 02:28:39] INFO Setting up H.A.L.B.E.R.T....
[2017-01-09 02:28:39] INFO Debug Mode: DISABLED
[2017-01-09 02:28:39] INFO Session-ID: ULCePfsSXlEmEzVXv1dy
[2017-01-09 02:28:40] INFO Begin registering modules
[2017-01-09 02:28:40] INFO Template Cache: DISABLED
[2017-01-09 02:28:40] INFO Registering module 'music'...
[2017-01-09 02:28:40] SUCCESS Action 'music.play' was registered.
[2017-01-09 02:28:40] SUCCESS Action 'music.resume' was registered.
[2017-01-09 02:28:40] SUCCESS Action 'music.pause' was registered.
[2017-01-09 02:28:40] INFO Added routes for module 'music'.
[2017-01-09 02:28:40] SUCCESS Template for module music registered.
[2017-01-09 02:28:40] SUCCESS Registered module 'music'.
[2017-01-09 02:28:40] INFO Prepared switch desk-leds.
[2017-01-09 02:28:40] INFO Prepared switch desk-light.
[2017-01-09 02:28:40] INFO Registering module 'switches'...
[2017-01-09 02:28:40] SUCCESS Module 'switches' registered trigger 'switch.on'.
[2017-01-09 02:28:40] SUCCESS Module 'switches' registered trigger 'switch.off'.
[2017-01-09 02:28:40] SUCCESS Condition 'switch.isOn' was registered.
[2017-01-09 02:28:40] SUCCESS Action 'switch.on' was registered.
[2017-01-09 02:28:40] SUCCESS Action 'switch.off' was registered.
[2017-01-09 02:28:40] SUCCESS Template for module switches registered.
[2017-01-09 02:28:40] SUCCESS Registered module 'switches'.
[2017-01-09 02:28:40] INFO Registering module 'voice'...
[2017-01-09 02:28:40] SUCCESS Module 'voice' registered trigger 'voice-input.parsed'.
[2017-01-09 02:28:40] SUCCESS Module 'voice' is listening to 'microphone.input'.
[2017-01-09 02:28:40] SUCCESS Module 'voice' is listening to 'voice-input.parsed'.
[2017-01-09 02:28:40] SUCCESS Action 'voice-input.parse' was registered.
[2017-01-09 02:28:40] SUCCESS Template for module voice registered.
[2017-01-09 02:28:40] SUCCESS Registered module 'voice'.
[2017-01-09 02:28:40] ERROR The module in the 'weather' folder didn't provide any or not enough info. Ignoring the module.
[2017-01-09 02:28:40] INFO Setup complete!
[2017-01-09 02:28:40] SUCCESS Halbert-Interface available!
[2017-01-09 02:28:40] INFO http://localhost:3000
[2017-01-09 02:28:40] INFO http://192.168.2.106:3000
[2017-01-09 02:28:41] INFO Authorized Google Play Music.



Starting Server at: 2017-01-09T01:28:51.488Z
[2017-01-09 02:28:51] INFO Setting up H.A.L.B.E.R.T....
[2017-01-09 02:28:51] INFO Debug Mode: DISABLED
[2017-01-09 02:28:51] INFO Session-ID: j9QdQI8vYt6VGOaVNDWk
[2017-01-09 02:28:51] INFO Begin registering modules
[2017-01-09 02:28:51] INFO Template Cache: DISABLED
[2017-01-09 02:28:52] INFO Registering module 'music'...
[2017-01-09 02:28:52] SUCCESS Action 'music.play' was registered.
[2017-01-09 02:28:52] SUCCESS Action 'music.resume' was registered.
[2017-01-09 02:28:52] SUCCESS Action 'music.pause' was registered.
[2017-01-09 02:28:52] INFO Added routes for module 'music'.
[2017-01-09 02:28:52] SUCCESS Template for module music registered.
[2017-01-09 02:28:52] SUCCESS Registered module 'music'.
[2017-01-09 02:28:52] INFO Prepared switch desk-leds.
[2017-01-09 02:28:52] INFO Prepared switch desk-light.
[2017-01-09 02:28:52] INFO Registering module 'switches'...
[2017-01-09 02:28:52] SUCCESS Module 'switches' registered trigger 'switch.on'.
[2017-01-09 02:28:52] SUCCESS Module 'switches' registered trigger 'switch.off'.
[2017-01-09 02:28:52] SUCCESS Condition 'switch.isOn' was registered.
[2017-01-09 02:28:52] SUCCESS Action 'switch.on' was registered.
[2017-01-09 02:28:52] SUCCESS Action 'switch.off' was registered.
[2017-01-09 02:28:52] SUCCESS Template for module switches registered.
[2017-01-09 02:28:52] SUCCESS Registered module 'switches'.
[2017-01-09 02:28:52] INFO Registering module 'voice'...
[2017-01-09 02:28:52] SUCCESS Module 'voice' registered trigger 'voice-input.parsed'.
[2017-01-09 02:28:52] SUCCESS Module 'voice' is listening to 'microphone.input'.
[2017-01-09 02:28:52] SUCCESS Module 'voice' is listening to 'voice-input.parsed'.
[2017-01-09 02:28:52] SUCCESS Action 'voice-input.parse' was registered.
[2017-01-09 02:28:52] SUCCESS Template for module voice registered.
[2017-01-09 02:28:52] SUCCESS Registered module 'voice'.
[2017-01-09 02:28:52] ERROR The module in the 'weather' folder didn't provide any or not enough info. Ignoring the module.
[2017-01-09 02:28:52] INFO Setup complete!
[2017-01-09 02:28:52] SUCCESS Halbert-Interface available!
[2017-01-09 02:28:52] INFO http://localhost:3000
[2017-01-09 02:28:52] INFO http://192.168.2.106:3000
[2017-01-09 02:28:52] INFO Authorized Google Play Music.



Starting Server at: 2017-01-09T01:29:38.683Z
[2017-01-09 02:29:38] INFO Setting up H.A.L.B.E.R.T....
[2017-01-09 02:29:38] INFO Debug Mode: DISABLED
[2017-01-09 02:29:38] INFO Session-ID: JdMh26hYjSSNK3m5HymG
[2017-01-09 02:29:39] INFO Begin registering modules
[2017-01-09 02:29:39] INFO Template Cache: DISABLED
[2017-01-09 02:29:39] INFO Registering module 'music'...
[2017-01-09 02:29:39] SUCCESS Action 'music.play' was registered.
[2017-01-09 02:29:39] SUCCESS Action 'music.resume' was registered.
[2017-01-09 02:29:39] SUCCESS Action 'music.pause' was registered.
[2017-01-09 02:29:39] INFO Added routes for module 'music'.
[2017-01-09 02:29:39] SUCCESS Template for module music registered.
[2017-01-09 02:29:39] SUCCESS Registered module 'music'.
[2017-01-09 02:29:39] INFO Prepared switch desk-leds.
[2017-01-09 02:29:39] INFO Prepared switch desk-light.
[2017-01-09 02:29:39] INFO Registering module 'switches'...
[2017-01-09 02:29:39] SUCCESS Module 'switches' registered trigger 'switch.on'.
[2017-01-09 02:29:39] SUCCESS Module 'switches' registered trigger 'switch.off'.
[2017-01-09 02:29:39] SUCCESS Condition 'switch.isOn' was registered.
[2017-01-09 02:29:39] SUCCESS Action 'switch.on' was registered.
[2017-01-09 02:29:39] SUCCESS Action 'switch.off' was registered.
[2017-01-09 02:29:39] SUCCESS Template for module switches registered.
[2017-01-09 02:29:39] SUCCESS Registered module 'switches'.
[2017-01-09 02:29:39] INFO Registering module 'voice'...
[2017-01-09 02:29:39] SUCCESS Module 'voice' registered trigger 'voice-input.parsed'.
[2017-01-09 02:29:39] SUCCESS Module 'voice' is listening to 'microphone.input'.
[2017-01-09 02:29:39] SUCCESS Module 'voice' is listening to 'voice-input.parsed'.
[2017-01-09 02:29:39] SUCCESS Action 'voice-input.parse' was registered.
[2017-01-09 02:29:39] SUCCESS Template for module voice registered.
[2017-01-09 02:29:39] SUCCESS Registered module 'voice'.
[2017-01-09 02:29:39] ERROR The module in the 'weather' folder didn't provide any or not enough info. Ignoring the module.
[2017-01-09 02:29:39] INFO Setup complete!
[2017-01-09 02:29:39] SUCCESS Halbert-Interface available!
[2017-01-09 02:29:39] INFO http://localhost:3000
[2017-01-09 02:29:39] INFO http://192.168.2.106:3000
[2017-01-09 02:29:40] INFO Authorized Google Play Music.



Starting Server at: 2017-01-09T01:30:15.977Z
[2017-01-09 02:30:15] INFO Setting up H.A.L.B.E.R.T....
[2017-01-09 02:30:16] INFO Debug Mode: DISABLED
[2017-01-09 02:30:16] INFO Session-ID: BAWHcXoqJvz7pTZfrSBs
[2017-01-09 02:30:16] INFO Begin registering modules
[2017-01-09 02:30:16] INFO Template Cache: DISABLED
[2017-01-09 02:30:16] INFO Registering module 'music'...
[2017-01-09 02:30:16] SUCCESS Action 'music.play' was registered.
[2017-01-09 02:30:16] SUCCESS Action 'music.resume' was registered.
[2017-01-09 02:30:16] SUCCESS Action 'music.pause' was registered.
[2017-01-09 02:30:16] INFO Added routes for module 'music'.
[2017-01-09 02:30:16] SUCCESS Template for module music registered.
[2017-01-09 02:30:16] SUCCESS Registered module 'music'.
[2017-01-09 02:30:16] INFO Prepared switch desk-leds.
[2017-01-09 02:30:16] INFO Prepared switch desk-light.
[2017-01-09 02:30:16] INFO Registering module 'switches'...
[2017-01-09 02:30:16] SUCCESS Module 'switches' registered trigger 'switch.on'.
[2017-01-09 02:30:16] SUCCESS Module 'switches' registered trigger 'switch.off'.
[2017-01-09 02:30:16] SUCCESS Condition 'switch.isOn' was registered.
[2017-01-09 02:30:16] SUCCESS Action 'switch.on' was registered.
[2017-01-09 02:30:16] SUCCESS Action 'switch.off' was registered.
[2017-01-09 02:30:16] SUCCESS Template for module switches registered.
[2017-01-09 02:30:16] SUCCESS Registered module 'switches'.
[2017-01-09 02:30:16] INFO Registering module 'voice'...
[2017-01-09 02:30:16] SUCCESS Module 'voice' registered trigger 'voice-input.parsed'.
[2017-01-09 02:30:16] SUCCESS Module 'voice' is listening to 'microphone.input'.
[2017-01-09 02:30:16] SUCCESS Module 'voice' is listening to 'voice-input.parsed'.
[2017-01-09 02:30:16] SUCCESS Action 'voice-input.parse' was registered.
[2017-01-09 02:30:16] SUCCESS Template for module voice registered.
[2017-01-09 02:30:16] SUCCESS Registered module 'voice'.
[2017-01-09 02:30:16] ERROR The module in the 'weather' folder didn't provide any or not enough info. Ignoring the module.
[2017-01-09 02:30:16] INFO Setup complete!
[2017-01-09 02:30:16] SUCCESS Halbert-Interface available!
[2017-01-09 02:30:16] INFO http://localhost:3000
[2017-01-09 02:30:16] INFO http://192.168.2.106:3000
[2017-01-09 02:30:17] INFO Authorized Google Play Music.



Starting Server at: 2017-01-09T01:30:30.870Z
[2017-01-09 02:30:30] INFO Setting up H.A.L.B.E.R.T....
[2017-01-09 02:30:30] INFO Debug Mode: DISABLED
[2017-01-09 02:30:30] INFO Session-ID: KqibaqaAJxm8GPk8XBK6
[2017-01-09 02:30:31] INFO Begin registering modules
[2017-01-09 02:30:31] INFO Template Cache: DISABLED
[2017-01-09 02:30:31] INFO Registering module 'music'...
[2017-01-09 02:30:31] SUCCESS Action 'music.play' was registered.
[2017-01-09 02:30:31] SUCCESS Action 'music.resume' was registered.
[2017-01-09 02:30:31] SUCCESS Action 'music.pause' was registered.
[2017-01-09 02:30:31] INFO Added routes for module 'music'.
[2017-01-09 02:30:31] SUCCESS Template for module music registered.
[2017-01-09 02:30:31] SUCCESS Registered module 'music'.
[2017-01-09 02:30:31] INFO Prepared switch desk-leds.
[2017-01-09 02:30:31] INFO Prepared switch desk-light.
[2017-01-09 02:30:31] INFO Registering module 'switches'...
[2017-01-09 02:30:31] SUCCESS Module 'switches' registered trigger 'switch.on'.
[2017-01-09 02:30:31] SUCCESS Module 'switches' registered trigger 'switch.off'.
[2017-01-09 02:30:31] SUCCESS Condition 'switch.isOn' was registered.
[2017-01-09 02:30:31] SUCCESS Action 'switch.on' was registered.
[2017-01-09 02:30:31] SUCCESS Action 'switch.off' was registered.
[2017-01-09 02:30:31] SUCCESS Template for module switches registered.
[2017-01-09 02:30:31] SUCCESS Registered module 'switches'.
[2017-01-09 02:30:31] INFO Registering module 'voice'...
[2017-01-09 02:30:31] SUCCESS Module 'voice' registered trigger 'voice-input.parsed'.
[2017-01-09 02:30:31] SUCCESS Module 'voice' is listening to 'microphone.input'.
[2017-01-09 02:30:31] SUCCESS Module 'voice' is listening to 'voice-input.parsed'.
[2017-01-09 02:30:31] SUCCESS Action 'voice-input.parse' was registered.
[2017-01-09 02:30:31] SUCCESS Template for module voice registered.
[2017-01-09 02:30:31] SUCCESS Registered module 'voice'.
[2017-01-09 02:30:31] ERROR The module in the 'weather' folder didn't provide any or not enough info. Ignoring the module.
[2017-01-09 02:30:31] INFO Setup complete!
[2017-01-09 02:30:31] SUCCESS Halbert-Interface available!
[2017-01-09 02:30:31] INFO http://localhost:3000
[2017-01-09 02:30:31] INFO http://192.168.2.106:3000
[2017-01-09 02:30:34] INFO Authorized Google Play Music.



Starting Server at: 2017-01-09T01:31:31.185Z
[2017-01-09 02:31:31] INFO Setting up H.A.L.B.E.R.T....
[2017-01-09 02:31:31] INFO Debug Mode: DISABLED
[2017-01-09 02:31:31] INFO Session-ID: urUjl8E5vmX4V3uQKjQU
[2017-01-09 02:31:31] INFO Begin registering modules
[2017-01-09 02:31:31] INFO Template Cache: DISABLED
[2017-01-09 02:31:31] INFO Registering module 'music'...
[2017-01-09 02:31:31] SUCCESS Action 'music.play' was registered.
[2017-01-09 02:31:31] SUCCESS Action 'music.resume' was registered.
[2017-01-09 02:31:31] SUCCESS Action 'music.pause' was registered.
[2017-01-09 02:31:31] INFO Added routes for module 'music'.
[2017-01-09 02:31:31] SUCCESS Template for module music registered.
[2017-01-09 02:31:31] SUCCESS Registered module 'music'.
[2017-01-09 02:31:31] INFO Prepared switch desk-leds.
[2017-01-09 02:31:31] INFO Prepared switch desk-light.
[2017-01-09 02:31:31] INFO Registering module 'switches'...
[2017-01-09 02:31:31] SUCCESS Module 'switches' registered trigger 'switch.on'.
[2017-01-09 02:31:31] SUCCESS Module 'switches' registered trigger 'switch.off'.
[2017-01-09 02:31:31] SUCCESS Condition 'switch.isOn' was registered.
[2017-01-09 02:31:31] SUCCESS Action 'switch.on' was registered.
[2017-01-09 02:31:31] SUCCESS Action 'switch.off' was registered.
[2017-01-09 02:31:31] SUCCESS Template for module switches registered.
[2017-01-09 02:31:31] SUCCESS Registered module 'switches'.
[2017-01-09 02:31:31] INFO Registering module 'voice'...
[2017-01-09 02:31:31] SUCCESS Module 'voice' registered trigger 'voice-input.parsed'.
[2017-01-09 02:31:31] SUCCESS Module 'voice' is listening to 'microphone.input'.
[2017-01-09 02:31:31] SUCCESS Module 'voice' is listening to 'voice-input.parsed'.
[2017-01-09 02:31:31] SUCCESS Action 'voice-input.parse' was registered.
[2017-01-09 02:31:31] SUCCESS Template for module voice registered.
[2017-01-09 02:31:31] SUCCESS Registered module 'voice'.
[2017-01-09 02:31:31] ERROR The module in the 'weather' folder didn't provide any or not enough info. Ignoring the module.
[2017-01-09 02:31:31] INFO Setup complete!
[2017-01-09 02:31:31] SUCCESS Halbert-Interface available!
[2017-01-09 02:31:31] INFO http://localhost:3000
[2017-01-09 02:31:31] INFO http://192.168.2.106:3000
[2017-01-09 02:31:32] INFO Authorized Google Play Music.



Starting Server at: 2017-01-09T01:31:38.295Z
[2017-01-09 02:31:38] INFO Setting up H.A.L.B.E.R.T....
[2017-01-09 02:31:38] INFO Debug Mode: DISABLED
[2017-01-09 02:31:38] INFO Session-ID: GiYint8VFbiWDakiGR1L
[2017-01-09 02:31:38] INFO Begin registering modules
[2017-01-09 02:31:38] INFO Template Cache: DISABLED
[2017-01-09 02:31:38] INFO Registering module 'music'...
[2017-01-09 02:31:38] SUCCESS Action 'music.play' was registered.
[2017-01-09 02:31:38] SUCCESS Action 'music.resume' was registered.
[2017-01-09 02:31:38] SUCCESS Action 'music.pause' was registered.
[2017-01-09 02:31:38] INFO Added routes for module 'music'.
[2017-01-09 02:31:38] SUCCESS Template for module music registered.
[2017-01-09 02:31:38] SUCCESS Registered module 'music'.
[2017-01-09 02:31:38] INFO Prepared switch desk-leds.
[2017-01-09 02:31:38] INFO Prepared switch desk-light.
[2017-01-09 02:31:38] INFO Registering module 'switches'...
[2017-01-09 02:31:38] SUCCESS Module 'switches' registered trigger 'switch.on'.
[2017-01-09 02:31:38] SUCCESS Module 'switches' registered trigger 'switch.off'.
[2017-01-09 02:31:38] SUCCESS Condition 'switch.isOn' was registered.
[2017-01-09 02:31:38] SUCCESS Action 'switch.on' was registered.
[2017-01-09 02:31:38] SUCCESS Action 'switch.off' was registered.
[2017-01-09 02:31:38] SUCCESS Template for module switches registered.
[2017-01-09 02:31:38] SUCCESS Registered module 'switches'.
[2017-01-09 02:31:38] INFO Registering module 'voice'...
[2017-01-09 02:31:38] SUCCESS Module 'voice' registered trigger 'voice-input.parsed'.
[2017-01-09 02:31:38] SUCCESS Module 'voice' is listening to 'microphone.input'.
[2017-01-09 02:31:38] SUCCESS Module 'voice' is listening to 'voice-input.parsed'.
[2017-01-09 02:31:38] SUCCESS Action 'voice-input.parse' was registered.
[2017-01-09 02:31:38] SUCCESS Template for module voice registered.
[2017-01-09 02:31:38] SUCCESS Registered module 'voice'.
[2017-01-09 02:31:38] ERROR The module in the 'weather' folder didn't provide any or not enough info. Ignoring the module.
[2017-01-09 02:31:38] INFO Setup complete!
[2017-01-09 02:31:38] SUCCESS Halbert-Interface available!
[2017-01-09 02:31:38] INFO http://localhost:3000
[2017-01-09 02:31:38] INFO http://192.168.2.106:3000
[2017-01-09 02:31:39] INFO Authorized Google Play Music.
[2017-01-09 02:34:37] INFO GET /
[2017-01-09 02:34:37] INFO GET /css/framework.css
[2017-01-09 02:34:37] INFO GET /js/vue.js
[2017-01-09 02:34:37] INFO GET /js/masonry.js
[2017-01-09 02:34:37] INFO GET /js/dashboard.js
[2017-01-09 02:34:37] INFO GET /js/jquery.js
[2017-01-09 02:34:37] INFO GET /js/bootstrap.js
[2017-01-09 02:34:37] INFO GET /js/resize.js
[2017-01-09 02:34:37] INFO GET /js/fastclick.min.js
[2017-01-09 02:34:37] INFO GET /music/playlists
[2017-01-09 02:34:40] INFO GET /css/framework.css
[2017-01-09 02:34:50] INFO GET /
[2017-01-09 02:34:52] INFO Client disconnected from IO.
[2017-01-09 02:34:52] INFO GET /css/framework.css
[2017-01-09 02:34:52] INFO GET /js/vue.js
[2017-01-09 02:34:52] INFO GET /js/masonry.js
[2017-01-09 02:34:52] INFO GET /js/dashboard.js
[2017-01-09 02:34:52] INFO GET /js/jquery.js
[2017-01-09 02:34:52] INFO GET /js/bootstrap.js
[2017-01-09 02:34:52] INFO GET /js/resize.js
[2017-01-09 02:34:52] INFO GET /js/fastclick.min.js
[2017-01-09 02:34:52] INFO GET /music/playlists



Starting Server at: 2017-01-09T01:34:59.745Z
[2017-01-09 02:34:59] INFO Setting up H.A.L.B.E.R.T....
[2017-01-09 02:34:59] INFO Debug Mode: DISABLED
[2017-01-09 02:34:59] INFO Session-ID: qGl8WXoTF6McJxejXwZ2
[2017-01-09 02:35:00] INFO Begin registering modules
[2017-01-09 02:35:00] INFO Template Cache: DISABLED
[2017-01-09 02:35:00] INFO Registering module 'music'...
[2017-01-09 02:35:00] SUCCESS Action 'music.play' was registered.
[2017-01-09 02:35:00] SUCCESS Action 'music.resume' was registered.
[2017-01-09 02:35:00] SUCCESS Action 'music.pause' was registered.
[2017-01-09 02:35:00] INFO Added routes for module 'music'.
[2017-01-09 02:35:00] SUCCESS Template for module music registered.
[2017-01-09 02:35:00] SUCCESS Registered module 'music'.
[2017-01-09 02:35:00] INFO Prepared switch desk-leds.
[2017-01-09 02:35:00] INFO Prepared switch desk-light.
[2017-01-09 02:35:00] INFO Registering module 'switches'...
[2017-01-09 02:35:00] SUCCESS Module 'switches' registered trigger 'switch.on'.
[2017-01-09 02:35:00] SUCCESS Module 'switches' registered trigger 'switch.off'.
[2017-01-09 02:35:00] SUCCESS Condition 'switch.isOn' was registered.
[2017-01-09 02:35:00] SUCCESS Action 'switch.on' was registered.
[2017-01-09 02:35:00] SUCCESS Action 'switch.off' was registered.
[2017-01-09 02:35:00] SUCCESS Template for module switches registered.
[2017-01-09 02:35:00] SUCCESS Registered module 'switches'.
[2017-01-09 02:35:00] INFO Registering module 'voice'...
[2017-01-09 02:35:00] SUCCESS Module 'voice' registered trigger 'voice-input.parsed'.
[2017-01-09 02:35:00] SUCCESS Module 'voice' is listening to 'microphone.input'.
[2017-01-09 02:35:00] SUCCESS Module 'voice' is listening to 'voice-input.parsed'.
[2017-01-09 02:35:00] SUCCESS Action 'voice-input.parse' was registered.
[2017-01-09 02:35:00] SUCCESS Template for module voice registered.
[2017-01-09 02:35:00] SUCCESS Registered module 'voice'.
[2017-01-09 02:35:00] ERROR The module in the 'weather' folder didn't provide any or not enough info. Ignoring the module.
[2017-01-09 02:35:00] INFO Setup complete!
[2017-01-09 02:35:00] SUCCESS Halbert-Interface available!
[2017-01-09 02:35:00] INFO http://localhost:3000
[2017-01-09 02:35:00] INFO http://192.168.2.106:3000
[2017-01-09 02:35:01] INFO Authorized Google Play Music.
[2017-01-09 02:35:01] INFO GET /
[2017-01-09 02:35:01] INFO GET /css/framework.css
[2017-01-09 02:35:01] INFO GET /js/vue.js
[2017-01-09 02:35:01] INFO GET /js/masonry.js
[2017-01-09 02:35:01] INFO GET /js/dashboard.js
[2017-01-09 02:35:01] INFO GET /js/jquery.js
[2017-01-09 02:35:01] INFO GET /js/bootstrap.js
[2017-01-09 02:35:01] INFO GET /js/resize.js
[2017-01-09 02:35:01] INFO GET /js/fastclick.min.js
[2017-01-09 02:35:02] INFO GET /music/playlists
[2017-01-09 04:23:41] INFO Client disconnected from IO.
[2017-01-09 04:23:41] INFO Client disconnected from IO.
[2017-01-09 19:02:28] INFO Client disconnected from IO.
