


Starting Server at: 2017-01-13T17:21:34.720Z
[2017-01-13 18:21:34] INFO Setting up H.A.L.B.E.R.T....
[2017-01-13 18:21:35] INFO Debug Mode: DISABLED
[2017-01-13 18:21:35] INFO Session-ID: iu5xWSmM7vIxhcEnhGTs
[2017-01-13 18:21:35] INFO Begin registering modules
[2017-01-13 18:21:35] INFO Template Cache: DISABLED
[2017-01-13 18:21:36] INFO Registering module 'ifttt'...
[2017-01-13 18:21:36] SUCCESS Module 'ifttt' registered trigger 'ifttt.webhook'.
[2017-01-13 18:21:36] SUCCESS Action 'ifttt.request-event' was registered.
[2017-01-13 18:21:36] SUCCESS Registered module 'ifttt'.
[2017-01-13 18:21:36] INFO Registering module 'music'...
[2017-01-13 18:21:36] SUCCESS Action 'music.play' was registered.
[2017-01-13 18:21:36] SUCCESS Action 'music.resume' was registered.
[2017-01-13 18:21:36] SUCCESS Action 'music.pause' was registered.
[2017-01-13 18:21:36] SUCCESS Template for module music registered.
[2017-01-13 18:21:36] SUCCESS Registered module 'music'.
[2017-01-13 18:21:37] INFO Prepared switch desk-leds.
[2017-01-13 18:21:37] INFO Prepared switch desk-light.
[2017-01-13 18:21:37] INFO Registering module 'switches'...
[2017-01-13 18:21:37] SUCCESS Module 'switches' registered trigger 'switch.on'.
[2017-01-13 18:21:37] SUCCESS Module 'switches' registered trigger 'switch.off'.
[2017-01-13 18:21:37] SUCCESS Condition 'switch.isOn' was registered.
[2017-01-13 18:21:37] SUCCESS Action 'switch.on' was registered.
[2017-01-13 18:21:37] SUCCESS Action 'switch.off' was registered.
[2017-01-13 18:21:37] SUCCESS Template for module switches registered.
[2017-01-13 18:21:37] SUCCESS Registered module 'switches'.
[2017-01-13 18:21:37] INFO Registering module 'voice'...
[2017-01-13 18:21:37] SUCCESS Module 'voice' registered trigger 'voice-input.parsed'.
[2017-01-13 18:21:37] SUCCESS Module 'voice' is listening to 'microphone.input'.
[2017-01-13 18:21:37] SUCCESS Module 'voice' is listening to 'voice-input.parsed'.
[2017-01-13 18:21:37] SUCCESS Action 'voice-input.parse' was registered.
[2017-01-13 18:21:37] SUCCESS Template for module voice registered.
[2017-01-13 18:21:37] SUCCESS Registered module 'voice'.
[2017-01-13 18:21:38] ERROR The module in the 'weather' folder didn't provide any or not enough info. Ignoring the module.
[2017-01-13 18:21:40] INFO Added routes for module 'ifttt'.
[2017-01-13 18:21:40] INFO Added routes for module 'music'.
[2017-01-13 18:21:40] SUCCESS State is now in sync with the IO-Server.
[2017-01-13 18:21:40] INFO Setup complete!
[2017-01-13 18:21:40] SUCCESS Halbert-Interface available!
[2017-01-13 18:21:40] INFO http://localhost:3000
[2017-01-13 18:21:40] INFO http://192.168.178.28:3000
[2017-01-13 18:21:41] INFO Authorized Google Play Music.
[2017-01-13 18:22:44] INFO GET /
[2017-01-13 18:22:44] INFO GET /css/framework.css
[2017-01-13 18:22:44] INFO GET /js/vue.js
[2017-01-13 18:22:44] INFO GET /js/dashboard.js
[2017-01-13 18:22:44] INFO GET /js/resize.js
[2017-01-13 18:22:44] INFO GET /js/jquery.js
[2017-01-13 18:22:44] INFO GET /js/bootstrap.js
[2017-01-13 18:22:44] INFO GET /js/fastclick.min.js
[2017-01-13 18:22:44] INFO GET /js/masonry.js
[2017-01-13 18:22:45] INFO GET /music/playlists
[2017-01-13 18:22:45] INFO State for music.playing requested.
[2017-01-13 18:22:45] INFO State for music.song requested.
[2017-01-13 18:22:45] INFO State for switches.switch_desk-leds requested.
[2017-01-13 18:22:45] INFO State for switches.busy requested.
[2017-01-13 18:22:45] INFO State for switches.switch_desk-light requested.
[2017-01-13 18:22:45] INFO State for switches.busy requested.
[2017-01-13 18:24:44] INFO GET /
[2017-01-13 18:24:44] INFO Client disconnected from IO.
[2017-01-13 18:24:44] INFO GET /css/framework.css
[2017-01-13 18:24:44] INFO GET /js/vue.js
[2017-01-13 18:24:44] INFO GET /js/masonry.js
[2017-01-13 18:24:44] INFO GET /js/dashboard.js
[2017-01-13 18:24:44] INFO GET /js/jquery.js
[2017-01-13 18:24:44] INFO GET /js/bootstrap.js
[2017-01-13 18:24:44] INFO GET /js/resize.js
[2017-01-13 18:24:44] INFO GET /js/fastclick.min.js
[2017-01-13 18:24:44] INFO GET /music/playlists
[2017-01-13 18:24:45] INFO State for music.playing requested.
[2017-01-13 18:24:45] INFO State for music.song requested.
[2017-01-13 18:24:45] INFO State for switches.switch_desk-leds requested.
[2017-01-13 18:24:45] INFO State for switches.busy requested.
[2017-01-13 18:24:45] INFO State for switches.switch_desk-light requested.
[2017-01-13 18:24:45] INFO State for switches.busy requested.
[2017-01-13 18:24:57] INFO GET /
[2017-01-13 18:24:57] INFO Client disconnected from IO.
[2017-01-13 18:24:57] INFO GET /css/framework.css
[2017-01-13 18:24:57] INFO GET /js/vue.js
[2017-01-13 18:24:57] INFO GET /js/masonry.js
[2017-01-13 18:24:57] INFO GET /js/dashboard.js
[2017-01-13 18:24:57] INFO GET /js/jquery.js
[2017-01-13 18:24:57] INFO GET /js/bootstrap.js
[2017-01-13 18:24:57] INFO GET /js/resize.js
[2017-01-13 18:24:57] INFO GET /js/fastclick.min.js
[2017-01-13 18:24:57] INFO GET /music/playlists
[2017-01-13 18:24:57] INFO State for music.playing requested.
[2017-01-13 18:24:57] INFO State for music.song requested.
[2017-01-13 18:24:57] INFO State for switches.switch_desk-leds requested.
[2017-01-13 18:24:57] INFO State for switches.busy requested.
[2017-01-13 18:24:57] INFO State for switches.switch_desk-light requested.
[2017-01-13 18:24:57] INFO State for switches.busy requested.
[2017-01-13 18:25:44] INFO GET /
[2017-01-13 18:25:44] INFO Client disconnected from IO.
[2017-01-13 18:25:44] INFO GET /css/framework.css
[2017-01-13 18:25:44] INFO GET /js/vue.js
[2017-01-13 18:25:44] INFO GET /js/masonry.js
[2017-01-13 18:25:45] INFO GET /js/dashboard.js
[2017-01-13 18:25:45] INFO GET /js/jquery.js
[2017-01-13 18:25:45] INFO GET /js/bootstrap.js
[2017-01-13 18:25:45] INFO GET /js/resize.js
[2017-01-13 18:25:45] INFO GET /js/fastclick.min.js
[2017-01-13 18:25:45] INFO GET /music/playlists
[2017-01-13 18:25:45] INFO State for music.playing requested.
[2017-01-13 18:25:45] INFO State for music.song requested.
[2017-01-13 18:25:45] INFO State for switches.switch_desk-leds requested.
[2017-01-13 18:25:45] INFO State for switches.busy requested.
[2017-01-13 18:25:45] INFO State for switches.switch_desk-light requested.
[2017-01-13 18:25:45] INFO State for switches.busy requested.
[2017-01-13 18:25:50] INFO GET /
[2017-01-13 18:25:50] INFO Client disconnected from IO.
[2017-01-13 18:25:50] INFO GET /css/framework.css
[2017-01-13 18:25:50] INFO GET /js/vue.js
[2017-01-13 18:25:50] INFO GET /js/masonry.js
[2017-01-13 18:25:50] INFO GET /js/dashboard.js
[2017-01-13 18:25:50] INFO GET /js/jquery.js
[2017-01-13 18:25:50] INFO GET /js/bootstrap.js
[2017-01-13 18:25:50] INFO GET /js/resize.js
[2017-01-13 18:25:50] INFO GET /js/fastclick.min.js
[2017-01-13 18:25:50] INFO GET /music/playlists
[2017-01-13 18:25:51] INFO State for music.playing requested.
[2017-01-13 18:25:51] INFO State for music.song requested.
[2017-01-13 18:25:51] INFO State for switches.switch_desk-leds requested.
[2017-01-13 18:25:51] INFO State for switches.busy requested.
[2017-01-13 18:25:51] INFO State for switches.switch_desk-light requested.
[2017-01-13 18:25:51] INFO State for switches.busy requested.
[2017-01-13 18:25:55] INFO Received command to execute action music.resume
[2017-01-13 18:26:05] INFO Received command to execute action voice-input.parse
[2017-01-13 18:26:06] INFO API.ai query for 'play Thunderstruck'.
[2017-01-13 18:26:07] INFO State at music.song was updated with {
  "title": "Thunderstruck",
  "artist": "AC/DC",
  "album": "The Razors Edge",
  "albumArt": "http://lh5.ggpht.com/1QCMb5TTVTuO519aajxhQ2zghyaVUQQ_Jot9WFv9O84ImkGorjtVM-_Sl5jximOUhI3WRRzO"
}
[2017-01-13 18:26:07] INFO State at music.playing was updated with true
[2017-01-13 18:26:31] INFO GET /
[2017-01-13 18:26:31] INFO Client disconnected from IO.
[2017-01-13 18:26:31] INFO GET /css/framework.css
[2017-01-13 18:26:32] INFO GET /js/vue.js
[2017-01-13 18:26:32] INFO GET /js/masonry.js
[2017-01-13 18:26:32] INFO GET /js/dashboard.js
[2017-01-13 18:26:32] INFO GET /js/jquery.js
[2017-01-13 18:26:32] INFO GET /js/bootstrap.js
[2017-01-13 18:26:32] INFO GET /js/resize.js
[2017-01-13 18:26:32] INFO GET /js/fastclick.min.js
[2017-01-13 18:26:32] INFO GET /music/playlists
[2017-01-13 18:26:32] INFO State for music.playing requested.
[2017-01-13 18:26:32] INFO State for music.song requested.
[2017-01-13 18:26:32] INFO State for switches.switch_desk-leds requested.
[2017-01-13 18:26:32] INFO State for switches.busy requested.
[2017-01-13 18:26:32] INFO State for switches.switch_desk-light requested.
[2017-01-13 18:26:32] INFO State for switches.busy requested.
[2017-01-13 18:26:49] INFO GET /
[2017-01-13 18:26:49] INFO Client disconnected from IO.
[2017-01-13 18:26:49] INFO GET /css/framework.css
[2017-01-13 18:26:49] INFO GET /js/vue.js
[2017-01-13 18:26:49] INFO GET /js/masonry.js
[2017-01-13 18:26:49] INFO GET /js/dashboard.js
[2017-01-13 18:26:49] INFO GET /js/jquery.js
[2017-01-13 18:26:49] INFO GET /js/bootstrap.js
[2017-01-13 18:26:49] INFO GET /js/resize.js
[2017-01-13 18:26:49] INFO GET /js/fastclick.min.js
[2017-01-13 18:26:49] INFO GET /music/playlists
[2017-01-13 18:26:49] INFO State for music.playing requested.
[2017-01-13 18:26:49] INFO State for music.song requested.
[2017-01-13 18:26:49] INFO State for switches.switch_desk-leds requested.
[2017-01-13 18:26:49] INFO State for switches.busy requested.
[2017-01-13 18:26:49] INFO State for switches.switch_desk-light requested.
[2017-01-13 18:26:49] INFO State for switches.busy requested.
[2017-01-13 18:26:59] INFO GET /
[2017-01-13 18:26:59] INFO Client disconnected from IO.
[2017-01-13 18:26:59] INFO GET /css/framework.css
[2017-01-13 18:26:59] INFO GET /js/vue.js
[2017-01-13 18:26:59] INFO GET /js/masonry.js
[2017-01-13 18:26:59] INFO GET /js/dashboard.js
[2017-01-13 18:26:59] INFO GET /js/jquery.js
[2017-01-13 18:26:59] INFO GET /js/bootstrap.js
[2017-01-13 18:26:59] INFO GET /js/resize.js
[2017-01-13 18:27:00] INFO GET /js/fastclick.min.js
[2017-01-13 18:27:00] INFO GET /music/playlists
[2017-01-13 18:27:00] INFO State for music.playing requested.
[2017-01-13 18:27:00] INFO State for music.song requested.
[2017-01-13 18:27:00] INFO State for switches.switch_desk-leds requested.
[2017-01-13 18:27:00] INFO State for switches.busy requested.
[2017-01-13 18:27:00] INFO State for switches.switch_desk-light requested.
[2017-01-13 18:27:00] INFO State for switches.busy requested.
[2017-01-13 18:27:28] INFO GET /
[2017-01-13 18:27:28] INFO Client disconnected from IO.
[2017-01-13 18:27:28] INFO GET /css/framework.css
[2017-01-13 18:27:28] INFO GET /js/vue.js
[2017-01-13 18:27:28] INFO GET /js/masonry.js
[2017-01-13 18:27:28] INFO GET /js/dashboard.js
[2017-01-13 18:27:28] INFO GET /js/jquery.js
[2017-01-13 18:27:28] INFO GET /js/bootstrap.js
[2017-01-13 18:27:28] INFO GET /js/resize.js
[2017-01-13 18:27:28] INFO GET /js/fastclick.min.js
[2017-01-13 18:27:29] INFO GET /music/playlists
[2017-01-13 18:27:29] INFO State for music.playing requested.
[2017-01-13 18:27:29] INFO State for music.song requested.
[2017-01-13 18:27:29] INFO State for switches.switch_desk-leds requested.
[2017-01-13 18:27:29] INFO State for switches.busy requested.
[2017-01-13 18:27:29] INFO State for switches.switch_desk-light requested.
[2017-01-13 18:27:29] INFO State for switches.busy requested.
[2017-01-13 18:29:39] INFO GET /
[2017-01-13 18:29:40] INFO Client disconnected from IO.
[2017-01-13 18:29:40] INFO GET /css/framework.css
[2017-01-13 18:29:40] INFO GET /js/vue.js
[2017-01-13 18:29:40] INFO GET /js/masonry.js
[2017-01-13 18:29:40] INFO GET /js/dashboard.js
[2017-01-13 18:29:40] INFO GET /js/jquery.js
[2017-01-13 18:29:40] INFO GET /js/bootstrap.js
[2017-01-13 18:29:40] INFO GET /js/resize.js
[2017-01-13 18:29:40] INFO GET /js/fastclick.min.js
[2017-01-13 18:29:40] INFO GET /music/playlists
[2017-01-13 18:29:40] INFO State for music.playing requested.
[2017-01-13 18:29:40] INFO State for music.song requested.
[2017-01-13 18:29:40] INFO State for switches.switch_desk-leds requested.
[2017-01-13 18:29:40] INFO State for switches.busy requested.
[2017-01-13 18:29:40] INFO State for switches.switch_desk-light requested.
[2017-01-13 18:29:40] INFO State for switches.busy requested.
[2017-01-13 18:30:02] INFO GET /
[2017-01-13 18:30:02] INFO Client disconnected from IO.
[2017-01-13 18:30:02] INFO GET /css/framework.css
[2017-01-13 18:30:02] INFO GET /js/vue.js
[2017-01-13 18:30:02] INFO GET /js/masonry.js
[2017-01-13 18:30:02] INFO GET /js/dashboard.js
[2017-01-13 18:30:02] INFO GET /js/jquery.js
[2017-01-13 18:30:02] INFO GET /js/bootstrap.js
[2017-01-13 18:30:02] INFO GET /js/resize.js
[2017-01-13 18:30:02] INFO GET /js/fastclick.min.js
[2017-01-13 18:30:02] INFO GET /music/playlists
[2017-01-13 18:30:03] INFO State for music.playing requested.
[2017-01-13 18:30:03] INFO State for music.song requested.
[2017-01-13 18:30:03] INFO State for switches.switch_desk-leds requested.
[2017-01-13 18:30:03] INFO State for switches.busy requested.
[2017-01-13 18:30:03] INFO State for switches.switch_desk-light requested.
[2017-01-13 18:30:03] INFO State for switches.busy requested.
[2017-01-13 18:30:08] INFO GET /css/framework.css
[2017-01-13 18:30:21] INFO Received command to execute action music.pause
[2017-01-13 18:30:21] INFO State at music.playing was updated with false
[2017-01-13 18:48:42] INFO GET /
[2017-01-13 18:48:42] INFO Client disconnected from IO.
[2017-01-13 18:48:42] INFO GET /css/framework.css
[2017-01-13 18:48:42] INFO GET /js/vue.js
[2017-01-13 18:48:42] INFO GET /js/masonry.js
[2017-01-13 18:48:42] INFO GET /js/dashboard.js
[2017-01-13 18:48:42] INFO GET /js/jquery.js
[2017-01-13 18:48:42] INFO GET /js/bootstrap.js
[2017-01-13 18:48:42] INFO GET /js/resize.js
[2017-01-13 18:48:42] INFO GET /js/fastclick.min.js
[2017-01-13 18:48:43] INFO GET /music/playlists
[2017-01-13 18:48:43] INFO State for music.playing requested.
[2017-01-13 18:48:43] INFO State for music.song requested.
[2017-01-13 18:48:43] INFO State for switches.switch_desk-leds requested.
[2017-01-13 18:48:43] INFO State for switches.busy requested.
[2017-01-13 18:48:43] INFO State for switches.switch_desk-light requested.
[2017-01-13 18:48:43] INFO State for switches.busy requested.
[2017-01-13 18:50:08] INFO GET /
[2017-01-13 18:50:08] INFO Client disconnected from IO.
[2017-01-13 18:50:08] INFO GET /css/framework.css
[2017-01-13 18:50:08] INFO GET /js/vue.js
[2017-01-13 18:50:08] INFO GET /js/masonry.js
[2017-01-13 18:50:08] INFO GET /js/dashboard.js
[2017-01-13 18:50:08] INFO GET /js/jquery.js
[2017-01-13 18:50:08] INFO GET /js/bootstrap.js
[2017-01-13 18:50:08] INFO GET /js/resize.js
[2017-01-13 18:50:08] INFO GET /js/fastclick.min.js
[2017-01-13 18:50:08] INFO GET /music/playlists
[2017-01-13 18:50:09] INFO State for music.playing requested.
[2017-01-13 18:50:09] INFO State for music.song requested.
[2017-01-13 18:50:09] INFO State for switches.switch_desk-leds requested.
[2017-01-13 18:50:09] INFO State for switches.busy requested.
[2017-01-13 18:50:09] INFO State for switches.switch_desk-light requested.
[2017-01-13 18:50:09] INFO State for switches.busy requested.
[2017-01-13 18:50:12] INFO GET /
[2017-01-13 18:50:12] INFO Client disconnected from IO.
[2017-01-13 18:50:12] INFO GET /css/framework.css
[2017-01-13 18:50:12] INFO GET /js/vue.js
[2017-01-13 18:50:12] INFO GET /js/masonry.js
[2017-01-13 18:50:12] INFO GET /js/dashboard.js
[2017-01-13 18:50:12] INFO GET /js/jquery.js
[2017-01-13 18:50:12] INFO GET /js/bootstrap.js
[2017-01-13 18:50:12] INFO GET /js/resize.js
[2017-01-13 18:50:12] INFO GET /js/fastclick.min.js
[2017-01-13 18:50:12] INFO GET /music/playlists
[2017-01-13 18:50:13] INFO State for music.playing requested.
[2017-01-13 18:50:13] INFO State for music.song requested.
[2017-01-13 18:50:13] INFO State for switches.switch_desk-leds requested.
[2017-01-13 18:50:13] INFO State for switches.busy requested.
[2017-01-13 18:50:13] INFO State for switches.switch_desk-light requested.
[2017-01-13 18:50:13] INFO State for switches.busy requested.
[2017-01-13 18:51:35] INFO GET /
[2017-01-13 18:51:35] INFO Client disconnected from IO.
[2017-01-13 18:51:35] INFO GET /css/framework.css
[2017-01-13 18:51:35] INFO GET /js/vue.js
[2017-01-13 18:51:35] INFO GET /js/masonry.js
[2017-01-13 18:51:35] INFO GET /js/dashboard.js
[2017-01-13 18:51:35] INFO GET /js/jquery.js
[2017-01-13 18:51:35] INFO GET /js/bootstrap.js
[2017-01-13 18:51:35] INFO GET /js/resize.js
[2017-01-13 18:51:36] INFO GET /js/fastclick.min.js
[2017-01-13 18:51:36] INFO GET /music/playlists
[2017-01-13 18:51:36] INFO State for music.playing requested.
[2017-01-13 18:51:36] INFO State for music.song requested.
[2017-01-13 18:51:36] INFO State for switches.switch_desk-leds requested.
[2017-01-13 18:51:36] INFO State for switches.busy requested.
[2017-01-13 18:51:36] INFO State for switches.switch_desk-light requested.
[2017-01-13 18:51:36] INFO State for switches.busy requested.
[2017-01-13 18:52:05] INFO GET /
[2017-01-13 18:52:05] INFO Client disconnected from IO.
[2017-01-13 18:52:05] INFO GET /css/framework.css
[2017-01-13 18:52:05] INFO GET /js/vue.js
[2017-01-13 18:52:05] INFO GET /js/masonry.js
[2017-01-13 18:52:05] INFO GET /js/dashboard.js
[2017-01-13 18:52:05] INFO GET /js/jquery.js
[2017-01-13 18:52:05] INFO GET /js/bootstrap.js
[2017-01-13 18:52:05] INFO GET /js/resize.js
[2017-01-13 18:52:05] INFO GET /js/fastclick.min.js
[2017-01-13 18:52:05] INFO GET /music/playlists
[2017-01-13 18:52:06] INFO State for music.playing requested.
[2017-01-13 18:52:06] INFO State for music.song requested.
[2017-01-13 18:52:06] INFO State for switches.switch_desk-leds requested.
[2017-01-13 18:52:06] INFO State for switches.busy requested.
[2017-01-13 18:52:06] INFO State for switches.switch_desk-light requested.
[2017-01-13 18:52:06] INFO State for switches.busy requested.
[2017-01-13 18:59:35] INFO GET /
[2017-01-13 18:59:35] INFO Client disconnected from IO.
[2017-01-13 18:59:35] INFO GET /css/framework.css
[2017-01-13 18:59:35] INFO GET /js/vue.js
[2017-01-13 18:59:35] INFO GET /js/masonry.js
[2017-01-13 18:59:35] INFO GET /js/dashboard.js
[2017-01-13 18:59:35] INFO GET /js/jquery.js
[2017-01-13 18:59:35] INFO GET /js/bootstrap.js
[2017-01-13 18:59:35] INFO GET /js/resize.js
[2017-01-13 18:59:35] INFO GET /js/fastclick.min.js
[2017-01-13 18:59:36] INFO GET /music/playlists
[2017-01-13 18:59:36] INFO State for music.playing requested.
[2017-01-13 18:59:36] INFO State for music.song requested.
[2017-01-13 18:59:36] INFO State for switches.switch_desk-leds requested.
[2017-01-13 18:59:36] INFO State for switches.busy requested.
[2017-01-13 18:59:36] INFO State for switches.switch_desk-light requested.
[2017-01-13 18:59:36] INFO State for switches.busy requested.
[2017-01-13 19:01:06] INFO GET /
[2017-01-13 19:01:06] INFO Client disconnected from IO.
[2017-01-13 19:01:06] INFO GET /css/framework.css
[2017-01-13 19:01:06] INFO GET /js/vue.js
[2017-01-13 19:01:07] INFO GET /js/masonry.js
[2017-01-13 19:01:07] INFO GET /js/dashboard.js
[2017-01-13 19:01:07] INFO GET /js/jquery.js
[2017-01-13 19:01:07] INFO GET /js/bootstrap.js
[2017-01-13 19:01:07] INFO GET /js/resize.js
[2017-01-13 19:01:07] INFO GET /js/fastclick.min.js
[2017-01-13 19:01:07] INFO GET /music/playlists
[2017-01-13 19:01:07] INFO State for music.playing requested.
[2017-01-13 19:01:07] INFO State for music.song requested.
[2017-01-13 19:01:07] INFO State for switches.switch_desk-leds requested.
[2017-01-13 19:01:07] INFO State for switches.busy requested.
[2017-01-13 19:01:07] INFO State for switches.switch_desk-light requested.
[2017-01-13 19:01:07] INFO State for switches.busy requested.
[2017-01-13 19:01:30] INFO GET /
[2017-01-13 19:01:30] INFO Client disconnected from IO.
[2017-01-13 19:01:30] INFO GET /css/framework.css
[2017-01-13 19:01:30] INFO GET /js/vue.js
[2017-01-13 19:01:30] INFO GET /js/masonry.js
[2017-01-13 19:01:30] INFO GET /js/dashboard.js
[2017-01-13 19:01:30] INFO GET /js/jquery.js
[2017-01-13 19:01:30] INFO GET /js/bootstrap.js
[2017-01-13 19:01:30] INFO GET /js/resize.js
[2017-01-13 19:01:30] INFO GET /js/fastclick.min.js
[2017-01-13 19:01:30] INFO GET /music/playlists
[2017-01-13 19:01:31] INFO State for music.playing requested.
[2017-01-13 19:01:31] INFO State for music.song requested.
[2017-01-13 19:01:31] INFO State for switches.switch_desk-leds requested.
[2017-01-13 19:01:31] INFO State for switches.busy requested.
[2017-01-13 19:01:31] INFO State for switches.switch_desk-light requested.
[2017-01-13 19:01:31] INFO State for switches.busy requested.
[2017-01-13 19:01:43] INFO GET /
[2017-01-13 19:01:43] INFO Client disconnected from IO.
[2017-01-13 19:01:43] INFO GET /css/framework.css
[2017-01-13 19:01:43] INFO GET /js/vue.js
[2017-01-13 19:01:43] INFO GET /js/masonry.js
[2017-01-13 19:01:43] INFO GET /js/dashboard.js
[2017-01-13 19:01:43] INFO GET /js/jquery.js
[2017-01-13 19:01:43] INFO GET /js/bootstrap.js
[2017-01-13 19:01:43] INFO GET /js/resize.js
[2017-01-13 19:01:43] INFO GET /js/fastclick.min.js
[2017-01-13 19:01:44] INFO GET /music/playlists
[2017-01-13 19:01:44] INFO State for music.playing requested.
[2017-01-13 19:01:44] INFO State for music.song requested.
[2017-01-13 19:01:44] INFO State for switches.switch_desk-leds requested.
[2017-01-13 19:01:44] INFO State for switches.busy requested.
[2017-01-13 19:01:44] INFO State for switches.switch_desk-light requested.
[2017-01-13 19:01:44] INFO State for switches.busy requested.
[2017-01-13 19:01:59] INFO GET /
[2017-01-13 19:01:59] INFO Client disconnected from IO.
[2017-01-13 19:01:59] INFO GET /css/framework.css
[2017-01-13 19:01:59] INFO GET /js/vue.js
[2017-01-13 19:01:59] INFO GET /js/masonry.js
[2017-01-13 19:01:59] INFO GET /js/dashboard.js
[2017-01-13 19:01:59] INFO GET /js/jquery.js
[2017-01-13 19:01:59] INFO GET /js/bootstrap.js
[2017-01-13 19:01:59] INFO GET /js/resize.js
[2017-01-13 19:01:59] INFO GET /js/fastclick.min.js
[2017-01-13 19:01:59] INFO GET /music/playlists
[2017-01-13 19:02:00] INFO State for music.playing requested.
[2017-01-13 19:02:00] INFO State for music.song requested.
[2017-01-13 19:02:00] INFO State for switches.switch_desk-leds requested.
[2017-01-13 19:02:00] INFO State for switches.busy requested.
[2017-01-13 19:02:00] INFO State for switches.switch_desk-light requested.
[2017-01-13 19:02:00] INFO State for switches.busy requested.
[2017-01-13 19:02:26] INFO GET /
[2017-01-13 19:02:26] INFO Client disconnected from IO.
[2017-01-13 19:02:26] INFO GET /css/framework.css
[2017-01-13 19:02:26] INFO GET /js/vue.js
[2017-01-13 19:02:26] INFO GET /js/masonry.js
[2017-01-13 19:02:26] INFO GET /js/dashboard.js
[2017-01-13 19:02:26] INFO GET /js/jquery.js
[2017-01-13 19:02:26] INFO GET /js/bootstrap.js
[2017-01-13 19:02:26] INFO GET /js/resize.js
[2017-01-13 19:02:26] INFO GET /js/fastclick.min.js
[2017-01-13 19:02:27] INFO GET /music/playlists
[2017-01-13 19:02:27] INFO State for music.playing requested.
[2017-01-13 19:02:27] INFO State for music.song requested.
[2017-01-13 19:02:27] INFO State for switches.switch_desk-leds requested.
[2017-01-13 19:02:27] INFO State for switches.busy requested.
[2017-01-13 19:02:27] INFO State for switches.switch_desk-light requested.
[2017-01-13 19:02:27] INFO State for switches.busy requested.
[2017-01-13 19:02:29] INFO GET /
[2017-01-13 19:02:29] INFO Client disconnected from IO.
[2017-01-13 19:02:29] INFO GET /css/framework.css
[2017-01-13 19:02:29] INFO GET /js/vue.js
[2017-01-13 19:02:29] INFO GET /js/masonry.js
[2017-01-13 19:02:29] INFO GET /js/dashboard.js
[2017-01-13 19:02:29] INFO GET /js/jquery.js
[2017-01-13 19:02:29] INFO GET /js/bootstrap.js
[2017-01-13 19:02:29] INFO GET /js/resize.js
[2017-01-13 19:02:29] INFO GET /js/fastclick.min.js
[2017-01-13 19:02:30] INFO GET /music/playlists
[2017-01-13 19:02:30] INFO State for music.playing requested.
[2017-01-13 19:02:30] INFO State for music.song requested.
[2017-01-13 19:02:30] INFO State for switches.switch_desk-leds requested.
[2017-01-13 19:02:30] INFO State for switches.busy requested.
[2017-01-13 19:02:30] INFO State for switches.switch_desk-light requested.
[2017-01-13 19:02:30] INFO State for switches.busy requested.
[2017-01-13 19:02:59] INFO GET /
[2017-01-13 19:02:59] INFO Client disconnected from IO.
[2017-01-13 19:02:59] INFO GET /css/framework.css
[2017-01-13 19:02:59] INFO GET /js/vue.js
[2017-01-13 19:02:59] INFO GET /js/masonry.js
[2017-01-13 19:02:59] INFO GET /js/dashboard.js
[2017-01-13 19:02:59] INFO GET /js/jquery.js
[2017-01-13 19:02:59] INFO GET /js/bootstrap.js
[2017-01-13 19:02:59] INFO GET /js/resize.js
[2017-01-13 19:02:59] INFO GET /js/fastclick.min.js
[2017-01-13 19:03:00] INFO GET /music/playlists
[2017-01-13 19:03:00] INFO State for music.playing requested.
[2017-01-13 19:03:00] INFO State for music.song requested.
[2017-01-13 19:03:00] INFO State for switches.switch_desk-leds requested.
[2017-01-13 19:03:00] INFO State for switches.busy requested.
[2017-01-13 19:03:00] INFO State for switches.switch_desk-light requested.
[2017-01-13 19:03:00] INFO State for switches.busy requested.
[2017-01-13 19:03:07] INFO GET /
[2017-01-13 19:03:07] INFO Client disconnected from IO.
[2017-01-13 19:03:07] INFO GET /css/framework.css
[2017-01-13 19:03:07] INFO GET /js/vue.js
[2017-01-13 19:03:07] INFO GET /js/masonry.js
[2017-01-13 19:03:07] INFO GET /js/dashboard.js
[2017-01-13 19:03:07] INFO GET /js/jquery.js
[2017-01-13 19:03:07] INFO GET /js/bootstrap.js
[2017-01-13 19:03:07] INFO GET /js/resize.js
[2017-01-13 19:03:07] INFO GET /js/fastclick.min.js
[2017-01-13 19:03:08] INFO GET /music/playlists
[2017-01-13 19:03:08] INFO State for music.playing requested.
[2017-01-13 19:03:08] INFO State for music.song requested.
[2017-01-13 19:03:08] INFO State for switches.switch_desk-leds requested.
[2017-01-13 19:03:08] INFO State for switches.busy requested.
[2017-01-13 19:03:08] INFO State for switches.switch_desk-light requested.
[2017-01-13 19:03:08] INFO State for switches.busy requested.
[2017-01-13 19:03:13] INFO GET /
[2017-01-13 19:03:14] INFO Client disconnected from IO.
[2017-01-13 19:03:14] INFO GET /css/framework.css
[2017-01-13 19:03:14] INFO GET /js/vue.js
[2017-01-13 19:03:14] INFO GET /js/masonry.js
[2017-01-13 19:03:14] INFO GET /js/dashboard.js
[2017-01-13 19:03:14] INFO GET /js/jquery.js
[2017-01-13 19:03:14] INFO GET /js/bootstrap.js
[2017-01-13 19:03:14] INFO GET /js/resize.js
[2017-01-13 19:03:14] INFO GET /js/fastclick.min.js
[2017-01-13 19:03:14] INFO GET /music/playlists
[2017-01-13 19:03:14] INFO State for music.playing requested.
[2017-01-13 19:03:14] INFO State for music.song requested.
[2017-01-13 19:03:14] INFO State for switches.switch_desk-leds requested.
[2017-01-13 19:03:14] INFO State for switches.busy requested.
[2017-01-13 19:03:14] INFO State for switches.switch_desk-light requested.
[2017-01-13 19:03:14] INFO State for switches.busy requested.
[2017-01-13 19:03:26] INFO GET /
[2017-01-13 19:03:26] INFO Client disconnected from IO.
[2017-01-13 19:03:26] INFO GET /css/framework.css
[2017-01-13 19:03:26] INFO GET /js/vue.js
[2017-01-13 19:03:26] INFO GET /js/masonry.js
[2017-01-13 19:03:26] INFO GET /js/dashboard.js
[2017-01-13 19:03:26] INFO GET /js/jquery.js
[2017-01-13 19:03:26] INFO GET /js/bootstrap.js
[2017-01-13 19:03:26] INFO GET /js/resize.js
[2017-01-13 19:03:26] INFO GET /js/fastclick.min.js
[2017-01-13 19:03:27] INFO GET /music/playlists
[2017-01-13 19:03:27] INFO State for music.playing requested.
[2017-01-13 19:03:27] INFO State for music.song requested.
[2017-01-13 19:03:27] INFO State for switches.switch_desk-leds requested.
[2017-01-13 19:03:27] INFO State for switches.busy requested.
[2017-01-13 19:03:27] INFO State for switches.switch_desk-light requested.
[2017-01-13 19:03:27] INFO State for switches.busy requested.
[2017-01-13 19:03:32] INFO GET /
[2017-01-13 19:03:32] INFO Client disconnected from IO.
[2017-01-13 19:03:32] INFO GET /css/framework.css
[2017-01-13 19:03:32] INFO GET /js/vue.js
[2017-01-13 19:03:33] INFO GET /js/masonry.js
[2017-01-13 19:03:33] INFO GET /js/dashboard.js
[2017-01-13 19:03:33] INFO GET /js/jquery.js
[2017-01-13 19:03:33] INFO GET /js/bootstrap.js
[2017-01-13 19:03:33] INFO GET /js/resize.js
[2017-01-13 19:03:33] INFO GET /js/fastclick.min.js
[2017-01-13 19:03:33] INFO GET /music/playlists
[2017-01-13 19:03:33] INFO State for music.playing requested.
[2017-01-13 19:03:33] INFO State for music.song requested.
[2017-01-13 19:03:33] INFO State for switches.switch_desk-leds requested.
[2017-01-13 19:03:33] INFO State for switches.busy requested.
[2017-01-13 19:03:33] INFO State for switches.switch_desk-light requested.
[2017-01-13 19:03:33] INFO State for switches.busy requested.
[2017-01-13 19:03:48] INFO GET /
[2017-01-13 19:03:48] INFO Client disconnected from IO.
[2017-01-13 19:03:48] INFO GET /css/framework.css
[2017-01-13 19:03:48] INFO GET /js/vue.js
[2017-01-13 19:03:48] INFO GET /js/masonry.js
[2017-01-13 19:03:48] INFO GET /js/dashboard.js
[2017-01-13 19:03:48] INFO GET /js/jquery.js
[2017-01-13 19:03:48] INFO GET /js/bootstrap.js
[2017-01-13 19:03:48] INFO GET /js/resize.js
[2017-01-13 19:03:48] INFO GET /js/fastclick.min.js
[2017-01-13 19:03:49] INFO GET /music/playlists
[2017-01-13 19:03:49] INFO State for music.playing requested.
[2017-01-13 19:03:49] INFO State for music.song requested.
[2017-01-13 19:03:49] INFO State for switches.switch_desk-leds requested.
[2017-01-13 19:03:49] INFO State for switches.busy requested.
[2017-01-13 19:03:49] INFO State for switches.switch_desk-light requested.
[2017-01-13 19:03:49] INFO State for switches.busy requested.
[2017-01-13 19:04:07] INFO GET /
[2017-01-13 19:04:07] INFO Client disconnected from IO.
[2017-01-13 19:04:07] INFO GET /css/framework.css
[2017-01-13 19:04:07] INFO GET /js/vue.js
[2017-01-13 19:04:07] INFO GET /js/masonry.js
[2017-01-13 19:04:07] INFO GET /js/dashboard.js
[2017-01-13 19:04:07] INFO GET /js/jquery.js
[2017-01-13 19:04:07] INFO GET /js/bootstrap.js
[2017-01-13 19:04:07] INFO GET /js/resize.js
[2017-01-13 19:04:07] INFO GET /js/fastclick.min.js
[2017-01-13 19:04:08] INFO GET /music/playlists
[2017-01-13 19:04:08] INFO State for music.playing requested.
[2017-01-13 19:04:08] INFO State for music.song requested.
[2017-01-13 19:04:08] INFO State for switches.switch_desk-leds requested.
[2017-01-13 19:04:08] INFO State for switches.busy requested.
[2017-01-13 19:04:08] INFO State for switches.switch_desk-light requested.
[2017-01-13 19:04:08] INFO State for switches.busy requested.
[2017-01-13 19:04:10] INFO GET /
[2017-01-13 19:04:10] INFO Client disconnected from IO.
[2017-01-13 19:04:10] INFO GET /css/framework.css
[2017-01-13 19:04:10] INFO GET /js/vue.js
[2017-01-13 19:04:10] INFO GET /js/masonry.js
[2017-01-13 19:04:10] INFO GET /js/dashboard.js
[2017-01-13 19:04:10] INFO GET /js/jquery.js
[2017-01-13 19:04:10] INFO GET /js/bootstrap.js
[2017-01-13 19:04:10] INFO GET /js/resize.js
[2017-01-13 19:04:10] INFO GET /js/fastclick.min.js
[2017-01-13 19:04:11] INFO GET /music/playlists
[2017-01-13 19:04:11] INFO State for music.playing requested.
[2017-01-13 19:04:11] INFO State for music.song requested.
[2017-01-13 19:04:11] INFO State for switches.switch_desk-leds requested.
[2017-01-13 19:04:11] INFO State for switches.busy requested.
[2017-01-13 19:04:11] INFO State for switches.switch_desk-light requested.
[2017-01-13 19:04:11] INFO State for switches.busy requested.
[2017-01-13 19:04:33] INFO GET /
[2017-01-13 19:04:33] INFO Client disconnected from IO.
[2017-01-13 19:04:33] INFO GET /css/framework.css
[2017-01-13 19:04:33] INFO GET /js/vue.js
[2017-01-13 19:04:33] INFO GET /js/masonry.js
[2017-01-13 19:04:33] INFO GET /js/dashboard.js
[2017-01-13 19:04:33] INFO GET /js/jquery.js
[2017-01-13 19:04:33] INFO GET /js/bootstrap.js
[2017-01-13 19:04:34] INFO GET /js/resize.js
[2017-01-13 19:04:34] INFO GET /js/fastclick.min.js
[2017-01-13 19:04:34] INFO GET /music/playlists
[2017-01-13 19:04:35] INFO State for music.playing requested.
[2017-01-13 19:04:35] INFO State for music.song requested.
[2017-01-13 19:04:35] INFO State for switches.switch_desk-leds requested.
[2017-01-13 19:04:35] INFO State for switches.busy requested.
[2017-01-13 19:04:35] INFO State for switches.switch_desk-light requested.
[2017-01-13 19:04:35] INFO State for switches.busy requested.
[2017-01-13 19:05:25] INFO GET /
[2017-01-13 19:05:25] INFO Client disconnected from IO.
[2017-01-13 19:05:25] INFO GET /css/framework.css
[2017-01-13 19:05:25] INFO GET /js/vue.js
[2017-01-13 19:05:25] INFO GET /js/masonry.js
[2017-01-13 19:05:25] INFO GET /js/dashboard.js
[2017-01-13 19:05:25] INFO GET /js/jquery.js
[2017-01-13 19:05:25] INFO GET /js/bootstrap.js
[2017-01-13 19:05:25] INFO GET /js/resize.js
[2017-01-13 19:05:26] INFO GET /js/fastclick.min.js
[2017-01-13 19:05:26] INFO GET /music/playlists
[2017-01-13 19:05:26] INFO State for music.playing requested.
[2017-01-13 19:05:26] INFO State for music.song requested.
[2017-01-13 19:05:26] INFO State for switches.switch_desk-leds requested.
[2017-01-13 19:05:26] INFO State for switches.busy requested.
[2017-01-13 19:05:26] INFO State for switches.switch_desk-light requested.
[2017-01-13 19:05:26] INFO State for switches.busy requested.
[2017-01-13 19:05:56] INFO GET /
[2017-01-13 19:05:56] INFO Client disconnected from IO.
[2017-01-13 19:05:56] INFO GET /css/framework.css
[2017-01-13 19:05:56] INFO GET /js/vue.js
[2017-01-13 19:05:56] INFO GET /js/masonry.js
[2017-01-13 19:05:56] INFO GET /js/dashboard.js
[2017-01-13 19:05:56] INFO GET /js/jquery.js
[2017-01-13 19:05:56] INFO GET /js/bootstrap.js
[2017-01-13 19:05:56] INFO GET /js/resize.js
[2017-01-13 19:05:56] INFO GET /js/fastclick.min.js
[2017-01-13 19:05:57] INFO GET /music/playlists
[2017-01-13 19:05:57] INFO State for music.playing requested.
[2017-01-13 19:05:57] INFO State for music.song requested.
[2017-01-13 19:05:57] INFO State for switches.switch_desk-leds requested.
[2017-01-13 19:05:57] INFO State for switches.busy requested.
[2017-01-13 19:05:57] INFO State for switches.switch_desk-light requested.
[2017-01-13 19:05:57] INFO State for switches.busy requested.
[2017-01-13 19:12:09] INFO GET /
[2017-01-13 19:12:09] INFO Client disconnected from IO.
[2017-01-13 19:12:10] INFO GET /css/framework.css
[2017-01-13 19:12:10] INFO GET /js/vue.js
[2017-01-13 19:12:10] INFO GET /js/masonry.js
[2017-01-13 19:12:10] INFO GET /js/dashboard.js
[2017-01-13 19:12:10] INFO GET /js/jquery.js
[2017-01-13 19:12:10] INFO GET /js/bootstrap.js
[2017-01-13 19:12:10] INFO GET /js/resize.js
[2017-01-13 19:12:10] INFO GET /js/fastclick.min.js
[2017-01-13 19:12:10] INFO GET /music/playlists
[2017-01-13 19:12:11] INFO State for music.playing requested.
[2017-01-13 19:12:11] INFO State for music.song requested.
[2017-01-13 19:12:11] INFO State for switches.switch_desk-leds requested.
[2017-01-13 19:12:11] INFO State for switches.busy requested.
[2017-01-13 19:12:11] INFO State for switches.switch_desk-light requested.
[2017-01-13 19:12:11] INFO State for switches.busy requested.
[2017-01-13 19:12:20] INFO GET /
[2017-01-13 19:12:20] INFO Client disconnected from IO.
[2017-01-13 19:12:20] INFO GET /css/framework.css
[2017-01-13 19:12:20] INFO GET /js/vue.js
[2017-01-13 19:12:20] INFO GET /js/masonry.js
[2017-01-13 19:12:20] INFO GET /js/dashboard.js
[2017-01-13 19:12:20] INFO GET /js/jquery.js
[2017-01-13 19:12:20] INFO GET /js/bootstrap.js
[2017-01-13 19:12:20] INFO GET /js/resize.js
[2017-01-13 19:12:21] INFO GET /js/fastclick.min.js
[2017-01-13 19:12:21] INFO GET /music/playlists
[2017-01-13 19:12:21] INFO State for music.playing requested.
[2017-01-13 19:12:21] INFO State for music.song requested.
[2017-01-13 19:12:21] INFO State for switches.switch_desk-leds requested.
[2017-01-13 19:12:21] INFO State for switches.busy requested.
[2017-01-13 19:12:21] INFO State for switches.switch_desk-light requested.
[2017-01-13 19:12:21] INFO State for switches.busy requested.
[2017-01-13 19:12:35] INFO GET /
[2017-01-13 19:12:36] INFO Client disconnected from IO.
[2017-01-13 19:12:36] INFO GET /css/framework.css
[2017-01-13 19:12:36] INFO GET /js/vue.js
[2017-01-13 19:12:36] INFO GET /js/masonry.js
[2017-01-13 19:12:36] INFO GET /js/dashboard.js
[2017-01-13 19:12:36] INFO GET /js/jquery.js
[2017-01-13 19:12:36] INFO GET /js/bootstrap.js
[2017-01-13 19:12:36] INFO GET /js/resize.js
[2017-01-13 19:12:36] INFO GET /js/fastclick.min.js
[2017-01-13 19:12:36] INFO GET /music/playlists
[2017-01-13 19:12:37] INFO State for music.playing requested.
[2017-01-13 19:12:37] INFO State for music.song requested.
[2017-01-13 19:12:37] INFO State for switches.switch_desk-leds requested.
[2017-01-13 19:12:37] INFO State for switches.busy requested.
[2017-01-13 19:12:37] INFO State for switches.switch_desk-light requested.
[2017-01-13 19:12:37] INFO State for switches.busy requested.
[2017-01-13 19:13:00] INFO GET /
[2017-01-13 19:13:00] INFO Client disconnected from IO.
[2017-01-13 19:13:00] INFO GET /css/framework.css
[2017-01-13 19:13:00] INFO GET /js/vue.js
[2017-01-13 19:13:00] INFO GET /js/masonry.js
[2017-01-13 19:13:00] INFO GET /js/dashboard.js
[2017-01-13 19:13:00] INFO GET /js/jquery.js
[2017-01-13 19:13:00] INFO GET /js/bootstrap.js
[2017-01-13 19:13:00] INFO GET /js/resize.js
[2017-01-13 19:13:00] INFO GET /js/fastclick.min.js
[2017-01-13 19:13:00] INFO GET /music/playlists
[2017-01-13 19:13:01] INFO State for music.playing requested.
[2017-01-13 19:13:01] INFO State for music.song requested.
[2017-01-13 19:13:01] INFO State for switches.switch_desk-leds requested.
[2017-01-13 19:13:01] INFO State for switches.busy requested.
[2017-01-13 19:13:01] INFO State for switches.switch_desk-light requested.
[2017-01-13 19:13:01] INFO State for switches.busy requested.
[2017-01-13 19:13:36] INFO GET /
[2017-01-13 19:13:36] INFO Client disconnected from IO.
[2017-01-13 19:13:36] INFO GET /css/framework.css
[2017-01-13 19:13:36] INFO GET /js/vue.js
[2017-01-13 19:13:36] INFO GET /js/masonry.js
[2017-01-13 19:13:36] INFO GET /js/dashboard.js
[2017-01-13 19:13:36] INFO GET /js/jquery.js
[2017-01-13 19:13:36] INFO GET /js/bootstrap.js
[2017-01-13 19:13:36] INFO GET /js/resize.js
[2017-01-13 19:13:36] INFO GET /js/fastclick.min.js
[2017-01-13 19:13:36] INFO GET /music/playlists
[2017-01-13 19:13:37] INFO State for music.playing requested.
[2017-01-13 19:13:37] INFO State for music.song requested.
[2017-01-13 19:13:37] INFO State for switches.switch_desk-leds requested.
[2017-01-13 19:13:37] INFO State for switches.busy requested.
[2017-01-13 19:13:37] INFO State for switches.switch_desk-light requested.
[2017-01-13 19:13:37] INFO State for switches.busy requested.
[2017-01-13 19:13:55] INFO GET /
[2017-01-13 19:13:55] INFO Client disconnected from IO.
[2017-01-13 19:13:55] INFO GET /css/framework.css
[2017-01-13 19:13:55] INFO GET /js/vue.js
[2017-01-13 19:13:55] INFO GET /js/masonry.js
[2017-01-13 19:13:55] INFO GET /js/dashboard.js
[2017-01-13 19:13:55] INFO GET /js/jquery.js
[2017-01-13 19:13:55] INFO GET /js/bootstrap.js
[2017-01-13 19:13:55] INFO GET /js/resize.js
[2017-01-13 19:13:55] INFO GET /js/fastclick.min.js
[2017-01-13 19:13:56] INFO GET /music/playlists
[2017-01-13 19:13:56] INFO State for music.playing requested.
[2017-01-13 19:13:56] INFO State for music.song requested.
[2017-01-13 19:13:56] INFO State for switches.switch_desk-leds requested.
[2017-01-13 19:13:56] INFO State for switches.busy requested.
[2017-01-13 19:13:56] INFO State for switches.switch_desk-light requested.
[2017-01-13 19:13:56] INFO State for switches.busy requested.
[2017-01-13 19:14:09] INFO GET /
[2017-01-13 19:14:09] INFO Client disconnected from IO.
[2017-01-13 19:14:09] INFO GET /css/framework.css
[2017-01-13 19:14:09] INFO GET /js/vue.js
[2017-01-13 19:14:09] INFO GET /js/masonry.js
[2017-01-13 19:14:09] INFO GET /js/dashboard.js
[2017-01-13 19:14:09] INFO GET /js/jquery.js
[2017-01-13 19:14:09] INFO GET /js/bootstrap.js
[2017-01-13 19:14:09] INFO GET /js/resize.js
[2017-01-13 19:14:09] INFO GET /js/fastclick.min.js
[2017-01-13 19:14:10] INFO GET /music/playlists
[2017-01-13 19:14:10] INFO State for music.playing requested.
[2017-01-13 19:14:10] INFO State for music.song requested.
[2017-01-13 19:14:10] INFO State for switches.switch_desk-leds requested.
[2017-01-13 19:14:10] INFO State for switches.busy requested.
[2017-01-13 19:14:10] INFO State for switches.switch_desk-light requested.
[2017-01-13 19:14:10] INFO State for switches.busy requested.
[2017-01-13 19:38:08] INFO GET /
[2017-01-13 19:38:08] INFO Client disconnected from IO.
[2017-01-13 19:38:08] INFO GET /css/framework.css
[2017-01-13 19:38:08] INFO GET /js/vue.js
[2017-01-13 19:38:08] INFO GET /js/masonry.js
[2017-01-13 19:38:08] INFO GET /js/dashboard.js
[2017-01-13 19:38:08] INFO GET /js/jquery.js
[2017-01-13 19:38:08] INFO GET /js/bootstrap.js
[2017-01-13 19:38:08] INFO GET /js/resize.js
[2017-01-13 19:38:09] INFO GET /js/fastclick.min.js
[2017-01-13 19:38:09] INFO GET /music/playlists
[2017-01-13 19:38:10] INFO State for music.playing requested.
[2017-01-13 19:38:10] INFO State for music.song requested.
[2017-01-13 19:38:10] INFO State for switches.switch_desk-leds requested.
[2017-01-13 19:38:10] INFO State for switches.busy requested.
[2017-01-13 19:38:10] INFO State for switches.switch_desk-light requested.
[2017-01-13 19:38:10] INFO State for switches.busy requested.
[2017-01-13 19:38:42] INFO GET /css/framework.css
[2017-01-13 19:40:21] INFO GET /
[2017-01-13 19:40:21] INFO Client disconnected from IO.
[2017-01-13 19:40:21] INFO GET /css/framework.css
[2017-01-13 19:40:21] INFO GET /js/vue.js
[2017-01-13 19:40:21] INFO GET /js/masonry.js
[2017-01-13 19:40:21] INFO GET /js/dashboard.js
[2017-01-13 19:40:21] INFO GET /js/jquery.js
[2017-01-13 19:40:21] INFO GET /js/bootstrap.js
[2017-01-13 19:40:21] INFO GET /js/resize.js
[2017-01-13 19:40:21] INFO GET /js/fastclick.min.js
[2017-01-13 19:40:22] INFO GET /music/playlists
[2017-01-13 19:40:22] INFO State for music.playing requested.
[2017-01-13 19:40:22] INFO State for music.song requested.
[2017-01-13 19:40:22] INFO State for switches.switch_desk-leds requested.
[2017-01-13 19:40:22] INFO State for switches.busy requested.
[2017-01-13 19:40:22] INFO State for switches.switch_desk-light requested.
[2017-01-13 19:40:22] INFO State for switches.busy requested.
[2017-01-13 19:40:48] INFO GET /
[2017-01-13 19:40:49] INFO Client disconnected from IO.
[2017-01-13 19:40:49] INFO GET /css/framework.css
[2017-01-13 19:40:49] INFO GET /js/vue.js
[2017-01-13 19:40:49] INFO GET /js/masonry.js
[2017-01-13 19:40:49] INFO GET /js/dashboard.js
[2017-01-13 19:40:49] INFO GET /js/jquery.js
[2017-01-13 19:40:49] INFO GET /js/bootstrap.js
[2017-01-13 19:40:49] INFO GET /js/resize.js
[2017-01-13 19:40:49] INFO GET /js/fastclick.min.js
[2017-01-13 19:40:49] INFO GET /music/playlists
[2017-01-13 19:40:50] INFO State for music.playing requested.
[2017-01-13 19:40:50] INFO State for music.song requested.
[2017-01-13 19:40:50] INFO State for switches.switch_desk-leds requested.
[2017-01-13 19:40:50] INFO State for switches.busy requested.
[2017-01-13 19:40:50] INFO State for switches.switch_desk-light requested.
[2017-01-13 19:40:50] INFO State for switches.busy requested.
[2017-01-13 19:42:21] INFO GET /
[2017-01-13 19:42:21] INFO Client disconnected from IO.
[2017-01-13 19:42:21] INFO GET /css/framework.css
[2017-01-13 19:42:21] INFO GET /js/vue.js
[2017-01-13 19:42:21] INFO GET /js/masonry.js
[2017-01-13 19:42:21] INFO GET /js/dashboard.js
[2017-01-13 19:42:21] INFO GET /js/jquery.js
[2017-01-13 19:42:21] INFO GET /js/bootstrap.js
[2017-01-13 19:42:21] INFO GET /js/resize.js
[2017-01-13 19:42:22] INFO GET /js/fastclick.min.js
[2017-01-13 19:42:22] INFO GET /music/playlists
[2017-01-13 19:42:23] INFO State for music.playing requested.
[2017-01-13 19:42:23] INFO State for music.song requested.
[2017-01-13 19:42:23] INFO State for switches.switch_desk-leds requested.
[2017-01-13 19:42:23] INFO State for switches.busy requested.
[2017-01-13 19:42:23] INFO State for switches.switch_desk-light requested.
[2017-01-13 19:42:23] INFO State for switches.busy requested.
[2017-01-13 19:43:25] INFO GET /
[2017-01-13 19:43:25] INFO Client disconnected from IO.
[2017-01-13 19:43:25] INFO GET /css/framework.css
[2017-01-13 19:43:25] INFO GET /js/vue.js
[2017-01-13 19:43:25] INFO GET /js/masonry.js
[2017-01-13 19:43:25] INFO GET /js/dashboard.js
[2017-01-13 19:43:25] INFO GET /js/jquery.js
[2017-01-13 19:43:25] INFO GET /js/bootstrap.js
[2017-01-13 19:43:26] INFO GET /js/resize.js
[2017-01-13 19:43:26] INFO GET /js/fastclick.min.js
[2017-01-13 19:43:26] INFO GET /music/playlists
[2017-01-13 19:43:27] INFO State for music.playing requested.
[2017-01-13 19:43:27] INFO State for music.song requested.
[2017-01-13 19:43:27] INFO State for switches.switch_desk-leds requested.
[2017-01-13 19:43:27] INFO State for switches.busy requested.
[2017-01-13 19:43:27] INFO State for switches.switch_desk-light requested.
[2017-01-13 19:43:27] INFO State for switches.busy requested.
[2017-01-13 19:43:50] INFO GET /
[2017-01-13 19:43:50] INFO Client disconnected from IO.
[2017-01-13 19:43:50] INFO GET /css/framework.css
[2017-01-13 19:43:50] INFO GET /js/vue.js
[2017-01-13 19:43:50] INFO GET /js/masonry.js
[2017-01-13 19:43:50] INFO GET /js/dashboard.js
[2017-01-13 19:43:50] INFO GET /js/jquery.js
[2017-01-13 19:43:50] INFO GET /js/bootstrap.js
[2017-01-13 19:43:50] INFO GET /js/resize.js
[2017-01-13 19:43:50] INFO GET /js/fastclick.min.js
[2017-01-13 19:43:51] INFO GET /music/playlists
[2017-01-13 19:43:51] INFO State for music.playing requested.
[2017-01-13 19:43:51] INFO State for music.song requested.
[2017-01-13 19:43:51] INFO State for switches.switch_desk-leds requested.
[2017-01-13 19:43:51] INFO State for switches.busy requested.
[2017-01-13 19:43:51] INFO State for switches.switch_desk-light requested.
[2017-01-13 19:43:51] INFO State for switches.busy requested.
[2017-01-13 19:46:32] INFO GET /css/framework.css
[2017-01-13 19:51:55] INFO GET /
[2017-01-13 19:51:55] INFO Client disconnected from IO.
[2017-01-13 19:51:55] INFO GET /css/framework.css
[2017-01-13 19:51:55] INFO GET /js/vue.js
[2017-01-13 19:51:55] INFO GET /js/masonry.js
[2017-01-13 19:51:55] INFO GET /js/dashboard.js
[2017-01-13 19:51:55] INFO GET /js/jquery.js
[2017-01-13 19:51:55] INFO GET /js/bootstrap.js
[2017-01-13 19:51:55] INFO GET /js/resize.js
[2017-01-13 19:51:55] INFO GET /js/fastclick.min.js
[2017-01-13 19:51:55] INFO GET /music/playlists
[2017-01-13 19:51:56] INFO State for music.playing requested.
[2017-01-13 19:51:56] INFO State for music.song requested.
[2017-01-13 19:51:56] INFO State for switches.switch_desk-leds requested.
[2017-01-13 19:51:56] INFO State for switches.busy requested.
[2017-01-13 19:51:56] INFO State for switches.switch_desk-light requested.
[2017-01-13 19:51:56] INFO State for switches.busy requested.
[2017-01-13 19:52:07] INFO GET /
[2017-01-13 19:52:07] INFO Client disconnected from IO.
[2017-01-13 19:52:07] INFO GET /css/framework.css
[2017-01-13 19:52:07] INFO GET /js/vue.js
[2017-01-13 19:52:07] INFO GET /js/masonry.js
[2017-01-13 19:52:07] INFO GET /js/dashboard.js
[2017-01-13 19:52:07] INFO GET /js/jquery.js
[2017-01-13 19:52:07] INFO GET /js/bootstrap.js
[2017-01-13 19:52:07] INFO GET /js/resize.js
[2017-01-13 19:52:07] INFO GET /js/fastclick.min.js
[2017-01-13 19:52:08] INFO GET /music/playlists
[2017-01-13 19:52:08] INFO State for music.playing requested.
[2017-01-13 19:52:08] INFO State for music.song requested.
[2017-01-13 19:52:08] INFO State for switches.switch_desk-leds requested.
[2017-01-13 19:52:08] INFO State for switches.busy requested.
[2017-01-13 19:52:08] INFO State for switches.switch_desk-light requested.
[2017-01-13 19:52:08] INFO State for switches.busy requested.
[2017-01-13 19:52:14] INFO GET /
[2017-01-13 19:52:14] INFO Client disconnected from IO.
[2017-01-13 19:52:14] INFO GET /css/framework.css
[2017-01-13 19:52:14] INFO GET /js/vue.js
[2017-01-13 19:52:14] INFO GET /js/masonry.js
[2017-01-13 19:52:14] INFO GET /js/dashboard.js
[2017-01-13 19:52:14] INFO GET /js/jquery.js
[2017-01-13 19:52:14] INFO GET /js/bootstrap.js
[2017-01-13 19:52:14] INFO GET /js/resize.js
[2017-01-13 19:52:14] INFO GET /js/fastclick.min.js
[2017-01-13 19:52:14] INFO GET /music/playlists
[2017-01-13 19:52:15] INFO State for music.playing requested.
[2017-01-13 19:52:15] INFO State for music.song requested.
[2017-01-13 19:52:15] INFO State for switches.switch_desk-leds requested.
[2017-01-13 19:52:15] INFO State for switches.busy requested.
[2017-01-13 19:52:15] INFO State for switches.switch_desk-light requested.
[2017-01-13 19:52:15] INFO State for switches.busy requested.
[2017-01-13 20:09:37] INFO GET /
[2017-01-13 20:09:37] INFO Client disconnected from IO.
[2017-01-13 20:09:37] INFO GET /css/framework.css
[2017-01-13 20:09:37] INFO GET /js/vue.js
[2017-01-13 20:09:37] INFO GET /js/masonry.js
[2017-01-13 20:09:37] INFO GET /js/dashboard.js
[2017-01-13 20:09:37] INFO GET /js/jquery.js
[2017-01-13 20:09:37] INFO GET /js/bootstrap.js
[2017-01-13 20:09:37] INFO GET /js/resize.js
[2017-01-13 20:09:37] INFO GET /js/fastclick.min.js
[2017-01-13 20:09:38] INFO GET /music/playlists
[2017-01-13 20:09:38] INFO State for music.playing requested.
[2017-01-13 20:09:38] INFO State for music.song requested.
[2017-01-13 20:09:38] INFO State for switches.switch_desk-leds requested.
[2017-01-13 20:09:38] INFO State for switches.busy requested.
[2017-01-13 20:09:38] INFO State for switches.switch_desk-light requested.
[2017-01-13 20:09:38] INFO State for switches.busy requested.
[2017-01-13 20:09:43] INFO Received command to execute action music.play
[2017-01-13 20:09:43] INFO State at music.song was updated with {
  "title": "Baby Got Back",
  "artist": "Sir Mix-A-Lot",
  "album": "Mack Daddy",
  "albumArt": "http://lh3.googleusercontent.com/8thx0DYy25IqkU3ngx1QTynxyg1Nju0HG-Wnh8lSn1bo1zMs1isPZmBt5UEr7Ui68PmeO-IW"
}
[2017-01-13 20:09:43] INFO State at music.playing was updated with true
[2017-01-13 20:10:25] INFO GET /css/framework.css
[2017-01-13 20:10:48] INFO GET /
[2017-01-13 20:10:48] INFO Client disconnected from IO.
[2017-01-13 20:10:48] INFO GET /css/framework.css
[2017-01-13 20:10:48] INFO GET /js/vue.js
[2017-01-13 20:10:48] INFO GET /js/masonry.js
[2017-01-13 20:10:48] INFO GET /js/dashboard.js
[2017-01-13 20:10:48] INFO GET /js/jquery.js
[2017-01-13 20:10:48] INFO GET /js/bootstrap.js
[2017-01-13 20:10:48] INFO GET /js/resize.js
[2017-01-13 20:10:48] INFO GET /js/fastclick.min.js
[2017-01-13 20:10:49] INFO GET /music/playlists
[2017-01-13 20:10:49] INFO State for music.playing requested.
[2017-01-13 20:10:49] INFO State for music.song requested.
[2017-01-13 20:10:49] INFO State for switches.switch_desk-leds requested.
[2017-01-13 20:10:49] INFO State for switches.busy requested.
[2017-01-13 20:10:49] INFO State for switches.switch_desk-light requested.
[2017-01-13 20:10:49] INFO State for switches.busy requested.
[2017-01-13 20:11:04] INFO GET /halbert
[2017-01-13 20:11:04] INFO Client disconnected from IO.
[2017-01-13 20:11:04] INFO GET /css/hal.css
[2017-01-13 20:11:04] INFO GET /js/halbert.js
[2017-01-13 20:11:06] INFO State for music.playing requested.
[2017-01-13 20:11:06] INFO State for music.song requested.
[2017-01-13 20:11:06] INFO State for switches.switch_desk-leds requested.
[2017-01-13 20:11:06] INFO State for switches.busy requested.
[2017-01-13 20:11:06] INFO State for switches.switch_desk-light requested.
[2017-01-13 20:11:06] INFO State for switches.busy requested.
[2017-01-13 20:13:41] INFO GET /
[2017-01-13 20:13:41] INFO Client disconnected from IO.
[2017-01-13 20:13:41] INFO GET /css/framework.css
[2017-01-13 20:13:41] INFO GET /js/masonry.js
[2017-01-13 20:13:41] INFO GET /js/jquery.js
[2017-01-13 20:13:41] INFO GET /js/vue.js
[2017-01-13 20:13:41] INFO GET /js/util.js
[2017-01-13 20:13:41] INFO GET /js/socket.js
[2017-01-13 20:13:41] INFO GET /js/components.js
[2017-01-13 20:13:41] INFO GET /js/resize.js
[2017-01-13 20:13:41] INFO GET /js/bootstrap.js
[2017-01-13 20:13:41] INFO GET /js/fastclick.min.js
[2017-01-13 20:13:42] INFO GET /js/util.js
[2017-01-13 20:13:42] INFO GET /js/socket.js
[2017-01-13 20:13:42] INFO GET /js/components.js
[2017-01-13 20:13:46] INFO GET /css/framework.css
[2017-01-13 20:14:00] INFO GET /
[2017-01-13 20:14:00] INFO GET /css/framework.css
[2017-01-13 20:14:00] INFO GET /js/vue.js
[2017-01-13 20:14:00] INFO GET /js/masonry.js
[2017-01-13 20:14:00] INFO GET /js/jquery.js
[2017-01-13 20:14:00] INFO GET /js/resize.js
[2017-01-13 20:14:00] INFO GET /js/dashboard/util.js
[2017-01-13 20:14:00] INFO GET /js/dashboard/socket.js
[2017-01-13 20:14:00] INFO GET /js/dashboard/components.js
[2017-01-13 20:14:00] INFO GET /js/bootstrap.js
[2017-01-13 20:14:00] INFO GET /js/fastclick.min.js
[2017-01-13 20:14:00] INFO GET /music/playlists
[2017-01-13 20:14:01] INFO State for music.playing requested.
[2017-01-13 20:14:01] INFO State for music.song requested.
[2017-01-13 20:14:01] INFO State for switches.switch_desk-leds requested.
[2017-01-13 20:14:01] INFO State for switches.busy requested.
[2017-01-13 20:14:01] INFO State for switches.switch_desk-light requested.
[2017-01-13 20:14:01] INFO State for switches.busy requested.
[2017-01-13 20:14:38] INFO GET /
[2017-01-13 20:14:38] INFO Client disconnected from IO.
[2017-01-13 20:14:38] INFO GET /css/framework.css
[2017-01-13 20:14:38] INFO GET /js/vue.js
[2017-01-13 20:14:38] INFO GET /js/masonry.js
[2017-01-13 20:14:38] INFO GET /js/jquery.js
[2017-01-13 20:14:38] INFO GET /js/resize.js
[2017-01-13 20:14:38] INFO GET /js/dashboard/util.js
[2017-01-13 20:14:38] INFO GET /js/dashboard/socket.js
[2017-01-13 20:14:38] INFO GET /js/dashboard/components.js
[2017-01-13 20:14:38] INFO GET /js/bootstrap.js
[2017-01-13 20:14:38] INFO GET /js/fastclick.min.js
[2017-01-13 20:14:38] INFO GET /music/playlists
[2017-01-13 20:14:39] INFO State for music.playing requested.
[2017-01-13 20:14:39] INFO State for music.song requested.
[2017-01-13 20:14:39] INFO State for switches.switch_desk-leds requested.
[2017-01-13 20:14:39] INFO State for switches.busy requested.
[2017-01-13 20:14:39] INFO State for switches.switch_desk-light requested.
[2017-01-13 20:14:39] INFO State for switches.busy requested.
[2017-01-13 20:15:37] INFO GET /
[2017-01-13 20:15:37] INFO Client disconnected from IO.
[2017-01-13 20:15:37] INFO GET /css/framework.css
[2017-01-13 20:15:37] INFO GET /js/vue.js
[2017-01-13 20:15:37] INFO GET /js/masonry.js
[2017-01-13 20:15:37] INFO GET /js/jquery.js
[2017-01-13 20:15:37] INFO GET /js/resize.js
[2017-01-13 20:15:37] INFO GET /js/dashboard/util.js
[2017-01-13 20:15:37] INFO GET /js/dashboard/socket.js
[2017-01-13 20:15:37] INFO GET /js/dashboard/components.js
[2017-01-13 20:15:37] INFO GET /js/bootstrap.js
[2017-01-13 20:15:37] INFO GET /js/fastclick.min.js
[2017-01-13 20:15:38] INFO GET /music/playlists
[2017-01-13 20:15:38] INFO State for music.playing requested.
[2017-01-13 20:15:38] INFO State for music.song requested.
[2017-01-13 20:15:38] INFO State for switches.switch_desk-leds requested.
[2017-01-13 20:15:38] INFO State for switches.busy requested.
[2017-01-13 20:15:38] INFO State for switches.switch_desk-light requested.
[2017-01-13 20:15:38] INFO State for switches.busy requested.
[2017-01-13 20:15:42] INFO GET /css/framework.css
[2017-01-13 20:17:20] INFO GET /
[2017-01-13 20:17:20] INFO Client disconnected from IO.
[2017-01-13 20:17:20] INFO GET /css/framework.css
[2017-01-13 20:17:20] INFO GET /js/vue.js
[2017-01-13 20:17:20] INFO GET /js/masonry.js
[2017-01-13 20:17:20] INFO GET /js/jquery.js
[2017-01-13 20:17:20] INFO GET /js/resize.js
[2017-01-13 20:17:20] INFO GET /js/dashboard/util.js
[2017-01-13 20:17:20] INFO GET /js/dashboard/socket.js
[2017-01-13 20:17:20] INFO GET /js/dashboard/components.js
[2017-01-13 20:17:20] INFO GET /js/bootstrap.js
[2017-01-13 20:17:20] INFO GET /js/fastclick.min.js
[2017-01-13 20:17:20] INFO GET /music/playlists
[2017-01-13 20:17:21] INFO State for music.playing requested.
[2017-01-13 20:17:21] INFO State for music.song requested.
[2017-01-13 20:17:21] INFO State for switches.switch_desk-leds requested.
[2017-01-13 20:17:21] INFO State for switches.busy requested.
[2017-01-13 20:17:21] INFO State for switches.switch_desk-light requested.
[2017-01-13 20:17:21] INFO State for switches.busy requested.
[2017-01-13 20:20:04] INFO GET /
[2017-01-13 20:20:04] INFO Client disconnected from IO.
[2017-01-13 20:20:04] INFO GET /css/framework.css
[2017-01-13 20:20:04] INFO GET /js/vue.js
[2017-01-13 20:20:04] INFO GET /js/masonry.js
[2017-01-13 20:20:04] INFO GET /js/jquery.js
[2017-01-13 20:20:04] INFO GET /js/resize.js
[2017-01-13 20:20:04] INFO GET /js/dashboard/util.js
[2017-01-13 20:20:04] INFO GET /js/dashboard/socket.js
[2017-01-13 20:20:04] INFO GET /js/dashboard/components.js
[2017-01-13 20:20:04] INFO GET /js/bootstrap.js
[2017-01-13 20:20:05] INFO GET /js/fastclick.min.js
[2017-01-13 20:20:05] INFO GET /music/playlists
[2017-01-13 20:20:06] INFO State for music.playing requested.
[2017-01-13 20:20:06] INFO State for music.song requested.
[2017-01-13 20:20:06] INFO State for switches.switch_desk-leds requested.
[2017-01-13 20:20:06] INFO State for switches.busy requested.
[2017-01-13 20:20:06] INFO State for switches.switch_desk-light requested.
[2017-01-13 20:20:06] INFO State for switches.busy requested.
[2017-01-13 20:20:50] INFO GET /
[2017-01-13 20:20:50] INFO Client disconnected from IO.
[2017-01-13 20:20:50] INFO GET /css/framework.css
[2017-01-13 20:20:50] INFO GET /js/vue.js
[2017-01-13 20:20:50] INFO GET /js/masonry.js
[2017-01-13 20:20:50] INFO GET /js/jquery.js
[2017-01-13 20:20:50] INFO GET /js/resize.js
[2017-01-13 20:20:50] INFO GET /js/dashboard/util.js
[2017-01-13 20:20:50] INFO GET /js/dashboard/socket.js
[2017-01-13 20:20:50] INFO GET /js/dashboard/components.js
[2017-01-13 20:20:50] INFO GET /js/bootstrap.js
[2017-01-13 20:20:50] INFO GET /js/fastclick.min.js
[2017-01-13 20:20:51] INFO GET /music/playlists
[2017-01-13 20:20:51] INFO State for music.playing requested.
[2017-01-13 20:20:51] INFO State for music.song requested.
[2017-01-13 20:20:51] INFO State for switches.switch_desk-leds requested.
[2017-01-13 20:20:51] INFO State for switches.busy requested.
[2017-01-13 20:20:51] INFO State for switches.switch_desk-light requested.
[2017-01-13 20:20:51] INFO State for switches.busy requested.
[2017-01-13 20:21:17] INFO Received command to execute action music.pause
[2017-01-13 20:21:17] INFO State at music.playing was updated with false
[2017-01-13 20:21:30] INFO GET /
[2017-01-13 20:21:30] INFO Client disconnected from IO.
[2017-01-13 20:21:30] INFO GET /css/framework.css
[2017-01-13 20:21:30] INFO GET /js/vue.js
[2017-01-13 20:21:30] INFO GET /js/masonry.js
[2017-01-13 20:21:30] INFO GET /js/jquery.js
[2017-01-13 20:21:30] INFO GET /js/resize.js
[2017-01-13 20:21:30] INFO GET /js/dashboard/util.js
[2017-01-13 20:21:30] INFO GET /js/dashboard/socket.js
[2017-01-13 20:21:30] INFO GET /js/dashboard/components.js
[2017-01-13 20:21:30] INFO GET /js/bootstrap.js
[2017-01-13 20:21:30] INFO GET /js/fastclick.min.js
[2017-01-13 20:21:30] INFO GET /music/playlists
[2017-01-13 20:21:31] INFO State for music.playing requested.
[2017-01-13 20:21:31] INFO State for music.song requested.
[2017-01-13 20:21:31] INFO State for switches.switch_desk-leds requested.
[2017-01-13 20:21:31] INFO State for switches.busy requested.
[2017-01-13 20:21:31] INFO State for switches.switch_desk-light requested.
[2017-01-13 20:21:31] INFO State for switches.busy requested.
[2017-01-13 20:21:39] INFO GET /
[2017-01-13 20:21:39] INFO Client disconnected from IO.
[2017-01-13 20:21:39] INFO GET /css/framework.css
[2017-01-13 20:21:39] INFO GET /js/vue.js
[2017-01-13 20:21:39] INFO GET /js/masonry.js
[2017-01-13 20:21:39] INFO GET /js/jquery.js
[2017-01-13 20:21:39] INFO GET /js/resize.js
[2017-01-13 20:21:39] INFO GET /js/dashboard/util.js
[2017-01-13 20:21:39] INFO GET /js/dashboard/socket.js
[2017-01-13 20:21:39] INFO GET /js/dashboard/components.js
[2017-01-13 20:21:39] INFO GET /js/bootstrap.js
[2017-01-13 20:21:39] INFO GET /js/fastclick.min.js
[2017-01-13 20:21:39] INFO GET /music/playlists
[2017-01-13 20:21:40] INFO State for music.playing requested.
[2017-01-13 20:21:40] INFO State for music.song requested.
[2017-01-13 20:21:40] INFO State for switches.switch_desk-leds requested.
[2017-01-13 20:21:40] INFO State for switches.busy requested.
[2017-01-13 20:21:40] INFO State for switches.switch_desk-light requested.
[2017-01-13 20:21:40] INFO State for switches.busy requested.
[2017-01-13 20:22:37] INFO GET /css/framework.css
[2017-01-13 20:23:09] INFO GET /
[2017-01-13 20:23:09] INFO Client disconnected from IO.
[2017-01-13 20:23:09] INFO GET /css/framework.css
[2017-01-13 20:23:09] INFO GET /js/vue.js
[2017-01-13 20:23:09] INFO GET /js/masonry.js
[2017-01-13 20:23:09] INFO GET /js/jquery.js
[2017-01-13 20:23:09] INFO GET /js/resize.js
[2017-01-13 20:23:09] INFO GET /js/dashboard/util.js
[2017-01-13 20:23:09] INFO GET /js/dashboard/socket.js
[2017-01-13 20:23:09] INFO GET /js/dashboard/components.js
[2017-01-13 20:23:09] INFO GET /js/bootstrap.js
[2017-01-13 20:23:10] INFO GET /js/fastclick.min.js
[2017-01-13 20:23:10] INFO GET /music/playlists
[2017-01-13 20:23:10] INFO State for music.playing requested.
[2017-01-13 20:23:10] INFO State for music.song requested.
[2017-01-13 20:23:10] INFO State for switches.switch_desk-leds requested.
[2017-01-13 20:23:10] INFO State for switches.busy requested.
[2017-01-13 20:23:10] INFO State for switches.switch_desk-light requested.
[2017-01-13 20:23:10] INFO State for switches.busy requested.
[2017-01-13 20:23:17] INFO GET /
[2017-01-13 20:23:17] INFO Client disconnected from IO.
[2017-01-13 20:23:17] INFO GET /css/framework.css
[2017-01-13 20:23:17] INFO GET /js/vue.js
[2017-01-13 20:23:17] INFO GET /js/masonry.js
[2017-01-13 20:23:17] INFO GET /js/jquery.js
[2017-01-13 20:23:17] INFO GET /js/resize.js
[2017-01-13 20:23:17] INFO GET /js/dashboard/util.js
[2017-01-13 20:23:17] INFO GET /js/dashboard/socket.js
[2017-01-13 20:23:17] INFO GET /js/dashboard/components.js
[2017-01-13 20:23:17] INFO GET /js/bootstrap.js
[2017-01-13 20:23:17] INFO GET /js/fastclick.min.js
[2017-01-13 20:23:17] INFO GET /music/playlists
[2017-01-13 20:23:17] INFO State for music.playing requested.
[2017-01-13 20:23:17] INFO State for music.song requested.
[2017-01-13 20:23:17] INFO State for switches.switch_desk-leds requested.
[2017-01-13 20:23:17] INFO State for switches.busy requested.
[2017-01-13 20:23:17] INFO State for switches.switch_desk-light requested.
[2017-01-13 20:23:17] INFO State for switches.busy requested.
[2017-01-13 20:23:21] INFO GET /
[2017-01-13 20:23:21] INFO Client disconnected from IO.
[2017-01-13 20:23:21] INFO GET /css/framework.css
[2017-01-13 20:23:21] INFO GET /js/vue.js
[2017-01-13 20:23:21] INFO GET /js/masonry.js
[2017-01-13 20:23:21] INFO GET /js/jquery.js
[2017-01-13 20:23:21] INFO GET /js/resize.js
[2017-01-13 20:23:21] INFO GET /js/dashboard/util.js
[2017-01-13 20:23:21] INFO GET /js/dashboard/socket.js
[2017-01-13 20:23:21] INFO GET /js/dashboard/components.js
[2017-01-13 20:23:21] INFO GET /js/bootstrap.js
[2017-01-13 20:23:21] INFO GET /js/fastclick.min.js
[2017-01-13 20:23:22] INFO GET /music/playlists
[2017-01-13 20:23:22] INFO State for music.playing requested.
[2017-01-13 20:23:22] INFO State for music.song requested.
[2017-01-13 20:23:22] INFO State for switches.switch_desk-leds requested.
[2017-01-13 20:23:22] INFO State for switches.busy requested.
[2017-01-13 20:23:22] INFO State for switches.switch_desk-light requested.
[2017-01-13 20:23:22] INFO State for switches.busy requested.
[2017-01-13 20:25:01] INFO GET /
[2017-01-13 20:25:01] INFO Client disconnected from IO.
[2017-01-13 20:25:01] INFO GET /css/framework.css
[2017-01-13 20:25:01] INFO GET /js/vue.js
[2017-01-13 20:25:01] INFO GET /js/masonry.js
[2017-01-13 20:25:01] INFO GET /js/jquery.js
[2017-01-13 20:25:01] INFO GET /js/resize.js
[2017-01-13 20:25:01] INFO GET /js/dashboard/util.js
[2017-01-13 20:25:01] INFO GET /js/dashboard/socket.js
[2017-01-13 20:25:01] INFO GET /js/dashboard/components.js
[2017-01-13 20:25:01] INFO GET /js/bootstrap.js
[2017-01-13 20:25:01] INFO GET /js/fastclick.min.js
[2017-01-13 20:25:01] INFO GET /music/playlists
[2017-01-13 20:25:02] INFO State for music.playing requested.
[2017-01-13 20:25:02] INFO State for music.song requested.
[2017-01-13 20:25:02] INFO State for switches.switch_desk-leds requested.
[2017-01-13 20:25:02] INFO State for switches.busy requested.
[2017-01-13 20:25:02] INFO State for switches.switch_desk-light requested.
[2017-01-13 20:25:02] INFO State for switches.busy requested.
[2017-01-13 20:25:12] INFO Received command to execute action music.play
[2017-01-13 20:25:12] INFO State at music.song was updated with {
  "title": "I See Fire",
  "artist": "Ed Sheeran",
  "album": "The Hobbit - The Desolation Of Smaug (Original Motion Picture Soundtrack / Special Edition)",
  "albumArt": "http://lh3.googleusercontent.com/CDj6SeAKQn6x2qg5Q7frrjFi6E7v_WDI3clrFCb-xrNy6qsmTi-f938T0KZ0JAZUwW2RTHzp"
}
[2017-01-13 20:25:12] INFO State at music.playing was updated with true
[2017-01-13 20:25:15] INFO Received command to execute action switch.on
[2017-01-13 20:25:15] INFO State at switches.busy was updated with true
[2017-01-13 20:25:15] INFO State at switches.switch_desk-leds was updated with {
  "state": true
}
[2017-01-13 20:25:15] INFO State at switches.busy was updated with false
[2017-01-13 20:25:15] INFO Received command to execute action switch.off
[2017-01-13 20:25:15] INFO State at switches.busy was updated with true
[2017-01-13 20:25:15] INFO State at switches.switch_desk-leds was updated with {
  "state": false
}
[2017-01-13 20:25:16] INFO State at switches.busy was updated with false
[2017-01-13 20:25:21] INFO Received command to execute action voice-input.parse
[2017-01-13 20:25:22] INFO API.ai query for 'turn on the desk ideas'.
[2017-01-13 20:25:22] INFO State at switches.busy was updated with true
[2017-01-13 20:25:22] INFO State at switches.switch_desk-leds was updated with {
  "state": true
}
[2017-01-13 20:25:22] INFO State at switches.busy was updated with false
[2017-01-13 20:25:26] INFO Received command to execute action voice-input.parse
[2017-01-13 20:25:27] INFO API.ai query for 'turn on the desk light'.
[2017-01-13 20:25:27] INFO State at switches.busy was updated with true
[2017-01-13 20:25:27] INFO State at switches.switch_desk-light was updated with {
  "state": true
}
[2017-01-13 20:25:27] INFO State at switches.busy was updated with false
[2017-01-13 20:25:28] INFO Received command to execute action switch.off
[2017-01-13 20:25:28] INFO State at switches.busy was updated with true
[2017-01-13 20:25:28] INFO State at switches.switch_desk-light was updated with {
  "state": false
}
[2017-01-13 20:25:28] INFO State at switches.busy was updated with false
[2017-01-13 20:25:28] INFO Received command to execute action switch.on
[2017-01-13 20:25:28] INFO State at switches.busy was updated with true
[2017-01-13 20:25:28] INFO State at switches.switch_desk-light was updated with {
  "state": true
}
[2017-01-13 20:25:28] INFO State at switches.busy was updated with false
[2017-01-13 20:25:29] INFO Received command to execute action switch.off
[2017-01-13 20:25:29] INFO State at switches.busy was updated with true
[2017-01-13 20:25:29] INFO State at switches.switch_desk-light was updated with {
  "state": false
}
[2017-01-13 20:25:29] INFO State at switches.busy was updated with false
[2017-01-13 20:25:29] INFO Received command to execute action switch.on
[2017-01-13 20:25:29] INFO State at switches.busy was updated with true
[2017-01-13 20:25:29] INFO State at switches.switch_desk-light was updated with {
  "state": true
}
[2017-01-13 20:25:29] INFO State at switches.busy was updated with false
[2017-01-13 20:26:00] INFO GET /css/framework.css
[2017-01-13 20:27:42] INFO GET /
[2017-01-13 20:27:42] INFO Client disconnected from IO.
[2017-01-13 20:27:42] INFO GET /css/framework.css
[2017-01-13 20:27:42] INFO GET /js/vue.js
[2017-01-13 20:27:42] INFO GET /js/masonry.js
[2017-01-13 20:27:42] INFO GET /js/jquery.js
[2017-01-13 20:27:42] INFO GET /js/resize.js
[2017-01-13 20:27:42] INFO GET /js/dashboard/util.js
[2017-01-13 20:27:42] INFO GET /js/dashboard/socket.js
[2017-01-13 20:27:42] INFO GET /js/dashboard/components.js
[2017-01-13 20:27:42] INFO GET /js/bootstrap.js
[2017-01-13 20:27:42] INFO GET /js/fastclick.min.js
[2017-01-13 20:27:42] INFO GET /music/playlists
[2017-01-13 20:27:43] INFO State for music.playing requested.
[2017-01-13 20:27:43] INFO State for music.song requested.
[2017-01-13 20:27:43] INFO State for switches.switch_desk-leds requested.
[2017-01-13 20:27:43] INFO State for switches.busy requested.
[2017-01-13 20:27:43] INFO State for switches.switch_desk-light requested.
[2017-01-13 20:27:43] INFO State for switches.busy requested.
[2017-01-13 20:27:49] INFO GET /css/framework.css
[2017-01-13 20:30:47] INFO GET /
[2017-01-13 20:30:47] INFO Client disconnected from IO.
[2017-01-13 20:30:47] INFO GET /css/framework.css
[2017-01-13 20:30:47] INFO GET /js/vue.js
[2017-01-13 20:30:47] INFO GET /js/masonry.js
[2017-01-13 20:30:47] INFO GET /js/jquery.js
[2017-01-13 20:30:47] INFO GET /js/resize.js
[2017-01-13 20:30:47] INFO GET /js/dashboard/util.js
[2017-01-13 20:30:47] INFO GET /js/dashboard/socket.js
[2017-01-13 20:30:48] INFO GET /js/dashboard/components.js
[2017-01-13 20:30:48] INFO GET /js/bootstrap.js
[2017-01-13 20:30:48] INFO GET /js/fastclick.min.js
[2017-01-13 20:30:48] INFO GET /music/playlists
[2017-01-13 20:30:48] INFO State for music.playing requested.
[2017-01-13 20:30:48] INFO State for music.song requested.
[2017-01-13 20:30:48] INFO State for switches.switch_desk-leds requested.
[2017-01-13 20:30:48] INFO State for switches.busy requested.
[2017-01-13 20:30:48] INFO State for switches.switch_desk-light requested.
[2017-01-13 20:30:48] INFO State for switches.busy requested.
[2017-01-13 20:31:08] INFO GET /
[2017-01-13 20:31:08] INFO Client disconnected from IO.
[2017-01-13 20:31:08] INFO GET /css/framework.css
[2017-01-13 20:31:08] INFO GET /js/vue.js
[2017-01-13 20:31:08] INFO GET /js/masonry.js
[2017-01-13 20:31:08] INFO GET /js/jquery.js
[2017-01-13 20:31:08] INFO GET /js/resize.js
[2017-01-13 20:31:08] INFO GET /js/dashboard/util.js
[2017-01-13 20:31:08] INFO GET /js/dashboard/socket.js
[2017-01-13 20:31:08] INFO GET /js/dashboard/components.js
[2017-01-13 20:31:08] INFO GET /js/bootstrap.js
[2017-01-13 20:31:08] INFO GET /js/fastclick.min.js
[2017-01-13 20:31:09] INFO GET /music/playlists
[2017-01-13 20:31:09] INFO State for music.playing requested.
[2017-01-13 20:31:09] INFO State for music.song requested.
[2017-01-13 20:31:09] INFO State for switches.switch_desk-leds requested.
[2017-01-13 20:31:09] INFO State for switches.busy requested.
[2017-01-13 20:31:09] INFO State for switches.switch_desk-light requested.
[2017-01-13 20:31:09] INFO State for switches.busy requested.
[2017-01-13 20:32:41] INFO GET /
[2017-01-13 20:32:41] INFO Client disconnected from IO.
[2017-01-13 20:32:41] INFO GET /css/framework.css
[2017-01-13 20:32:41] INFO GET /js/vue.js
[2017-01-13 20:32:41] INFO GET /js/masonry.js
[2017-01-13 20:32:41] INFO GET /js/jquery.js
[2017-01-13 20:32:41] INFO GET /js/resize.js
[2017-01-13 20:32:41] INFO GET /js/dashboard/util.js
[2017-01-13 20:32:41] INFO GET /js/dashboard/socket.js
[2017-01-13 20:32:41] INFO GET /js/dashboard/components.js
[2017-01-13 20:32:41] INFO GET /js/bootstrap.js
[2017-01-13 20:32:41] INFO GET /js/fastclick.min.js
[2017-01-13 20:32:41] INFO GET /music/playlists
[2017-01-13 20:32:42] INFO State for music.playing requested.
[2017-01-13 20:32:42] INFO State for music.song requested.
[2017-01-13 20:32:42] INFO State for switches.switch_desk-leds requested.
[2017-01-13 20:32:42] INFO State for switches.busy requested.
[2017-01-13 20:32:42] INFO State for switches.switch_desk-light requested.
[2017-01-13 20:32:42] INFO State for switches.busy requested.
[2017-01-13 20:34:02] INFO GET /
[2017-01-13 20:34:02] INFO Client disconnected from IO.
[2017-01-13 20:34:02] INFO GET /css/framework.css
[2017-01-13 20:34:02] INFO GET /js/vue.js
[2017-01-13 20:34:02] INFO GET /js/masonry.js
[2017-01-13 20:34:02] INFO GET /js/jquery.js
[2017-01-13 20:34:02] INFO GET /js/resize.js
[2017-01-13 20:34:02] INFO GET /js/dashboard/util.js
[2017-01-13 20:34:02] INFO GET /js/dashboard/socket.js
[2017-01-13 20:34:02] INFO GET /js/dashboard/components.js
[2017-01-13 20:34:02] INFO GET /js/bootstrap.js
[2017-01-13 20:34:03] INFO GET /js/fastclick.min.js
[2017-01-13 20:34:03] INFO GET /music/playlists
[2017-01-13 20:34:03] INFO State for music.playing requested.
[2017-01-13 20:34:03] INFO State for music.song requested.
[2017-01-13 20:34:03] INFO State for switches.switch_desk-leds requested.
[2017-01-13 20:34:03] INFO State for switches.busy requested.
[2017-01-13 20:34:03] INFO State for switches.switch_desk-light requested.
[2017-01-13 20:34:03] INFO State for switches.busy requested.
[2017-01-13 20:34:34] INFO GET /
[2017-01-13 20:34:34] INFO Client disconnected from IO.
[2017-01-13 20:34:34] INFO GET /css/framework.css
[2017-01-13 20:34:34] INFO GET /js/vue.js
[2017-01-13 20:34:34] INFO GET /js/masonry.js
[2017-01-13 20:34:34] INFO GET /js/jquery.js
[2017-01-13 20:34:34] INFO GET /js/resize.js
[2017-01-13 20:34:34] INFO GET /js/dashboard/util.js
[2017-01-13 20:34:34] INFO GET /js/dashboard/socket.js
[2017-01-13 20:34:34] INFO GET /js/dashboard/components.js
[2017-01-13 20:34:34] INFO GET /js/bootstrap.js
[2017-01-13 20:34:34] INFO GET /js/fastclick.min.js
[2017-01-13 20:34:35] INFO GET /music/playlists
[2017-01-13 20:34:35] INFO State for music.playing requested.
[2017-01-13 20:34:35] INFO State for music.song requested.
[2017-01-13 20:34:35] INFO State for switches.switch_desk-leds requested.
[2017-01-13 20:34:35] INFO State for switches.busy requested.
[2017-01-13 20:34:35] INFO State for switches.switch_desk-light requested.
[2017-01-13 20:34:35] INFO State for switches.busy requested.
[2017-01-14 03:50:54] INFO Client disconnected from IO.
[2017-01-14 03:56:16] INFO GET /
[2017-01-14 03:56:16] INFO GET /css/framework.css
[2017-01-14 03:56:16] INFO GET /js/vue.js
[2017-01-14 03:56:16] INFO GET /js/masonry.js
[2017-01-14 03:56:16] INFO GET /js/jquery.js
[2017-01-14 03:56:17] INFO GET /js/resize.js
[2017-01-14 03:56:17] INFO GET /js/dashboard/util.js
[2017-01-14 03:56:17] INFO GET /js/dashboard/socket.js
[2017-01-14 03:56:17] INFO GET /js/dashboard/components.js
[2017-01-14 03:56:17] INFO GET /js/bootstrap.js
[2017-01-14 03:56:17] INFO GET /js/fastclick.min.js
[2017-01-14 03:56:17] INFO GET /music/playlists
[2017-01-14 03:56:18] INFO State for music.playing requested.
[2017-01-14 03:56:18] INFO State for music.song requested.
[2017-01-14 03:56:18] INFO State for switches.switch_desk-leds requested.
[2017-01-14 03:56:18] INFO State for switches.busy requested.
[2017-01-14 03:56:18] INFO State for switches.switch_desk-light requested.
[2017-01-14 03:56:18] INFO State for switches.busy requested.
[2017-01-14 03:56:21] INFO Received command to execute action music.pause
[2017-01-14 03:56:21] INFO State at music.playing was updated with false
[2017-01-14 03:56:21] INFO Received command to execute action music.resume
[2017-01-14 03:56:21] INFO State at music.playing was updated with true
