


Starting Server at: 2017-01-15T18:15:05.868Z
[2017-01-15 19:15:05] INFO Setting up H.A.L.B.E.R.T....
[2017-01-15 19:15:06] INFO Debug Mode: DISABLED
[2017-01-15 19:15:06] INFO Session-ID: 55711707-d4fd-44dd-a5da-4230a5aa33ae
[2017-01-15 19:15:06] INFO Begin registering modules
[2017-01-15 19:15:06] INFO Template Cache: DISABLED
[2017-01-15 19:15:06] INFO Registering module 'ifttt'...
[2017-01-15 19:15:06] SUCCESS Module 'ifttt' registered trigger 'ifttt.webhook'.
[2017-01-15 19:15:06] SUCCESS Action 'ifttt.request-event' was registered.
[2017-01-15 19:15:06] SUCCESS Registered module 'ifttt'.
[2017-01-15 19:15:07] INFO Registering module 'music'...
[2017-01-15 19:15:07] SUCCESS Action 'music.play' was registered.
[2017-01-15 19:15:07] SUCCESS Action 'music.resume' was registered.
[2017-01-15 19:15:07] SUCCESS Action 'music.pause' was registered.
[2017-01-15 19:15:07] SUCCESS Template for module music registered.
[2017-01-15 19:15:07] SUCCESS Registered module 'music'.
[2017-01-15 19:15:08] INFO Prepared switch desk-leds.
[2017-01-15 19:15:08] INFO Prepared switch desk-light.
[2017-01-15 19:15:08] INFO Registering module 'switches'...
[2017-01-15 19:15:08] SUCCESS Module 'switches' registered trigger 'switch.on'.
[2017-01-15 19:15:08] SUCCESS Module 'switches' registered trigger 'switch.off'.
[2017-01-15 19:15:08] SUCCESS Condition 'switch.isOn' was registered.
[2017-01-15 19:15:08] SUCCESS Action 'switch.on' was registered.
[2017-01-15 19:15:08] SUCCESS Action 'switch.off' was registered.
[2017-01-15 19:15:08] SUCCESS Template for module switches registered.
[2017-01-15 19:15:08] SUCCESS Registered module 'switches'.
[2017-01-15 19:15:08] INFO Registering module 'voice'...
[2017-01-15 19:15:08] SUCCESS Module 'voice' registered trigger 'voice-input.parsed'.
[2017-01-15 19:15:08] SUCCESS Module 'voice' is listening to 'microphone.input'.
[2017-01-15 19:15:08] SUCCESS Module 'voice' is listening to 'voice-input.parsed'.
[2017-01-15 19:15:08] SUCCESS Action 'voice-input.parse' was registered.
[2017-01-15 19:15:08] SUCCESS Template for module voice registered.
[2017-01-15 19:15:08] SUCCESS Registered module 'voice'.
[2017-01-15 19:15:08] ERROR The module in the 'weather' folder didn't provide any or not enough info. Ignoring the module.
[2017-01-15 19:15:10] INFO Added routes for module 'ifttt'.
[2017-01-15 19:15:10] INFO Added routes for module 'music'.
[2017-01-15 19:15:10] SUCCESS State is now in sync with the IO-Server.
[2017-01-15 19:15:10] INFO Setup complete!
[2017-01-15 19:15:10] SUCCESS Halbert-Interface available!
[2017-01-15 19:15:10] INFO http://localhost:3000
[2017-01-15 19:15:10] INFO http://192.168.178.28:3000
[2017-01-15 19:15:11] INFO Authorized Google Play Music.
[2017-01-15 19:16:02] INFO POST /login



Starting Server at: 2017-01-15T18:16:24.335Z
[2017-01-15 19:16:24] INFO Setting up H.A.L.B.E.R.T....
[2017-01-15 19:16:24] INFO Debug Mode: DISABLED
[2017-01-15 19:16:24] INFO Session-ID: 24d47bd3-eb22-4b61-b44e-6cc04c383863
[2017-01-15 19:16:25] INFO Begin registering modules
[2017-01-15 19:16:25] INFO Template Cache: DISABLED
[2017-01-15 19:16:25] INFO Registering module 'ifttt'...
[2017-01-15 19:16:25] SUCCESS Module 'ifttt' registered trigger 'ifttt.webhook'.
[2017-01-15 19:16:25] SUCCESS Action 'ifttt.request-event' was registered.
[2017-01-15 19:16:25] SUCCESS Registered module 'ifttt'.
[2017-01-15 19:16:25] INFO Registering module 'music'...
[2017-01-15 19:16:25] SUCCESS Action 'music.play' was registered.
[2017-01-15 19:16:25] SUCCESS Action 'music.resume' was registered.
[2017-01-15 19:16:25] SUCCESS Action 'music.pause' was registered.
[2017-01-15 19:16:25] SUCCESS Template for module music registered.
[2017-01-15 19:16:25] SUCCESS Registered module 'music'.
[2017-01-15 19:16:26] INFO Prepared switch desk-leds.
[2017-01-15 19:16:26] INFO Prepared switch desk-light.
[2017-01-15 19:16:26] INFO Registering module 'switches'...
[2017-01-15 19:16:26] SUCCESS Module 'switches' registered trigger 'switch.on'.
[2017-01-15 19:16:26] SUCCESS Module 'switches' registered trigger 'switch.off'.
[2017-01-15 19:16:26] SUCCESS Condition 'switch.isOn' was registered.
[2017-01-15 19:16:26] SUCCESS Action 'switch.on' was registered.
[2017-01-15 19:16:26] SUCCESS Action 'switch.off' was registered.
[2017-01-15 19:16:26] SUCCESS Template for module switches registered.
[2017-01-15 19:16:26] SUCCESS Registered module 'switches'.
[2017-01-15 19:16:26] INFO Registering module 'voice'...
[2017-01-15 19:16:26] SUCCESS Module 'voice' registered trigger 'voice-input.parsed'.
[2017-01-15 19:16:26] SUCCESS Module 'voice' is listening to 'microphone.input'.
[2017-01-15 19:16:26] SUCCESS Module 'voice' is listening to 'voice-input.parsed'.
[2017-01-15 19:16:26] SUCCESS Action 'voice-input.parse' was registered.
[2017-01-15 19:16:26] SUCCESS Template for module voice registered.
[2017-01-15 19:16:26] SUCCESS Registered module 'voice'.
[2017-01-15 19:16:26] ERROR The module in the 'weather' folder didn't provide any or not enough info. Ignoring the module.
[2017-01-15 19:16:27] INFO Added routes for module 'ifttt'.
[2017-01-15 19:16:27] INFO Added routes for module 'music'.
[2017-01-15 19:16:27] SUCCESS State is now in sync with the IO-Server.
[2017-01-15 19:16:28] INFO Setup complete!
[2017-01-15 19:16:28] SUCCESS Halbert-Interface available!
[2017-01-15 19:16:28] INFO http://localhost:3000
[2017-01-15 19:16:28] INFO http://192.168.178.28:3000
[2017-01-15 19:16:28] INFO POST /login
[2017-01-15 19:16:28] INFO Authorized Google Play Music.
[2017-01-15 19:16:34] INFO POST /login



Starting Server at: 2017-01-15T18:18:44.169Z
[2017-01-15 19:18:44] INFO Setting up H.A.L.B.E.R.T....
[2017-01-15 19:18:44] INFO Debug Mode: DISABLED
[2017-01-15 19:18:44] INFO Session-ID: 09ab2945-929b-4f52-9f3f-1bd67be7c12e
[2017-01-15 19:18:44] INFO Begin registering modules
[2017-01-15 19:18:44] INFO Template Cache: DISABLED
[2017-01-15 19:18:44] INFO Registering module 'ifttt'...
[2017-01-15 19:18:44] SUCCESS Module 'ifttt' registered trigger 'ifttt.webhook'.
[2017-01-15 19:18:44] SUCCESS Action 'ifttt.request-event' was registered.
[2017-01-15 19:18:44] SUCCESS Registered module 'ifttt'.
[2017-01-15 19:18:45] INFO Registering module 'music'...
[2017-01-15 19:18:45] SUCCESS Action 'music.play' was registered.
[2017-01-15 19:18:45] SUCCESS Action 'music.resume' was registered.
[2017-01-15 19:18:45] SUCCESS Action 'music.pause' was registered.
[2017-01-15 19:18:45] SUCCESS Template for module music registered.
[2017-01-15 19:18:45] SUCCESS Registered module 'music'.
[2017-01-15 19:18:45] INFO Prepared switch desk-leds.
[2017-01-15 19:18:45] INFO Prepared switch desk-light.
[2017-01-15 19:18:46] INFO Registering module 'switches'...
[2017-01-15 19:18:46] SUCCESS Module 'switches' registered trigger 'switch.on'.
[2017-01-15 19:18:46] SUCCESS Module 'switches' registered trigger 'switch.off'.
[2017-01-15 19:18:46] SUCCESS Condition 'switch.isOn' was registered.
[2017-01-15 19:18:46] SUCCESS Action 'switch.on' was registered.
[2017-01-15 19:18:46] SUCCESS Action 'switch.off' was registered.
[2017-01-15 19:18:46] SUCCESS Template for module switches registered.
[2017-01-15 19:18:46] SUCCESS Registered module 'switches'.
[2017-01-15 19:18:46] INFO Registering module 'voice'...
[2017-01-15 19:18:46] SUCCESS Module 'voice' registered trigger 'voice-input.parsed'.
[2017-01-15 19:18:46] SUCCESS Module 'voice' is listening to 'microphone.input'.
[2017-01-15 19:18:46] SUCCESS Module 'voice' is listening to 'voice-input.parsed'.
[2017-01-15 19:18:46] SUCCESS Action 'voice-input.parse' was registered.
[2017-01-15 19:18:46] SUCCESS Template for module voice registered.
[2017-01-15 19:18:46] SUCCESS Registered module 'voice'.
[2017-01-15 19:18:46] ERROR The module in the 'weather' folder didn't provide any or not enough info. Ignoring the module.
[2017-01-15 19:18:47] INFO Added routes for module 'ifttt'.
[2017-01-15 19:18:47] INFO Added routes for module 'music'.
[2017-01-15 19:18:47] SUCCESS State is now in sync with the IO-Server.
[2017-01-15 19:18:47] INFO Setup complete!
[2017-01-15 19:18:47] SUCCESS Halbert-Interface available!
[2017-01-15 19:18:47] INFO http://localhost:3000
[2017-01-15 19:18:47] INFO http://192.168.178.28:3000
[2017-01-15 19:18:48] INFO Authorized Google Play Music.
[2017-01-15 19:19:08] INFO POST /login
[2017-01-15 19:20:52] INFO POST /login
[2017-01-15 19:20:58] INFO POST /login



Starting Server at: 2017-01-15T18:22:06.223Z
[2017-01-15 19:22:06] INFO Setting up H.A.L.B.E.R.T....
[2017-01-15 19:22:06] INFO Debug Mode: DISABLED
[2017-01-15 19:22:06] INFO Session-ID: 6c9990e9-67bc-4ffd-9fc8-b553becf345d
[2017-01-15 19:22:06] INFO Begin registering modules
[2017-01-15 19:22:06] INFO Template Cache: DISABLED
[2017-01-15 19:22:06] INFO Registering module 'ifttt'...
[2017-01-15 19:22:06] SUCCESS Module 'ifttt' registered trigger 'ifttt.webhook'.
[2017-01-15 19:22:06] SUCCESS Action 'ifttt.request-event' was registered.
[2017-01-15 19:22:06] SUCCESS Registered module 'ifttt'.
[2017-01-15 19:22:07] INFO Registering module 'music'...
[2017-01-15 19:22:07] SUCCESS Action 'music.play' was registered.
[2017-01-15 19:22:07] SUCCESS Action 'music.resume' was registered.
[2017-01-15 19:22:07] SUCCESS Action 'music.pause' was registered.
[2017-01-15 19:22:07] SUCCESS Template for module music registered.
[2017-01-15 19:22:07] SUCCESS Registered module 'music'.
[2017-01-15 19:22:07] INFO Prepared switch desk-leds.
[2017-01-15 19:22:07] INFO Prepared switch desk-light.
[2017-01-15 19:22:07] INFO Registering module 'switches'...
[2017-01-15 19:22:07] SUCCESS Module 'switches' registered trigger 'switch.on'.
[2017-01-15 19:22:07] SUCCESS Module 'switches' registered trigger 'switch.off'.
[2017-01-15 19:22:07] SUCCESS Condition 'switch.isOn' was registered.
[2017-01-15 19:22:07] SUCCESS Action 'switch.on' was registered.
[2017-01-15 19:22:07] SUCCESS Action 'switch.off' was registered.
[2017-01-15 19:22:07] SUCCESS Template for module switches registered.
[2017-01-15 19:22:07] SUCCESS Registered module 'switches'.
[2017-01-15 19:22:07] INFO Registering module 'voice'...
[2017-01-15 19:22:07] SUCCESS Module 'voice' registered trigger 'voice-input.parsed'.
[2017-01-15 19:22:07] SUCCESS Module 'voice' is listening to 'microphone.input'.
[2017-01-15 19:22:07] SUCCESS Module 'voice' is listening to 'voice-input.parsed'.
[2017-01-15 19:22:07] SUCCESS Action 'voice-input.parse' was registered.
[2017-01-15 19:22:08] SUCCESS Template for module voice registered.
[2017-01-15 19:22:08] SUCCESS Registered module 'voice'.
[2017-01-15 19:22:08] ERROR The module in the 'weather' folder didn't provide any or not enough info. Ignoring the module.
[2017-01-15 19:22:09] INFO Added routes for module 'ifttt'.
[2017-01-15 19:22:09] INFO Added routes for module 'music'.
[2017-01-15 19:22:09] SUCCESS State is now in sync with the IO-Server.
[2017-01-15 19:22:09] INFO Setup complete!
[2017-01-15 19:22:09] SUCCESS Halbert-Interface available!
[2017-01-15 19:22:09] INFO http://localhost:3000
[2017-01-15 19:22:09] INFO http://192.168.178.28:3000
[2017-01-15 19:22:10] INFO Authorized Google Play Music.
[2017-01-15 19:22:52] INFO POST /login
[2017-01-15 19:22:58] INFO GET /
[2017-01-15 19:22:58] INFO GET /
[2017-01-15 19:22:58] INFO GET /
[2017-01-15 19:22:58] INFO GET /
[2017-01-15 19:22:58] INFO GET /
[2017-01-15 19:22:58] INFO GET /
[2017-01-15 19:22:58] INFO GET /
[2017-01-15 19:22:58] INFO GET /
[2017-01-15 19:22:58] INFO GET /
[2017-01-15 19:22:58] INFO GET /
[2017-01-15 19:22:58] INFO GET /
[2017-01-15 19:22:58] INFO GET /
[2017-01-15 19:22:58] INFO GET /
[2017-01-15 19:22:58] INFO GET /
[2017-01-15 19:22:58] INFO GET /
[2017-01-15 19:22:58] INFO GET /
[2017-01-15 19:22:58] INFO GET /
[2017-01-15 19:22:58] INFO GET /
[2017-01-15 19:22:58] INFO GET /
[2017-01-15 19:22:58] INFO GET /
[2017-01-15 19:22:58] INFO GET /
[2017-01-15 19:22:58] INFO GET /
[2017-01-15 19:22:58] INFO GET /
[2017-01-15 19:22:58] INFO GET /
[2017-01-15 19:22:58] INFO GET /
[2017-01-15 19:22:58] INFO GET /
[2017-01-15 19:22:58] INFO GET /
[2017-01-15 19:22:58] INFO GET /
[2017-01-15 19:22:58] INFO GET /
[2017-01-15 19:22:58] INFO GET /
[2017-01-15 19:22:58] INFO GET /
[2017-01-15 19:22:58] INFO GET /
[2017-01-15 19:22:58] INFO GET /
[2017-01-15 19:22:58] INFO GET /
[2017-01-15 19:22:58] INFO GET /
[2017-01-15 19:22:58] INFO GET /
[2017-01-15 19:22:58] INFO GET /
[2017-01-15 19:22:58] INFO GET /
[2017-01-15 19:22:58] INFO GET /
[2017-01-15 19:22:58] INFO GET /
[2017-01-15 19:22:58] INFO GET /
[2017-01-15 19:22:58] INFO GET /
[2017-01-15 19:23:03] INFO GET /
[2017-01-15 19:23:04] INFO GET /
[2017-01-15 19:23:04] INFO GET /
[2017-01-15 19:23:04] INFO GET /
[2017-01-15 19:23:04] INFO GET /
[2017-01-15 19:23:04] INFO GET /
[2017-01-15 19:23:04] INFO GET /
[2017-01-15 19:23:04] INFO GET /
[2017-01-15 19:23:04] INFO GET /
[2017-01-15 19:23:04] INFO GET /
[2017-01-15 19:23:04] INFO GET /
[2017-01-15 19:23:04] INFO GET /
[2017-01-15 19:23:04] INFO GET /
[2017-01-15 19:23:04] INFO GET /
[2017-01-15 19:23:04] INFO GET /
[2017-01-15 19:23:04] INFO GET /
[2017-01-15 19:23:04] INFO GET /
[2017-01-15 19:23:04] INFO GET /
[2017-01-15 19:23:04] INFO GET /
[2017-01-15 19:23:04] INFO GET /
[2017-01-15 19:23:04] INFO GET /
[2017-01-15 19:23:11] INFO GET /
[2017-01-15 19:23:11] INFO GET /
[2017-01-15 19:23:11] INFO GET /
[2017-01-15 19:23:11] INFO GET /
[2017-01-15 19:23:11] INFO GET /
[2017-01-15 19:23:11] INFO GET /
[2017-01-15 19:23:11] INFO GET /
[2017-01-15 19:23:11] INFO GET /
[2017-01-15 19:23:11] INFO GET /
[2017-01-15 19:23:11] INFO GET /
[2017-01-15 19:23:11] INFO GET /
[2017-01-15 19:23:11] INFO GET /
[2017-01-15 19:23:11] INFO GET /
[2017-01-15 19:23:11] INFO GET /
[2017-01-15 19:23:11] INFO GET /
[2017-01-15 19:23:11] INFO GET /
[2017-01-15 19:23:11] INFO GET /
[2017-01-15 19:23:11] INFO GET /
[2017-01-15 19:23:11] INFO GET /
[2017-01-15 19:23:11] INFO GET /
[2017-01-15 19:23:11] INFO GET /



Starting Server at: 2017-01-15T18:23:25.423Z
[2017-01-15 19:23:25] INFO Setting up H.A.L.B.E.R.T....
[2017-01-15 19:23:25] INFO Debug Mode: DISABLED
[2017-01-15 19:23:25] INFO Session-ID: 50b6afd5-c6da-4ad6-b6df-6d3759f3135e
[2017-01-15 19:23:26] INFO Begin registering modules
[2017-01-15 19:23:26] INFO Template Cache: DISABLED
[2017-01-15 19:23:26] INFO Registering module 'ifttt'...
[2017-01-15 19:23:26] SUCCESS Module 'ifttt' registered trigger 'ifttt.webhook'.
[2017-01-15 19:23:26] SUCCESS Action 'ifttt.request-event' was registered.
[2017-01-15 19:23:26] SUCCESS Registered module 'ifttt'.
[2017-01-15 19:23:26] INFO Registering module 'music'...
[2017-01-15 19:23:26] SUCCESS Action 'music.play' was registered.
[2017-01-15 19:23:26] SUCCESS Action 'music.resume' was registered.
[2017-01-15 19:23:26] SUCCESS Action 'music.pause' was registered.
[2017-01-15 19:23:26] SUCCESS Template for module music registered.
[2017-01-15 19:23:26] SUCCESS Registered module 'music'.
[2017-01-15 19:23:27] INFO Prepared switch desk-leds.
[2017-01-15 19:23:27] INFO Prepared switch desk-light.
[2017-01-15 19:23:27] INFO Registering module 'switches'...
[2017-01-15 19:23:27] SUCCESS Module 'switches' registered trigger 'switch.on'.
[2017-01-15 19:23:27] SUCCESS Module 'switches' registered trigger 'switch.off'.
[2017-01-15 19:23:27] SUCCESS Condition 'switch.isOn' was registered.
[2017-01-15 19:23:27] SUCCESS Action 'switch.on' was registered.
[2017-01-15 19:23:27] SUCCESS Action 'switch.off' was registered.
[2017-01-15 19:23:27] SUCCESS Template for module switches registered.
[2017-01-15 19:23:27] SUCCESS Registered module 'switches'.
[2017-01-15 19:23:27] INFO Registering module 'voice'...
[2017-01-15 19:23:27] SUCCESS Module 'voice' registered trigger 'voice-input.parsed'.
[2017-01-15 19:23:27] SUCCESS Module 'voice' is listening to 'microphone.input'.
[2017-01-15 19:23:27] SUCCESS Module 'voice' is listening to 'voice-input.parsed'.
[2017-01-15 19:23:27] SUCCESS Action 'voice-input.parse' was registered.
[2017-01-15 19:23:27] SUCCESS Template for module voice registered.
[2017-01-15 19:23:27] SUCCESS Registered module 'voice'.
[2017-01-15 19:23:27] ERROR The module in the 'weather' folder didn't provide any or not enough info. Ignoring the module.
[2017-01-15 19:23:29] INFO Added routes for module 'ifttt'.
[2017-01-15 19:23:29] INFO Added routes for module 'music'.
[2017-01-15 19:23:29] SUCCESS State is now in sync with the IO-Server.
[2017-01-15 19:23:29] INFO Setup complete!
[2017-01-15 19:23:29] SUCCESS Halbert-Interface available!
[2017-01-15 19:23:29] INFO http://localhost:3000
[2017-01-15 19:23:29] INFO http://192.168.178.28:3000
[2017-01-15 19:23:30] INFO Authorized Google Play Music.
[2017-01-15 19:23:34] INFO GET /
[2017-01-15 19:23:34] INFO GET /login
[2017-01-15 19:25:35] INFO GET /login



Starting Server at: 2017-01-15T18:26:47.998Z
[2017-01-15 19:26:48] INFO Setting up H.A.L.B.E.R.T....
[2017-01-15 19:26:48] INFO Debug Mode: DISABLED
[2017-01-15 19:26:48] INFO Session-ID: c7b0e2b8-f9f1-40cb-adfd-847c89ad6b97
[2017-01-15 19:26:48] INFO Begin registering modules
[2017-01-15 19:26:48] INFO Template Cache: DISABLED
[2017-01-15 19:26:48] INFO Registering module 'ifttt'...
[2017-01-15 19:26:48] SUCCESS Module 'ifttt' registered trigger 'ifttt.webhook'.
[2017-01-15 19:26:48] SUCCESS Action 'ifttt.request-event' was registered.
[2017-01-15 19:26:48] SUCCESS Registered module 'ifttt'.
[2017-01-15 19:26:49] INFO Registering module 'music'...
[2017-01-15 19:26:49] SUCCESS Action 'music.play' was registered.
[2017-01-15 19:26:49] SUCCESS Action 'music.resume' was registered.
[2017-01-15 19:26:49] SUCCESS Action 'music.pause' was registered.
[2017-01-15 19:26:49] SUCCESS Template for module music registered.
[2017-01-15 19:26:49] SUCCESS Registered module 'music'.
[2017-01-15 19:26:49] INFO Prepared switch desk-leds.
[2017-01-15 19:26:49] INFO Prepared switch desk-light.
[2017-01-15 19:26:49] INFO Registering module 'switches'...
[2017-01-15 19:26:49] SUCCESS Module 'switches' registered trigger 'switch.on'.
[2017-01-15 19:26:49] SUCCESS Module 'switches' registered trigger 'switch.off'.
[2017-01-15 19:26:49] SUCCESS Condition 'switch.isOn' was registered.
[2017-01-15 19:26:49] SUCCESS Action 'switch.on' was registered.
[2017-01-15 19:26:49] SUCCESS Action 'switch.off' was registered.
[2017-01-15 19:26:49] SUCCESS Template for module switches registered.
[2017-01-15 19:26:49] SUCCESS Registered module 'switches'.
[2017-01-15 19:26:49] INFO Registering module 'voice'...
[2017-01-15 19:26:49] SUCCESS Module 'voice' registered trigger 'voice-input.parsed'.
[2017-01-15 19:26:49] SUCCESS Module 'voice' is listening to 'microphone.input'.
[2017-01-15 19:26:49] SUCCESS Module 'voice' is listening to 'voice-input.parsed'.
[2017-01-15 19:26:49] SUCCESS Action 'voice-input.parse' was registered.
[2017-01-15 19:26:49] SUCCESS Template for module voice registered.
[2017-01-15 19:26:49] SUCCESS Registered module 'voice'.
[2017-01-15 19:26:50] ERROR The module in the 'weather' folder didn't provide any or not enough info. Ignoring the module.
[2017-01-15 19:26:51] INFO Added routes for module 'ifttt'.
[2017-01-15 19:26:51] INFO Added routes for module 'music'.
[2017-01-15 19:26:51] SUCCESS State is now in sync with the IO-Server.
[2017-01-15 19:26:51] INFO Setup complete!
[2017-01-15 19:26:51] SUCCESS Halbert-Interface available!
[2017-01-15 19:26:51] INFO http://localhost:3000
[2017-01-15 19:26:51] INFO http://192.168.178.28:3000
[2017-01-15 19:26:52] INFO Authorized Google Play Music.
[2017-01-15 19:26:54] INFO GET /login
[2017-01-15 19:26:54] INFO GET /css/bootstrap.css
[2017-01-15 19:26:54] INFO GET /css/framework.css
[2017-01-15 19:26:54] INFO GET /js/vue.js
[2017-01-15 19:26:54] INFO GET /js/jquery.js
[2017-01-15 19:26:54] INFO GET /js/bootstrap.js



Starting Server at: 2017-01-15T18:27:25.683Z
[2017-01-15 19:27:25] INFO Setting up H.A.L.B.E.R.T....
[2017-01-15 19:27:26] INFO Debug Mode: DISABLED
[2017-01-15 19:27:26] INFO Session-ID: 9e024f52-90de-4f70-aeb1-ff587414ff03
[2017-01-15 19:27:26] INFO Begin registering modules
[2017-01-15 19:27:26] INFO Template Cache: DISABLED
[2017-01-15 19:27:26] INFO Registering module 'ifttt'...
[2017-01-15 19:27:26] SUCCESS Module 'ifttt' registered trigger 'ifttt.webhook'.
[2017-01-15 19:27:26] SUCCESS Action 'ifttt.request-event' was registered.
[2017-01-15 19:27:26] SUCCESS Registered module 'ifttt'.
[2017-01-15 19:27:27] INFO Registering module 'music'...
[2017-01-15 19:27:27] SUCCESS Action 'music.play' was registered.
[2017-01-15 19:27:27] SUCCESS Action 'music.resume' was registered.
[2017-01-15 19:27:27] SUCCESS Action 'music.pause' was registered.
[2017-01-15 19:27:27] SUCCESS Template for module music registered.
[2017-01-15 19:27:27] SUCCESS Registered module 'music'.
[2017-01-15 19:27:27] INFO Prepared switch desk-leds.
[2017-01-15 19:27:27] INFO Prepared switch desk-light.
[2017-01-15 19:27:27] INFO Registering module 'switches'...
[2017-01-15 19:27:27] SUCCESS Module 'switches' registered trigger 'switch.on'.
[2017-01-15 19:27:27] SUCCESS Module 'switches' registered trigger 'switch.off'.
[2017-01-15 19:27:27] SUCCESS Condition 'switch.isOn' was registered.
[2017-01-15 19:27:27] SUCCESS Action 'switch.on' was registered.
[2017-01-15 19:27:27] SUCCESS Action 'switch.off' was registered.
[2017-01-15 19:27:27] SUCCESS Template for module switches registered.
[2017-01-15 19:27:27] SUCCESS Registered module 'switches'.
[2017-01-15 19:27:27] INFO Registering module 'voice'...
[2017-01-15 19:27:27] SUCCESS Module 'voice' registered trigger 'voice-input.parsed'.
[2017-01-15 19:27:27] SUCCESS Module 'voice' is listening to 'microphone.input'.
[2017-01-15 19:27:27] SUCCESS Module 'voice' is listening to 'voice-input.parsed'.
[2017-01-15 19:27:27] SUCCESS Action 'voice-input.parse' was registered.
[2017-01-15 19:27:27] SUCCESS Template for module voice registered.
[2017-01-15 19:27:27] SUCCESS Registered module 'voice'.
[2017-01-15 19:27:27] ERROR The module in the 'weather' folder didn't provide any or not enough info. Ignoring the module.
[2017-01-15 19:27:29] INFO Added routes for module 'ifttt'.
[2017-01-15 19:27:29] INFO Added routes for module 'music'.
[2017-01-15 19:27:29] SUCCESS State is now in sync with the IO-Server.
[2017-01-15 19:27:29] INFO Setup complete!
[2017-01-15 19:27:29] SUCCESS Halbert-Interface available!
[2017-01-15 19:27:29] INFO http://localhost:3000
[2017-01-15 19:27:29] INFO http://192.168.178.28:3000
[2017-01-15 19:27:30] INFO Authorized Google Play Music.
[2017-01-15 19:27:31] INFO GET /login
[2017-01-15 19:27:31] INFO GET /css/framework.css
[2017-01-15 19:27:31] INFO GET /js/bootstrap.js
[2017-01-15 19:27:31] INFO GET /js/jquery.js
[2017-01-15 19:27:53] INFO GET /css/framework.css
[2017-01-15 19:28:46] INFO GET /login
[2017-01-15 19:28:47] INFO GET /css/framework.css
[2017-01-15 19:28:47] INFO GET /js/jquery.js
[2017-01-15 19:28:47] INFO GET /js/bootstrap.js
[2017-01-15 19:29:10] INFO GET /login
[2017-01-15 19:29:10] INFO GET /css/framework.css
[2017-01-15 19:29:10] INFO GET /js/jquery.js
[2017-01-15 19:29:10] INFO GET /js/bootstrap.js
[2017-01-15 19:29:20] INFO POST /login
[2017-01-15 19:29:20] INFO GET /
[2017-01-15 19:29:29] INFO GET /



Starting Server at: 2017-01-15T18:30:10.710Z
[2017-01-15 19:30:10] INFO Setting up H.A.L.B.E.R.T....
[2017-01-15 19:30:11] INFO Debug Mode: DISABLED
[2017-01-15 19:30:11] INFO Session-ID: a762d62b-c184-4970-815d-be2a25ce382d
[2017-01-15 19:30:11] INFO Begin registering modules
[2017-01-15 19:30:11] INFO Template Cache: DISABLED
[2017-01-15 19:30:11] INFO Registering module 'ifttt'...
[2017-01-15 19:30:11] SUCCESS Module 'ifttt' registered trigger 'ifttt.webhook'.
[2017-01-15 19:30:11] SUCCESS Action 'ifttt.request-event' was registered.
[2017-01-15 19:30:11] SUCCESS Registered module 'ifttt'.
[2017-01-15 19:30:12] INFO Registering module 'music'...
[2017-01-15 19:30:12] SUCCESS Action 'music.play' was registered.
[2017-01-15 19:30:12] SUCCESS Action 'music.resume' was registered.
[2017-01-15 19:30:12] SUCCESS Action 'music.pause' was registered.
[2017-01-15 19:30:12] SUCCESS Template for module music registered.
[2017-01-15 19:30:12] SUCCESS Registered module 'music'.
[2017-01-15 19:30:12] INFO Prepared switch desk-leds.
[2017-01-15 19:30:12] INFO Prepared switch desk-light.
[2017-01-15 19:30:12] INFO Registering module 'switches'...
[2017-01-15 19:30:12] SUCCESS Module 'switches' registered trigger 'switch.on'.
[2017-01-15 19:30:12] SUCCESS Module 'switches' registered trigger 'switch.off'.
[2017-01-15 19:30:12] SUCCESS Condition 'switch.isOn' was registered.
[2017-01-15 19:30:12] SUCCESS Action 'switch.on' was registered.
[2017-01-15 19:30:12] SUCCESS Action 'switch.off' was registered.
[2017-01-15 19:30:12] SUCCESS Template for module switches registered.
[2017-01-15 19:30:12] SUCCESS Registered module 'switches'.
[2017-01-15 19:30:12] INFO Registering module 'voice'...
[2017-01-15 19:30:12] SUCCESS Module 'voice' registered trigger 'voice-input.parsed'.
[2017-01-15 19:30:12] SUCCESS Module 'voice' is listening to 'microphone.input'.
[2017-01-15 19:30:12] SUCCESS Module 'voice' is listening to 'voice-input.parsed'.
[2017-01-15 19:30:12] SUCCESS Action 'voice-input.parse' was registered.
[2017-01-15 19:30:12] SUCCESS Template for module voice registered.
[2017-01-15 19:30:12] SUCCESS Registered module 'voice'.
[2017-01-15 19:30:12] ERROR The module in the 'weather' folder didn't provide any or not enough info. Ignoring the module.
[2017-01-15 19:30:14] INFO Added routes for module 'ifttt'.
[2017-01-15 19:30:14] INFO Added routes for module 'music'.
[2017-01-15 19:30:14] SUCCESS State is now in sync with the IO-Server.
[2017-01-15 19:30:14] INFO Setup complete!
[2017-01-15 19:30:14] SUCCESS Halbert-Interface available!
[2017-01-15 19:30:14] INFO http://localhost:3000
[2017-01-15 19:30:14] INFO http://192.168.178.28:3000
[2017-01-15 19:30:15] INFO Authorized Google Play Music.
[2017-01-15 19:30:17] INFO GET /
[2017-01-15 19:30:17] INFO GET /login
[2017-01-15 19:30:17] INFO GET /css/framework.css
[2017-01-15 19:30:17] INFO GET /js/jquery.js
[2017-01-15 19:30:17] INFO GET /js/bootstrap.js
[2017-01-15 19:30:17] INFO GET /login
[2017-01-15 19:30:18] INFO GET /css/framework.css
[2017-01-15 19:30:18] INFO GET /js/jquery.js
[2017-01-15 19:30:18] INFO GET /js/bootstrap.js
[2017-01-15 19:30:19] INFO POST /login
[2017-01-15 19:30:19] INFO GET /login
[2017-01-15 19:30:19] INFO GET /css/framework.css
[2017-01-15 19:30:19] INFO GET /js/jquery.js
[2017-01-15 19:30:19] INFO GET /js/bootstrap.js
[2017-01-15 19:30:27] INFO POST /login
[2017-01-15 19:30:27] INFO GET /login
[2017-01-15 19:30:27] INFO GET /css/framework.css
[2017-01-15 19:30:27] INFO GET /js/jquery.js
[2017-01-15 19:30:27] INFO GET /js/bootstrap.js
[2017-01-15 19:30:29] INFO GET /
[2017-01-15 19:30:29] INFO GET /login
[2017-01-15 19:30:29] INFO GET /css/framework.css
[2017-01-15 19:30:29] INFO GET /js/jquery.js
[2017-01-15 19:30:29] INFO GET /js/bootstrap.js



Starting Server at: 2017-01-15T18:31:27.004Z
[2017-01-15 19:31:27] INFO Setting up H.A.L.B.E.R.T....
[2017-01-15 19:31:27] INFO Debug Mode: DISABLED
[2017-01-15 19:31:27] INFO Session-ID: 6dbf2f1a-dc54-44f4-bc0d-4a260356b100
[2017-01-15 19:31:27] INFO Begin registering modules
[2017-01-15 19:31:27] INFO Template Cache: DISABLED
[2017-01-15 19:31:27] INFO Registering module 'ifttt'...
[2017-01-15 19:31:27] SUCCESS Module 'ifttt' registered trigger 'ifttt.webhook'.
[2017-01-15 19:31:27] SUCCESS Action 'ifttt.request-event' was registered.
[2017-01-15 19:31:27] SUCCESS Registered module 'ifttt'.
[2017-01-15 19:31:28] INFO Registering module 'music'...
[2017-01-15 19:31:28] SUCCESS Action 'music.play' was registered.
[2017-01-15 19:31:28] SUCCESS Action 'music.resume' was registered.
[2017-01-15 19:31:28] SUCCESS Action 'music.pause' was registered.
[2017-01-15 19:31:28] SUCCESS Template for module music registered.
[2017-01-15 19:31:28] SUCCESS Registered module 'music'.
[2017-01-15 19:31:28] INFO Prepared switch desk-leds.
[2017-01-15 19:31:28] INFO Prepared switch desk-light.
[2017-01-15 19:31:28] INFO Registering module 'switches'...
[2017-01-15 19:31:28] SUCCESS Module 'switches' registered trigger 'switch.on'.
[2017-01-15 19:31:28] SUCCESS Module 'switches' registered trigger 'switch.off'.
[2017-01-15 19:31:28] SUCCESS Condition 'switch.isOn' was registered.
[2017-01-15 19:31:28] SUCCESS Action 'switch.on' was registered.
[2017-01-15 19:31:28] SUCCESS Action 'switch.off' was registered.
[2017-01-15 19:31:28] SUCCESS Template for module switches registered.
[2017-01-15 19:31:28] SUCCESS Registered module 'switches'.
[2017-01-15 19:31:28] INFO Registering module 'voice'...
[2017-01-15 19:31:28] SUCCESS Module 'voice' registered trigger 'voice-input.parsed'.
[2017-01-15 19:31:28] SUCCESS Module 'voice' is listening to 'microphone.input'.
[2017-01-15 19:31:28] SUCCESS Module 'voice' is listening to 'voice-input.parsed'.
[2017-01-15 19:31:28] SUCCESS Action 'voice-input.parse' was registered.
[2017-01-15 19:31:28] SUCCESS Template for module voice registered.
[2017-01-15 19:31:28] SUCCESS Registered module 'voice'.
[2017-01-15 19:31:29] ERROR The module in the 'weather' folder didn't provide any or not enough info. Ignoring the module.
[2017-01-15 19:31:32] INFO Added routes for module 'ifttt'.
[2017-01-15 19:31:32] INFO Added routes for module 'music'.
[2017-01-15 19:31:32] SUCCESS State is now in sync with the IO-Server.
[2017-01-15 19:31:32] INFO Setup complete!
[2017-01-15 19:31:32] SUCCESS Halbert-Interface available!
[2017-01-15 19:31:32] INFO http://localhost:3000
[2017-01-15 19:31:32] INFO http://192.168.178.28:3000
[2017-01-15 19:31:32] INFO Authorized Google Play Music.
[2017-01-15 19:31:33] INFO GET /login
[2017-01-15 19:31:33] INFO GET /css/framework.css
[2017-01-15 19:31:33] INFO GET /js/jquery.js
[2017-01-15 19:31:33] INFO GET /js/bootstrap.js
[2017-01-15 19:31:36] INFO POST /login
[2017-01-15 19:31:36] INFO GET /login
[2017-01-15 19:31:36] INFO GET /css/framework.css
[2017-01-15 19:31:36] INFO GET /js/jquery.js
[2017-01-15 19:31:36] INFO GET /js/bootstrap.js
[2017-01-15 19:31:42] INFO POST /login
[2017-01-15 19:31:42] INFO GET /
[2017-01-15 19:31:47] INFO GET /



Starting Server at: 2017-01-15T18:32:19.031Z
[2017-01-15 19:32:19] INFO Setting up H.A.L.B.E.R.T....
[2017-01-15 19:32:19] INFO Debug Mode: DISABLED
[2017-01-15 19:32:19] INFO Session-ID: 254234c5-6f2d-4fed-a10d-5a2feb588926
[2017-01-15 19:32:19] INFO Begin registering modules
[2017-01-15 19:32:19] INFO Template Cache: DISABLED
[2017-01-15 19:32:19] INFO Registering module 'ifttt'...
[2017-01-15 19:32:19] SUCCESS Module 'ifttt' registered trigger 'ifttt.webhook'.
[2017-01-15 19:32:19] SUCCESS Action 'ifttt.request-event' was registered.
[2017-01-15 19:32:19] SUCCESS Registered module 'ifttt'.
[2017-01-15 19:32:19] INFO Registering module 'music'...
[2017-01-15 19:32:19] SUCCESS Action 'music.play' was registered.
[2017-01-15 19:32:19] SUCCESS Action 'music.resume' was registered.
[2017-01-15 19:32:19] SUCCESS Action 'music.pause' was registered.
[2017-01-15 19:32:19] SUCCESS Template for module music registered.
[2017-01-15 19:32:19] SUCCESS Registered module 'music'.
[2017-01-15 19:32:19] INFO Prepared switch desk-leds.
[2017-01-15 19:32:19] INFO Prepared switch desk-light.
[2017-01-15 19:32:19] INFO Registering module 'switches'...
[2017-01-15 19:32:19] SUCCESS Module 'switches' registered trigger 'switch.on'.
[2017-01-15 19:32:19] SUCCESS Module 'switches' registered trigger 'switch.off'.
[2017-01-15 19:32:19] SUCCESS Condition 'switch.isOn' was registered.
[2017-01-15 19:32:19] SUCCESS Action 'switch.on' was registered.
[2017-01-15 19:32:19] SUCCESS Action 'switch.off' was registered.
[2017-01-15 19:32:19] SUCCESS Template for module switches registered.
[2017-01-15 19:32:19] SUCCESS Registered module 'switches'.
[2017-01-15 19:32:19] INFO Registering module 'voice'...
[2017-01-15 19:32:19] SUCCESS Module 'voice' registered trigger 'voice-input.parsed'.
[2017-01-15 19:32:19] SUCCESS Module 'voice' is listening to 'microphone.input'.
[2017-01-15 19:32:19] SUCCESS Module 'voice' is listening to 'voice-input.parsed'.
[2017-01-15 19:32:19] SUCCESS Action 'voice-input.parse' was registered.
[2017-01-15 19:32:19] SUCCESS Template for module voice registered.
[2017-01-15 19:32:19] SUCCESS Registered module 'voice'.
[2017-01-15 19:32:19] ERROR The module in the 'weather' folder didn't provide any or not enough info. Ignoring the module.
[2017-01-15 19:32:20] INFO Added routes for module 'ifttt'.
[2017-01-15 19:32:20] INFO Added routes for module 'music'.
[2017-01-15 19:32:20] SUCCESS State is now in sync with the IO-Server.
[2017-01-15 19:32:20] INFO Setup complete!
[2017-01-15 19:32:20] SUCCESS Halbert-Interface available!
[2017-01-15 19:32:20] INFO http://localhost:3000
[2017-01-15 19:32:20] INFO http://192.168.178.28:3000
[2017-01-15 19:32:20] INFO Authorized Google Play Music.
[2017-01-15 19:32:23] INFO GET /
[2017-01-15 19:32:23] INFO GET /login
[2017-01-15 19:32:23] INFO GET /css/framework.css
[2017-01-15 19:32:23] INFO GET /js/jquery.js
[2017-01-15 19:32:23] INFO GET /js/bootstrap.js
[2017-01-15 19:32:24] INFO POST /login
[2017-01-15 19:32:24] INFO GET /login
[2017-01-15 19:32:24] INFO GET /css/framework.css
[2017-01-15 19:32:24] INFO GET /js/jquery.js
[2017-01-15 19:32:24] INFO GET /js/bootstrap.js
[2017-01-15 19:32:35] INFO POST /login
[2017-01-15 19:32:35] INFO GET /



Starting Server at: 2017-01-15T18:32:56.797Z
[2017-01-15 19:32:56] INFO Setting up H.A.L.B.E.R.T....
[2017-01-15 19:32:56] INFO Debug Mode: DISABLED
[2017-01-15 19:32:56] INFO Session-ID: 05ef4992-2fb0-43e6-b2ba-a733ebf96664
[2017-01-15 19:32:57] INFO Begin registering modules
[2017-01-15 19:32:57] INFO Template Cache: DISABLED
[2017-01-15 19:32:57] INFO Registering module 'ifttt'...
[2017-01-15 19:32:57] SUCCESS Module 'ifttt' registered trigger 'ifttt.webhook'.
[2017-01-15 19:32:57] SUCCESS Action 'ifttt.request-event' was registered.
[2017-01-15 19:32:57] SUCCESS Registered module 'ifttt'.
[2017-01-15 19:32:57] INFO Registering module 'music'...
[2017-01-15 19:32:57] SUCCESS Action 'music.play' was registered.
[2017-01-15 19:32:57] SUCCESS Action 'music.resume' was registered.
[2017-01-15 19:32:57] SUCCESS Action 'music.pause' was registered.
[2017-01-15 19:32:57] SUCCESS Template for module music registered.
[2017-01-15 19:32:57] SUCCESS Registered module 'music'.
[2017-01-15 19:32:57] INFO Prepared switch desk-leds.
[2017-01-15 19:32:57] INFO Prepared switch desk-light.
[2017-01-15 19:32:57] INFO Registering module 'switches'...
[2017-01-15 19:32:57] SUCCESS Module 'switches' registered trigger 'switch.on'.
[2017-01-15 19:32:57] SUCCESS Module 'switches' registered trigger 'switch.off'.
[2017-01-15 19:32:57] SUCCESS Condition 'switch.isOn' was registered.
[2017-01-15 19:32:57] SUCCESS Action 'switch.on' was registered.
[2017-01-15 19:32:57] SUCCESS Action 'switch.off' was registered.
[2017-01-15 19:32:57] SUCCESS Template for module switches registered.
[2017-01-15 19:32:57] SUCCESS Registered module 'switches'.
[2017-01-15 19:32:57] INFO Registering module 'voice'...
[2017-01-15 19:32:57] SUCCESS Module 'voice' registered trigger 'voice-input.parsed'.
[2017-01-15 19:32:57] SUCCESS Module 'voice' is listening to 'microphone.input'.
[2017-01-15 19:32:57] SUCCESS Module 'voice' is listening to 'voice-input.parsed'.
[2017-01-15 19:32:57] SUCCESS Action 'voice-input.parse' was registered.
[2017-01-15 19:32:57] SUCCESS Template for module voice registered.
[2017-01-15 19:32:57] SUCCESS Registered module 'voice'.
[2017-01-15 19:32:57] ERROR The module in the 'weather' folder didn't provide any or not enough info. Ignoring the module.
[2017-01-15 19:32:57] INFO Added routes for module 'ifttt'.
[2017-01-15 19:32:57] INFO Added routes for module 'music'.
[2017-01-15 19:32:57] SUCCESS State is now in sync with the IO-Server.
[2017-01-15 19:32:57] INFO Setup complete!
[2017-01-15 19:32:58] SUCCESS Halbert-Interface available!
[2017-01-15 19:32:58] INFO http://localhost:3000
[2017-01-15 19:32:58] INFO http://192.168.178.28:3000
[2017-01-15 19:32:58] INFO Authorized Google Play Music.
[2017-01-15 19:32:59] INFO GET /
[2017-01-15 19:32:59] INFO GET /login
[2017-01-15 19:33:00] INFO GET /css/framework.css
[2017-01-15 19:33:00] INFO GET /js/jquery.js
[2017-01-15 19:33:00] INFO GET /js/bootstrap.js
[2017-01-15 19:33:04] INFO POST /login
[2017-01-15 19:33:05] INFO GET /



Starting Server at: 2017-01-15T18:33:38.441Z
[2017-01-15 19:33:38] INFO Setting up H.A.L.B.E.R.T....
[2017-01-15 19:33:38] INFO Debug Mode: DISABLED
[2017-01-15 19:33:38] INFO Session-ID: 0fda5608-a1e1-4bab-bb3d-47efb83ff590
[2017-01-15 19:33:39] INFO Begin registering modules
[2017-01-15 19:33:39] INFO Template Cache: DISABLED
[2017-01-15 19:33:39] INFO Registering module 'ifttt'...
[2017-01-15 19:33:39] SUCCESS Module 'ifttt' registered trigger 'ifttt.webhook'.
[2017-01-15 19:33:39] SUCCESS Action 'ifttt.request-event' was registered.
[2017-01-15 19:33:39] SUCCESS Registered module 'ifttt'.
[2017-01-15 19:33:39] INFO Registering module 'music'...
[2017-01-15 19:33:39] SUCCESS Action 'music.play' was registered.
[2017-01-15 19:33:39] SUCCESS Action 'music.resume' was registered.
[2017-01-15 19:33:39] SUCCESS Action 'music.pause' was registered.
[2017-01-15 19:33:39] SUCCESS Template for module music registered.
[2017-01-15 19:33:39] SUCCESS Registered module 'music'.
[2017-01-15 19:33:40] INFO Prepared switch desk-leds.
[2017-01-15 19:33:40] INFO Prepared switch desk-light.
[2017-01-15 19:33:40] INFO Registering module 'switches'...
[2017-01-15 19:33:40] SUCCESS Module 'switches' registered trigger 'switch.on'.
[2017-01-15 19:33:40] SUCCESS Module 'switches' registered trigger 'switch.off'.
[2017-01-15 19:33:40] SUCCESS Condition 'switch.isOn' was registered.
[2017-01-15 19:33:40] SUCCESS Action 'switch.on' was registered.
[2017-01-15 19:33:40] SUCCESS Action 'switch.off' was registered.
[2017-01-15 19:33:40] SUCCESS Template for module switches registered.
[2017-01-15 19:33:40] SUCCESS Registered module 'switches'.
[2017-01-15 19:33:40] INFO Registering module 'voice'...
[2017-01-15 19:33:40] SUCCESS Module 'voice' registered trigger 'voice-input.parsed'.
[2017-01-15 19:33:40] SUCCESS Module 'voice' is listening to 'microphone.input'.
[2017-01-15 19:33:40] SUCCESS Module 'voice' is listening to 'voice-input.parsed'.
[2017-01-15 19:33:40] SUCCESS Action 'voice-input.parse' was registered.
[2017-01-15 19:33:40] SUCCESS Template for module voice registered.
[2017-01-15 19:33:40] SUCCESS Registered module 'voice'.
[2017-01-15 19:33:40] ERROR The module in the 'weather' folder didn't provide any or not enough info. Ignoring the module.
[2017-01-15 19:33:41] INFO Added routes for module 'ifttt'.
[2017-01-15 19:33:41] INFO Added routes for module 'music'.
[2017-01-15 19:33:41] SUCCESS State is now in sync with the IO-Server.
[2017-01-15 19:33:41] INFO Setup complete!
[2017-01-15 19:33:41] SUCCESS Halbert-Interface available!
[2017-01-15 19:33:41] INFO http://localhost:3000
[2017-01-15 19:33:41] INFO http://192.168.178.28:3000
[2017-01-15 19:33:42] INFO Authorized Google Play Music.
[2017-01-15 19:33:43] INFO GET /
[2017-01-15 19:33:43] INFO GET /login
[2017-01-15 19:33:43] INFO GET /css/framework.css
[2017-01-15 19:33:43] INFO GET /js/jquery.js
[2017-01-15 19:33:43] INFO GET /js/bootstrap.js
[2017-01-15 19:34:02] INFO POST /login
[2017-01-15 19:34:02] INFO GET /



Starting Server at: 2017-01-15T18:35:00.387Z
[2017-01-15 19:35:00] INFO Setting up H.A.L.B.E.R.T....
[2017-01-15 19:35:01] INFO Debug Mode: DISABLED
[2017-01-15 19:35:01] INFO Session-ID: 7d59689f-6c48-4642-a15a-1c9f73018ac0
[2017-01-15 19:35:01] INFO Begin registering modules
[2017-01-15 19:35:01] INFO Template Cache: DISABLED
[2017-01-15 19:35:01] INFO Registering module 'ifttt'...
[2017-01-15 19:35:01] SUCCESS Module 'ifttt' registered trigger 'ifttt.webhook'.
[2017-01-15 19:35:01] SUCCESS Action 'ifttt.request-event' was registered.
[2017-01-15 19:35:01] SUCCESS Registered module 'ifttt'.
[2017-01-15 19:35:02] INFO Registering module 'music'...
[2017-01-15 19:35:02] SUCCESS Action 'music.play' was registered.
[2017-01-15 19:35:02] SUCCESS Action 'music.resume' was registered.
[2017-01-15 19:35:02] SUCCESS Action 'music.pause' was registered.
[2017-01-15 19:35:02] SUCCESS Template for module music registered.
[2017-01-15 19:35:02] SUCCESS Registered module 'music'.
[2017-01-15 19:35:02] INFO Prepared switch desk-leds.
[2017-01-15 19:35:02] INFO Prepared switch desk-light.
[2017-01-15 19:35:02] INFO Registering module 'switches'...
[2017-01-15 19:35:02] SUCCESS Module 'switches' registered trigger 'switch.on'.
[2017-01-15 19:35:02] SUCCESS Module 'switches' registered trigger 'switch.off'.
[2017-01-15 19:35:02] SUCCESS Condition 'switch.isOn' was registered.
[2017-01-15 19:35:02] SUCCESS Action 'switch.on' was registered.
[2017-01-15 19:35:02] SUCCESS Action 'switch.off' was registered.
[2017-01-15 19:35:02] SUCCESS Template for module switches registered.
[2017-01-15 19:35:02] SUCCESS Registered module 'switches'.
[2017-01-15 19:35:02] INFO Registering module 'voice'...
[2017-01-15 19:35:02] SUCCESS Module 'voice' registered trigger 'voice-input.parsed'.
[2017-01-15 19:35:02] SUCCESS Module 'voice' is listening to 'microphone.input'.
[2017-01-15 19:35:02] SUCCESS Module 'voice' is listening to 'voice-input.parsed'.
[2017-01-15 19:35:02] SUCCESS Action 'voice-input.parse' was registered.
[2017-01-15 19:35:02] SUCCESS Template for module voice registered.
[2017-01-15 19:35:02] SUCCESS Registered module 'voice'.
[2017-01-15 19:35:03] ERROR The module in the 'weather' folder didn't provide any or not enough info. Ignoring the module.
[2017-01-15 19:35:07] INFO Added routes for module 'ifttt'.
[2017-01-15 19:35:07] INFO Added routes for module 'music'.
[2017-01-15 19:35:07] SUCCESS State is now in sync with the IO-Server.
[2017-01-15 19:35:07] INFO Setup complete!
[2017-01-15 19:35:07] SUCCESS Halbert-Interface available!
[2017-01-15 19:35:07] INFO http://localhost:3000
[2017-01-15 19:35:07] INFO http://192.168.178.28:3000
[2017-01-15 19:35:07] INFO Authorized Google Play Music.
[2017-01-15 19:35:07] INFO GET /
[2017-01-15 19:35:08] INFO GET /login
[2017-01-15 19:35:08] INFO GET /css/framework.css
[2017-01-15 19:35:08] INFO GET /js/jquery.js
[2017-01-15 19:35:08] INFO GET /js/bootstrap.js
[2017-01-15 19:35:13] INFO POST /login
[2017-01-15 19:35:13] INFO GET /



Starting Server at: 2017-01-15T18:35:26.825Z
[2017-01-15 19:35:26] INFO Setting up H.A.L.B.E.R.T....
[2017-01-15 19:35:26] INFO Debug Mode: DISABLED
[2017-01-15 19:35:26] INFO Session-ID: 327339e3-3878-46e4-a997-f13aa565a129
[2017-01-15 19:35:27] INFO Begin registering modules
[2017-01-15 19:35:27] INFO Template Cache: DISABLED
[2017-01-15 19:35:27] INFO Registering module 'ifttt'...
[2017-01-15 19:35:27] SUCCESS Module 'ifttt' registered trigger 'ifttt.webhook'.
[2017-01-15 19:35:27] SUCCESS Action 'ifttt.request-event' was registered.
[2017-01-15 19:35:27] SUCCESS Registered module 'ifttt'.
[2017-01-15 19:35:27] INFO Registering module 'music'...
[2017-01-15 19:35:27] SUCCESS Action 'music.play' was registered.
[2017-01-15 19:35:27] SUCCESS Action 'music.resume' was registered.
[2017-01-15 19:35:27] SUCCESS Action 'music.pause' was registered.
[2017-01-15 19:35:27] SUCCESS Template for module music registered.
[2017-01-15 19:35:27] SUCCESS Registered module 'music'.
[2017-01-15 19:35:27] INFO Prepared switch desk-leds.
[2017-01-15 19:35:27] INFO Prepared switch desk-light.
[2017-01-15 19:35:27] INFO Registering module 'switches'...
[2017-01-15 19:35:27] SUCCESS Module 'switches' registered trigger 'switch.on'.
[2017-01-15 19:35:27] SUCCESS Module 'switches' registered trigger 'switch.off'.
[2017-01-15 19:35:27] SUCCESS Condition 'switch.isOn' was registered.
[2017-01-15 19:35:27] SUCCESS Action 'switch.on' was registered.
[2017-01-15 19:35:27] SUCCESS Action 'switch.off' was registered.
[2017-01-15 19:35:27] SUCCESS Template for module switches registered.
[2017-01-15 19:35:27] SUCCESS Registered module 'switches'.
[2017-01-15 19:35:27] INFO Registering module 'voice'...
[2017-01-15 19:35:27] SUCCESS Module 'voice' registered trigger 'voice-input.parsed'.
[2017-01-15 19:35:27] SUCCESS Module 'voice' is listening to 'microphone.input'.
[2017-01-15 19:35:27] SUCCESS Module 'voice' is listening to 'voice-input.parsed'.
[2017-01-15 19:35:27] SUCCESS Action 'voice-input.parse' was registered.
[2017-01-15 19:35:27] SUCCESS Template for module voice registered.
[2017-01-15 19:35:27] SUCCESS Registered module 'voice'.
[2017-01-15 19:35:27] ERROR The module in the 'weather' folder didn't provide any or not enough info. Ignoring the module.
[2017-01-15 19:35:27] INFO Added routes for module 'ifttt'.
[2017-01-15 19:35:27] INFO Added routes for module 'music'.
[2017-01-15 19:35:27] SUCCESS State is now in sync with the IO-Server.
[2017-01-15 19:35:27] INFO Setup complete!
[2017-01-15 19:35:27] SUCCESS Halbert-Interface available!
[2017-01-15 19:35:27] INFO http://localhost:3000
[2017-01-15 19:35:27] INFO http://192.168.178.28:3000
[2017-01-15 19:35:28] INFO Authorized Google Play Music.
[2017-01-15 19:35:31] INFO GET /
[2017-01-15 19:35:31] INFO GET /login
[2017-01-15 19:35:31] INFO GET /css/framework.css
[2017-01-15 19:35:31] INFO GET /js/jquery.js
[2017-01-15 19:35:31] INFO GET /js/bootstrap.js
[2017-01-15 19:35:35] INFO GET /login
[2017-01-15 19:35:35] INFO GET /css/framework.css
[2017-01-15 19:35:35] INFO GET /js/jquery.js
[2017-01-15 19:35:35] INFO GET /js/bootstrap.js
[2017-01-15 19:35:39] INFO POST /login
[2017-01-15 19:35:39] INFO GET /



Starting Server at: 2017-01-15T18:36:34.685Z
[2017-01-15 19:36:34] INFO Setting up H.A.L.B.E.R.T....
[2017-01-15 19:36:34] INFO Debug Mode: DISABLED
[2017-01-15 19:36:34] INFO Session-ID: c72370ca-b308-466a-a692-779d9ab14df2
[2017-01-15 19:36:34] INFO Begin registering modules
[2017-01-15 19:36:34] INFO Template Cache: DISABLED
[2017-01-15 19:36:34] INFO Registering module 'ifttt'...
[2017-01-15 19:36:34] SUCCESS Module 'ifttt' registered trigger 'ifttt.webhook'.
[2017-01-15 19:36:34] SUCCESS Action 'ifttt.request-event' was registered.
[2017-01-15 19:36:34] SUCCESS Registered module 'ifttt'.
[2017-01-15 19:36:35] INFO Registering module 'music'...
[2017-01-15 19:36:35] SUCCESS Action 'music.play' was registered.
[2017-01-15 19:36:35] SUCCESS Action 'music.resume' was registered.
[2017-01-15 19:36:35] SUCCESS Action 'music.pause' was registered.
[2017-01-15 19:36:35] SUCCESS Template for module music registered.
[2017-01-15 19:36:35] SUCCESS Registered module 'music'.
[2017-01-15 19:36:35] INFO Prepared switch desk-leds.
[2017-01-15 19:36:35] INFO Prepared switch desk-light.
[2017-01-15 19:36:35] INFO Registering module 'switches'...
[2017-01-15 19:36:35] SUCCESS Module 'switches' registered trigger 'switch.on'.
[2017-01-15 19:36:35] SUCCESS Module 'switches' registered trigger 'switch.off'.
[2017-01-15 19:36:35] SUCCESS Condition 'switch.isOn' was registered.
[2017-01-15 19:36:35] SUCCESS Action 'switch.on' was registered.
[2017-01-15 19:36:35] SUCCESS Action 'switch.off' was registered.
[2017-01-15 19:36:35] SUCCESS Template for module switches registered.
[2017-01-15 19:36:35] SUCCESS Registered module 'switches'.
[2017-01-15 19:36:35] INFO Registering module 'voice'...
[2017-01-15 19:36:35] SUCCESS Module 'voice' registered trigger 'voice-input.parsed'.
[2017-01-15 19:36:35] SUCCESS Module 'voice' is listening to 'microphone.input'.
[2017-01-15 19:36:35] SUCCESS Module 'voice' is listening to 'voice-input.parsed'.
[2017-01-15 19:36:35] SUCCESS Action 'voice-input.parse' was registered.
[2017-01-15 19:36:35] SUCCESS Template for module voice registered.
[2017-01-15 19:36:35] SUCCESS Registered module 'voice'.
[2017-01-15 19:36:35] ERROR The module in the 'weather' folder didn't provide any or not enough info. Ignoring the module.
[2017-01-15 19:36:35] INFO Added routes for module 'ifttt'.
[2017-01-15 19:36:35] INFO Added routes for module 'music'.
[2017-01-15 19:36:35] SUCCESS State is now in sync with the IO-Server.
[2017-01-15 19:36:35] INFO Setup complete!
[2017-01-15 19:36:35] SUCCESS Halbert-Interface available!
[2017-01-15 19:36:35] INFO http://localhost:3000
[2017-01-15 19:36:35] INFO http://192.168.178.28:3000
[2017-01-15 19:36:36] INFO Authorized Google Play Music.
[2017-01-15 19:36:39] INFO GET /
[2017-01-15 19:36:39] INFO GET /login
[2017-01-15 19:36:39] INFO GET /css/framework.css
[2017-01-15 19:36:39] INFO GET /js/jquery.js
[2017-01-15 19:36:39] INFO GET /js/bootstrap.js
[2017-01-15 19:36:44] INFO POST /login
[2017-01-15 19:36:44] INFO GET /
