


Starting Server at: 2017-01-12T14:57:24.786Z
[2017-01-12 15:57:24] INFO Setting up H.A.L.B.E.R.T....
[2017-01-12 15:57:24] INFO Debug Mode: ENABLED
[2017-01-12 15:57:24] INFO Session-ID: KJ1UmfVm1i5Q4Tjye2DS
[2017-01-12 15:57:25] INFO Begin registering modules
[2017-01-12 15:57:25] INFO Template Cache: DISABLED
[2017-01-12 15:57:25] INFO Registering module 'music'...
[2017-01-12 15:57:25] SUCCESS Action 'music.play' was registered.
[2017-01-12 15:57:25] SUCCESS Action 'music.resume' was registered.
[2017-01-12 15:57:25] SUCCESS Action 'music.pause' was registered.
[2017-01-12 15:57:25] SUCCESS Template for module music registered.
[2017-01-12 15:57:25] SUCCESS Registered module 'music'.
[2017-01-12 15:57:26] INFO Prepared switch desk-leds.
[2017-01-12 15:57:26] INFO Prepared switch desk-light.
[2017-01-12 15:57:26] INFO Registering module 'switches'...
[2017-01-12 15:57:26] SUCCESS Module 'switches' registered trigger 'switch.on'.
[2017-01-12 15:57:26] SUCCESS Module 'switches' registered trigger 'switch.off'.
[2017-01-12 15:57:26] SUCCESS Condition 'switch.isOn' was registered.
[2017-01-12 15:57:26] SUCCESS Action 'switch.on' was registered.
[2017-01-12 15:57:26] SUCCESS Action 'switch.off' was registered.
[2017-01-12 15:57:26] SUCCESS Template for module switches registered.
[2017-01-12 15:57:26] SUCCESS Registered module 'switches'.
[2017-01-12 15:57:26] INFO Registering module 'voice'...
[2017-01-12 15:57:26] SUCCESS Module 'voice' registered trigger 'voice-input.parsed'.
[2017-01-12 15:57:26] SUCCESS Module 'voice' is listening to 'microphone.input'.
[2017-01-12 15:57:26] SUCCESS Module 'voice' is listening to 'voice-input.parsed'.
[2017-01-12 15:57:26] SUCCESS Action 'voice-input.parse' was registered.
[2017-01-12 15:57:26] SUCCESS Template for module voice registered.
[2017-01-12 15:57:26] SUCCESS Registered module 'voice'.
[2017-01-12 15:57:26] ERROR The module in the 'weather' folder didn't provide any or not enough info. Ignoring the module.
[2017-01-12 15:57:28] INFO Added routes for module 'music'.
[2017-01-12 15:57:28] SUCCESS State is now in sync with the IO-Server.
[2017-01-12 15:57:28] INFO Setup complete!
[2017-01-12 15:57:28] SUCCESS Halbert-Interface available!
[2017-01-12 15:57:28] INFO http://localhost:3000
[2017-01-12 15:57:28] INFO http://192.168.178.28:3000
[2017-01-12 15:57:29] INFO Authorized Google Play Music.
[2017-01-12 15:57:32] INFO GET /
[2017-01-12 15:57:32] INFO GET /css/framework.css
[2017-01-12 15:57:32] INFO GET /js/vue.js
[2017-01-12 15:57:32] INFO GET /js/masonry.js
[2017-01-12 15:57:32] INFO GET /js/dashboard.js
[2017-01-12 15:57:32] INFO GET /js/jquery.js
[2017-01-12 15:57:32] INFO GET /js/bootstrap.js
[2017-01-12 15:57:32] INFO GET /js/resize.js
[2017-01-12 15:57:32] INFO GET /js/fastclick.min.js
[2017-01-12 15:57:33] INFO GET /music/playlists
[2017-01-12 15:57:33] INFO State for music.playing requested.
[2017-01-12 15:57:33] INFO State for music.song requested.
[2017-01-12 15:57:33] INFO State for switches.switch_desk-leds requested.
[2017-01-12 15:57:33] INFO State for switches.busy requested.
[2017-01-12 15:57:33] INFO State for switches.switch_desk-light requested.
[2017-01-12 15:57:33] INFO State for switches.busy requested.
[2017-01-12 15:58:57] INFO Client disconnected from IO.
[2017-01-12 16:41:25] INFO Received command to execute action voice-input.parse
[2017-01-12 16:41:26] INFO API.ai query for 'play Baby Got Back' got {
  "source": "agent",
  "resolvedQuery": "play Baby Got Back",
  "action": "music.play",
  "actionIncomplete": false,
  "parameters": {
    "query": "Baby Got Back"
  },
  "contexts": [],
  "metadata": {
    "intentId": "26d0d8b4-265d-41c6-8655-774fe63380fd",
    "webhookUsed": "false",
    "webhookForSlotFillingUsed": "false",
    "intentName": "music.play"
  },
  "fulfillment": {
    "speech": "",
    "messages": [
      {
        "type": 0,
        "speech": ""
      }
    ]
  },
  "score": 1
}
[2017-01-12 16:41:27] INFO Fetched streamUrl: https://r9---sn-4g57knzs.c.doc-0-0-sj.sj.googleusercontent.com/videoplayback?id=783371017636fcf3&itag=25&source=skyjam&begin=0&upn=N2Brflv4rVo&o=00684180663434356417&cmbypass=yes&ratebypass=yes&ip=79.205.64.147&ipbits=0&expire=1484235776&sparams=cmbypass,expire,id,ip,ipbits,itag,mm,mn,ms,mv,nh,o,pl,ratebypass,source,upn&signature=4F30E6477E87A590F52CC5CF64E7FF89D5F1FB07.1AA9DCB6EEC188A3920D94316816CB113A92A2D5&key=cms1&mm=31&mn=sn-4g57knzs&ms=au&mt=1484235382&mv=m&nh=IgpwZjAxLmZyYTE2Kg44Ny4xMjguMjM4LjEzMw&pl=18
[2017-01-12 16:41:27] INFO State at music.song was updated with {
  "title": "Baby Got Back",
  "artist": "Sir Mix-A-Lot",
  "album": "Baby Got Back",
  "albumArt": "http://lh6.ggpht.com/CsoLJm1nhCDxE6UIQGEJnSa8I0vR_VQuidKjjtvw8iomnNRgWjZaoMPS5dK1Ud1nTgf_KyNv0TA"
}
[2017-01-12 16:41:27] INFO State at music.playing was updated with true



Starting Server at: 2017-01-12T15:41:37.751Z
[2017-01-12 16:41:37] INFO Setting up H.A.L.B.E.R.T....
[2017-01-12 16:41:38] INFO Debug Mode: ENABLED
[2017-01-12 16:41:38] INFO Session-ID: fn7RO6FFaVddW8YPcD8t
[2017-01-12 16:41:38] INFO Begin registering modules
[2017-01-12 16:41:38] INFO Template Cache: DISABLED
[2017-01-12 16:41:39] INFO Registering module 'music'...
[2017-01-12 16:41:39] SUCCESS Action 'music.play' was registered.
[2017-01-12 16:41:39] SUCCESS Action 'music.resume' was registered.
[2017-01-12 16:41:39] SUCCESS Action 'music.pause' was registered.
[2017-01-12 16:41:39] SUCCESS Template for module music registered.
[2017-01-12 16:41:39] SUCCESS Registered module 'music'.
[2017-01-12 16:41:39] INFO Prepared switch desk-leds.
[2017-01-12 16:41:39] INFO Prepared switch desk-light.
[2017-01-12 16:41:39] INFO Registering module 'switches'...
[2017-01-12 16:41:39] SUCCESS Module 'switches' registered trigger 'switch.on'.
[2017-01-12 16:41:39] SUCCESS Module 'switches' registered trigger 'switch.off'.
[2017-01-12 16:41:39] SUCCESS Condition 'switch.isOn' was registered.
[2017-01-12 16:41:39] SUCCESS Action 'switch.on' was registered.
[2017-01-12 16:41:39] SUCCESS Action 'switch.off' was registered.
[2017-01-12 16:41:39] SUCCESS Template for module switches registered.
[2017-01-12 16:41:39] SUCCESS Registered module 'switches'.
[2017-01-12 16:41:39] INFO Registering module 'voice'...
[2017-01-12 16:41:39] SUCCESS Module 'voice' registered trigger 'voice-input.parsed'.
[2017-01-12 16:41:39] SUCCESS Module 'voice' is listening to 'microphone.input'.
[2017-01-12 16:41:39] SUCCESS Module 'voice' is listening to 'voice-input.parsed'.
[2017-01-12 16:41:39] SUCCESS Action 'voice-input.parse' was registered.
[2017-01-12 16:41:39] SUCCESS Template for module voice registered.
[2017-01-12 16:41:39] SUCCESS Registered module 'voice'.
[2017-01-12 16:41:39] ERROR The module in the 'weather' folder didn't provide any or not enough info. Ignoring the module.
[2017-01-12 16:41:41] INFO Added routes for module 'music'.
[2017-01-12 16:41:41] SUCCESS State is now in sync with the IO-Server.
[2017-01-12 16:41:41] INFO Setup complete!
[2017-01-12 16:41:41] SUCCESS Halbert-Interface available!
[2017-01-12 16:41:41] INFO http://localhost:3000
[2017-01-12 16:41:41] INFO http://192.168.178.28:3000
[2017-01-12 16:41:41] INFO Authorized Google Play Music.
[2017-01-12 16:41:42] INFO GET /
[2017-01-12 16:41:42] INFO GET /css/framework.css
[2017-01-12 16:41:42] INFO GET /js/vue.js
[2017-01-12 16:41:42] INFO GET /js/masonry.js
[2017-01-12 16:41:42] INFO GET /js/bootstrap.js
[2017-01-12 16:41:42] INFO GET /js/dashboard.js
[2017-01-12 16:41:42] INFO GET /js/jquery.js
[2017-01-12 16:41:42] INFO GET /js/resize.js
[2017-01-12 16:41:42] INFO GET /js/fastclick.min.js
[2017-01-12 16:41:42] INFO GET /music/playlists
[2017-01-12 16:41:43] INFO State for music.playing requested.
[2017-01-12 16:41:43] INFO State for music.song requested.
[2017-01-12 16:41:43] INFO State for switches.switch_desk-leds requested.
[2017-01-12 16:41:43] INFO State for switches.busy requested.
[2017-01-12 16:41:43] INFO State for switches.switch_desk-light requested.
[2017-01-12 16:41:43] INFO State for switches.busy requested.
[2017-01-12 16:41:50] INFO Received command to execute action voice-input.parse
[2017-01-12 16:41:51] INFO API.ai query for 'play Baby Got Back' got {
  "source": "agent",
  "resolvedQuery": "play Baby Got Back",
  "action": "music.play",
  "actionIncomplete": false,
  "parameters": {
    "query": "Baby Got Back"
  },
  "contexts": [],
  "metadata": {
    "intentId": "26d0d8b4-265d-41c6-8655-774fe63380fd",
    "webhookUsed": "false",
    "webhookForSlotFillingUsed": "false",
    "intentName": "music.play"
  },
  "fulfillment": {
    "speech": "",
    "messages": [
      {
        "type": 0,
        "speech": ""
      }
    ]
  },
  "score": 1
}
[2017-01-12 16:41:52] INFO Fetched streamUrl: https://r9---sn-4g57knzs.c.doc-0-0-sj.sj.googleusercontent.com/videoplayback?id=783371017636fcf3&itag=25&source=skyjam&begin=0&upn=MBE0TCxQ1rk&o=00684180663434356417&cmbypass=yes&ratebypass=yes&ip=79.205.64.147&ipbits=0&expire=1484235801&sparams=cmbypass,expire,id,ip,ipbits,itag,mm,mn,ms,mv,nh,o,pl,ratebypass,source,upn&signature=4FAB0E88D50EBB298B3F9246DB3E47B72F959E71.19294C468A2238A8DCD939AAC6581BAD77BDB579&key=cms1&mm=31&mn=sn-4g57knzs&ms=au&mt=1484235382&mv=m&nh=IgpwZjAxLmZyYTE2Kg44Ny4xMjguMjM4LjEzMw&pl=18
[2017-01-12 16:41:52] INFO State at music.song was updated with {
  "title": "Baby Got Back",
  "artist": "Sir Mix-A-Lot",
  "album": "Baby Got Back",
  "albumArt": "http://lh6.ggpht.com/CsoLJm1nhCDxE6UIQGEJnSa8I0vR_VQuidKjjtvw8iomnNRgWjZaoMPS5dK1Ud1nTgf_KyNv0TA"
}
[2017-01-12 16:41:52] INFO State at music.playing was updated with true



Starting Server at: 2017-01-12T18:08:12.005Z
[2017-01-12 19:08:12] INFO Setting up H.A.L.B.E.R.T....
[2017-01-12 19:08:12] INFO Debug Mode: DISABLED
[2017-01-12 19:08:12] INFO Session-ID: 1wB2l5BJbATH3VmjLhlx
[2017-01-12 19:08:12] INFO Begin registering modules
[2017-01-12 19:08:12] INFO Template Cache: DISABLED
[2017-01-12 19:08:13] INFO Registering module 'music'...
[2017-01-12 19:08:13] SUCCESS Action 'music.play' was registered.
[2017-01-12 19:08:13] SUCCESS Action 'music.resume' was registered.
[2017-01-12 19:08:13] SUCCESS Action 'music.pause' was registered.
[2017-01-12 19:08:13] SUCCESS Template for module music registered.
[2017-01-12 19:08:13] SUCCESS Registered module 'music'.
[2017-01-12 19:08:13] INFO Prepared switch desk-leds.
[2017-01-12 19:08:13] INFO Prepared switch desk-light.
[2017-01-12 19:08:13] INFO Registering module 'switches'...
[2017-01-12 19:08:13] SUCCESS Module 'switches' registered trigger 'switch.on'.
[2017-01-12 19:08:13] SUCCESS Module 'switches' registered trigger 'switch.off'.
[2017-01-12 19:08:13] SUCCESS Condition 'switch.isOn' was registered.
[2017-01-12 19:08:13] SUCCESS Action 'switch.on' was registered.
[2017-01-12 19:08:13] SUCCESS Action 'switch.off' was registered.
[2017-01-12 19:08:13] SUCCESS Template for module switches registered.
[2017-01-12 19:08:13] SUCCESS Registered module 'switches'.
[2017-01-12 19:08:13] INFO Registering module 'voice'...
[2017-01-12 19:08:13] SUCCESS Module 'voice' registered trigger 'voice-input.parsed'.
[2017-01-12 19:08:13] SUCCESS Module 'voice' is listening to 'microphone.input'.
[2017-01-12 19:08:13] SUCCESS Module 'voice' is listening to 'voice-input.parsed'.
[2017-01-12 19:08:13] SUCCESS Action 'voice-input.parse' was registered.
[2017-01-12 19:08:13] SUCCESS Template for module voice registered.
[2017-01-12 19:08:13] SUCCESS Registered module 'voice'.
[2017-01-12 19:08:14] ERROR The module in the 'weather' folder didn't provide any or not enough info. Ignoring the module.
[2017-01-12 19:08:15] INFO Added routes for module 'music'.
[2017-01-12 19:08:15] SUCCESS State is now in sync with the IO-Server.
[2017-01-12 19:08:15] INFO Setup complete!
[2017-01-12 19:08:15] SUCCESS Halbert-Interface available!
[2017-01-12 19:08:15] INFO http://localhost:3000
[2017-01-12 19:08:15] INFO http://192.168.178.28:3000
[2017-01-12 19:08:16] INFO GET /
[2017-01-12 19:08:16] INFO GET /css/framework.css
[2017-01-12 19:08:16] INFO GET /js/vue.js
[2017-01-12 19:08:16] INFO GET /js/masonry.js
[2017-01-12 19:08:16] INFO GET /js/jquery.js
[2017-01-12 19:08:16] INFO GET /js/dashboard.js
[2017-01-12 19:08:16] INFO GET /js/bootstrap.js
[2017-01-12 19:08:16] INFO GET /js/resize.js
[2017-01-12 19:08:16] INFO GET /js/fastclick.min.js
[2017-01-12 19:08:16] INFO Authorized Google Play Music.
[2017-01-12 19:08:16] INFO GET /music/playlists
[2017-01-12 19:08:17] INFO State for music.playing requested.
[2017-01-12 19:08:17] INFO State for music.song requested.
[2017-01-12 19:08:17] INFO State for switches.switch_desk-leds requested.
[2017-01-12 19:08:17] INFO State for switches.busy requested.
[2017-01-12 19:08:17] INFO State for switches.switch_desk-light requested.
[2017-01-12 19:08:17] INFO State for switches.busy requested.
[2017-01-12 19:08:20] INFO GET /homescreen
[2017-01-12 19:08:20] INFO Client disconnected from IO.
[2017-01-12 19:08:20] INFO GET /css/homescreen.css
[2017-01-12 19:08:20] INFO GET /img/24.pngt
[2017-01-12 19:08:23] INFO GET /homescreen
[2017-01-12 19:08:23] INFO GET /css/homescreen.css
[2017-01-12 19:08:23] INFO GET /img/24.pngt
[2017-01-12 19:08:26] INFO GET /css/homescreen.css
[2017-01-12 19:08:33] INFO GET /img/24.png
[2017-01-12 19:08:42] INFO GET /homescreen
[2017-01-12 19:08:42] INFO GET /css/homescreen.css
[2017-01-12 19:08:42] INFO GET /img/24.png
[2017-01-12 19:08:50] INFO GET /css/homescreen.css
[2017-01-12 19:09:05] INFO GET /img/24.png
[2017-01-12 19:16:44] INFO GET /homescreen
[2017-01-12 19:16:44] INFO GET /css/homescreen.css
[2017-01-12 19:16:44] INFO GET /img/flat.jpg
[2017-01-12 19:18:53] INFO GET /
[2017-01-12 19:18:54] INFO GET /css/framework.css
[2017-01-12 19:18:54] INFO GET /js/vue.js
[2017-01-12 19:18:54] INFO GET /js/masonry.js
[2017-01-12 19:18:54] INFO GET /js/dashboard.js
[2017-01-12 19:18:54] INFO GET /js/jquery.js
[2017-01-12 19:18:54] INFO GET /js/bootstrap.js
[2017-01-12 19:18:54] INFO GET /js/resize.js
[2017-01-12 19:18:54] INFO GET /js/fastclick.min.js
[2017-01-12 19:18:54] INFO GET /music/playlists
[2017-01-12 19:18:55] INFO State for music.playing requested.
[2017-01-12 19:18:55] INFO State for music.song requested.
[2017-01-12 19:18:55] INFO State for switches.switch_desk-leds requested.
[2017-01-12 19:18:55] INFO State for switches.busy requested.
[2017-01-12 19:18:55] INFO State for switches.switch_desk-light requested.
[2017-01-12 19:18:55] INFO State for switches.busy requested.
[2017-01-12 19:18:57] INFO Received command to execute action switch.on
[2017-01-12 19:18:57] INFO State at switches.busy was updated with true
[2017-01-12 19:18:57] INFO State at switches.switch_desk-leds was updated with {
  "state": true
}
[2017-01-12 19:18:58] INFO State at switches.busy was updated with false
[2017-01-12 19:19:06] INFO Received command to execute action music.play
[2017-01-12 19:19:06] INFO State at music.song was updated with {
  "title": "Free Tibet (Vini Vici Remix)",
  "artist": "Hilight Tribe",
  "album": "Grotesque 250",
  "albumArt": "http://lh3.googleusercontent.com/Af4FIThlPi3dQYQ_m1509M423P57bH2opYpUV0yRMvOU4ru57s8eyNKr-v6IjoXOLSwanEJrGA"
}
[2017-01-12 19:19:06] INFO State at music.playing was updated with true
[2017-01-12 19:19:11] INFO Received command to execute action music.play
[2017-01-12 19:19:11] INFO State at music.song was updated with {
  "title": "Wannabe (Radio Edit)",
  "artist": "Spice Girls",
  "album": "Spice",
  "albumArt": "http://lh3.ggpht.com/eIF6qj5lKQgNDGMjfip4b3qIUs7iQJGKf85Xt7Gaq8zfTDVvRgatOaFeGRjA8gDUwWKBXJTwTQ"
}
[2017-01-12 19:19:11] INFO State at music.playing was updated with false
[2017-01-12 19:19:11] INFO State at music.playing was updated with true
[2017-01-12 19:19:30] INFO Received command to execute action music.pause
[2017-01-12 19:19:30] INFO State at music.playing was updated with false



Starting Server at: 2017-01-12T18:56:06.791Z
[2017-01-12 19:56:06] INFO Setting up H.A.L.B.E.R.T....
[2017-01-12 19:56:07] INFO Debug Mode: DISABLED
[2017-01-12 19:56:07] INFO Session-ID: lItVnDQfgjY3AAPvAdGr
[2017-01-12 19:56:07] INFO Begin registering modules
[2017-01-12 19:56:07] INFO Template Cache: DISABLED
[2017-01-12 19:56:08] INFO Registering module 'ifttt'...
[2017-01-12 19:56:08] SUCCESS Module 'ifttt' registered trigger 'ifttt.webhook'.
[2017-01-12 19:56:08] SUCCESS Action 'ifttt.request-event' was registered.
[2017-01-12 19:56:08] SUCCESS Registered module 'ifttt'.
[2017-01-12 19:56:09] INFO Registering module 'music'...
[2017-01-12 19:56:09] SUCCESS Action 'music.play' was registered.
[2017-01-12 19:56:09] SUCCESS Action 'music.resume' was registered.
[2017-01-12 19:56:09] SUCCESS Action 'music.pause' was registered.
[2017-01-12 19:56:09] SUCCESS Template for module music registered.
[2017-01-12 19:56:09] SUCCESS Registered module 'music'.
[2017-01-12 19:56:10] INFO Prepared switch desk-leds.
[2017-01-12 19:56:10] INFO Prepared switch desk-light.
[2017-01-12 19:56:10] INFO Registering module 'switches'...
[2017-01-12 19:56:10] SUCCESS Module 'switches' registered trigger 'switch.on'.
[2017-01-12 19:56:10] SUCCESS Module 'switches' registered trigger 'switch.off'.
[2017-01-12 19:56:10] SUCCESS Condition 'switch.isOn' was registered.
[2017-01-12 19:56:10] SUCCESS Action 'switch.on' was registered.
[2017-01-12 19:56:10] SUCCESS Action 'switch.off' was registered.
[2017-01-12 19:56:10] SUCCESS Template for module switches registered.
[2017-01-12 19:56:10] SUCCESS Registered module 'switches'.
[2017-01-12 19:56:10] INFO Registering module 'voice'...
[2017-01-12 19:56:10] SUCCESS Module 'voice' registered trigger 'voice-input.parsed'.
[2017-01-12 19:56:10] SUCCESS Module 'voice' is listening to 'microphone.input'.
[2017-01-12 19:56:10] SUCCESS Module 'voice' is listening to 'voice-input.parsed'.
[2017-01-12 19:56:10] SUCCESS Action 'voice-input.parse' was registered.
[2017-01-12 19:56:10] SUCCESS Template for module voice registered.
[2017-01-12 19:56:10] SUCCESS Registered module 'voice'.
[2017-01-12 19:56:10] ERROR The module in the 'weather' folder didn't provide any or not enough info. Ignoring the module.
[2017-01-12 19:56:12] INFO Added routes for module 'music'.
[2017-01-12 19:56:12] SUCCESS State is now in sync with the IO-Server.
[2017-01-12 19:56:13] INFO Setup complete!
[2017-01-12 19:56:13] SUCCESS Halbert-Interface available!
[2017-01-12 19:56:13] INFO http://localhost:3000
[2017-01-12 19:56:13] INFO http://192.168.178.28:3000
[2017-01-12 19:56:13] INFO Authorized Google Play Music.
[2017-01-12 19:56:15] INFO GET /
[2017-01-12 19:56:15] INFO Client disconnected from IO.
[2017-01-12 19:56:15] INFO GET /css/framework.css
[2017-01-12 19:56:15] INFO GET /js/vue.js
[2017-01-12 19:56:15] INFO GET /js/masonry.js
[2017-01-12 19:56:15] INFO GET /js/dashboard.js
[2017-01-12 19:56:15] INFO GET /js/jquery.js
[2017-01-12 19:56:15] INFO GET /js/bootstrap.js
[2017-01-12 19:56:15] INFO GET /js/resize.js
[2017-01-12 19:56:15] INFO GET /js/fastclick.min.js
[2017-01-12 19:56:16] INFO GET /music/playlists
[2017-01-12 19:56:16] INFO State for music.playing requested.
[2017-01-12 19:56:16] INFO State for music.song requested.
[2017-01-12 19:56:16] INFO State for switches.switch_desk-leds requested.
[2017-01-12 19:56:16] INFO State for switches.busy requested.
[2017-01-12 19:56:16] INFO State for switches.switch_desk-light requested.
[2017-01-12 19:56:16] INFO State for switches.busy requested.



Starting Server at: 2017-01-12T18:57:34.080Z
[2017-01-12 19:57:34] INFO Setting up H.A.L.B.E.R.T....
[2017-01-12 19:57:34] INFO Debug Mode: DISABLED
[2017-01-12 19:57:34] INFO Session-ID: ATnhnZtW77RG2MOy9uFQ
[2017-01-12 19:57:34] INFO Begin registering modules
[2017-01-12 19:57:34] INFO Template Cache: DISABLED
[2017-01-12 19:57:34] INFO Registering module 'ifttt'...
[2017-01-12 19:57:34] SUCCESS Module 'ifttt' registered trigger 'ifttt.webhook'.
[2017-01-12 19:57:34] SUCCESS Action 'ifttt.request-event' was registered.
[2017-01-12 19:57:34] SUCCESS Registered module 'ifttt'.
[2017-01-12 19:57:35] INFO Registering module 'music'...
[2017-01-12 19:57:35] SUCCESS Action 'music.play' was registered.
[2017-01-12 19:57:35] SUCCESS Action 'music.resume' was registered.
[2017-01-12 19:57:35] SUCCESS Action 'music.pause' was registered.
[2017-01-12 19:57:35] SUCCESS Template for module music registered.
[2017-01-12 19:57:35] SUCCESS Registered module 'music'.
[2017-01-12 19:57:35] INFO Prepared switch desk-leds.
[2017-01-12 19:57:35] INFO Prepared switch desk-light.
[2017-01-12 19:57:35] INFO Registering module 'switches'...
[2017-01-12 19:57:35] SUCCESS Module 'switches' registered trigger 'switch.on'.
[2017-01-12 19:57:35] SUCCESS Module 'switches' registered trigger 'switch.off'.
[2017-01-12 19:57:35] SUCCESS Condition 'switch.isOn' was registered.
[2017-01-12 19:57:35] SUCCESS Action 'switch.on' was registered.
[2017-01-12 19:57:35] SUCCESS Action 'switch.off' was registered.
[2017-01-12 19:57:35] SUCCESS Template for module switches registered.
[2017-01-12 19:57:35] SUCCESS Registered module 'switches'.
[2017-01-12 19:57:35] INFO Registering module 'voice'...
[2017-01-12 19:57:35] SUCCESS Module 'voice' registered trigger 'voice-input.parsed'.
[2017-01-12 19:57:35] SUCCESS Module 'voice' is listening to 'microphone.input'.
[2017-01-12 19:57:35] SUCCESS Module 'voice' is listening to 'voice-input.parsed'.
[2017-01-12 19:57:35] SUCCESS Action 'voice-input.parse' was registered.
[2017-01-12 19:57:35] SUCCESS Template for module voice registered.
[2017-01-12 19:57:35] SUCCESS Registered module 'voice'.
[2017-01-12 19:57:35] ERROR The module in the 'weather' folder didn't provide any or not enough info. Ignoring the module.
[2017-01-12 19:57:36] INFO Added routes for module 'music'.
[2017-01-12 19:57:36] SUCCESS State is now in sync with the IO-Server.
[2017-01-12 19:57:36] INFO Setup complete!
[2017-01-12 19:57:36] SUCCESS Halbert-Interface available!
[2017-01-12 19:57:36] INFO http://localhost:3000
[2017-01-12 19:57:36] INFO http://192.168.178.28:3000
[2017-01-12 19:57:37] INFO Authorized Google Play Music.
[2017-01-12 19:57:37] INFO State for music.playing requested.
[2017-01-12 19:57:38] INFO State for music.song requested.
[2017-01-12 19:57:38] INFO State for switches.switch_desk-leds requested.
[2017-01-12 19:57:38] INFO State for switches.busy requested.
[2017-01-12 19:57:38] INFO State for switches.switch_desk-light requested.
[2017-01-12 19:57:38] INFO State for switches.busy requested.
[2017-01-12 19:57:38] INFO GET /
[2017-01-12 19:57:38] INFO Client disconnected from IO.
[2017-01-12 19:57:38] INFO GET /css/framework.css
[2017-01-12 19:57:38] INFO GET /js/vue.js
[2017-01-12 19:57:38] INFO GET /js/masonry.js
[2017-01-12 19:57:38] INFO GET /js/dashboard.js
[2017-01-12 19:57:38] INFO GET /js/jquery.js
[2017-01-12 19:57:38] INFO GET /js/bootstrap.js
[2017-01-12 19:57:38] INFO GET /js/resize.js
[2017-01-12 19:57:38] INFO GET /js/fastclick.min.js
[2017-01-12 19:57:38] INFO GET /music/playlists
[2017-01-12 19:57:39] INFO State for music.playing requested.
[2017-01-12 19:57:39] INFO State for music.song requested.
[2017-01-12 19:57:39] INFO State for switches.switch_desk-leds requested.
[2017-01-12 19:57:39] INFO State for switches.busy requested.
[2017-01-12 19:57:39] INFO State for switches.switch_desk-light requested.
[2017-01-12 19:57:39] INFO State for switches.busy requested.
[2017-01-12 19:57:46] INFO Received command to execute action ifttt.request-event
[2017-01-12 19:58:01] INFO Received command to execute action ifttt.request-event



Starting Server at: 2017-01-12T18:58:23.769Z
[2017-01-12 19:58:23] INFO Setting up H.A.L.B.E.R.T....
[2017-01-12 19:58:24] INFO Debug Mode: DISABLED
[2017-01-12 19:58:24] INFO Session-ID: x7r1EY8nb3B8WbnmVivn
[2017-01-12 19:58:24] INFO Begin registering modules
[2017-01-12 19:58:24] INFO Template Cache: DISABLED
[2017-01-12 19:58:24] INFO Registering module 'ifttt'...
[2017-01-12 19:58:24] SUCCESS Module 'ifttt' registered trigger 'ifttt.webhook'.
[2017-01-12 19:58:24] SUCCESS Action 'ifttt.request-event' was registered.
[2017-01-12 19:58:24] SUCCESS Registered module 'ifttt'.
[2017-01-12 19:58:25] INFO Registering module 'music'...
[2017-01-12 19:58:25] SUCCESS Action 'music.play' was registered.
[2017-01-12 19:58:25] SUCCESS Action 'music.resume' was registered.
[2017-01-12 19:58:25] SUCCESS Action 'music.pause' was registered.
[2017-01-12 19:58:25] SUCCESS Template for module music registered.
[2017-01-12 19:58:25] SUCCESS Registered module 'music'.
[2017-01-12 19:58:25] INFO Prepared switch desk-leds.
[2017-01-12 19:58:25] INFO Prepared switch desk-light.
[2017-01-12 19:58:25] INFO Registering module 'switches'...
[2017-01-12 19:58:25] SUCCESS Module 'switches' registered trigger 'switch.on'.
[2017-01-12 19:58:25] SUCCESS Module 'switches' registered trigger 'switch.off'.
[2017-01-12 19:58:25] SUCCESS Condition 'switch.isOn' was registered.
[2017-01-12 19:58:25] SUCCESS Action 'switch.on' was registered.
[2017-01-12 19:58:25] SUCCESS Action 'switch.off' was registered.
[2017-01-12 19:58:25] SUCCESS Template for module switches registered.
[2017-01-12 19:58:25] SUCCESS Registered module 'switches'.
[2017-01-12 19:58:25] INFO Registering module 'voice'...
[2017-01-12 19:58:25] SUCCESS Module 'voice' registered trigger 'voice-input.parsed'.
[2017-01-12 19:58:25] SUCCESS Module 'voice' is listening to 'microphone.input'.
[2017-01-12 19:58:25] SUCCESS Module 'voice' is listening to 'voice-input.parsed'.
[2017-01-12 19:58:25] SUCCESS Action 'voice-input.parse' was registered.
[2017-01-12 19:58:25] SUCCESS Template for module voice registered.
[2017-01-12 19:58:25] SUCCESS Registered module 'voice'.
[2017-01-12 19:58:25] ERROR The module in the 'weather' folder didn't provide any or not enough info. Ignoring the module.
[2017-01-12 19:58:25] INFO Added routes for module 'music'.
[2017-01-12 19:58:25] SUCCESS State is now in sync with the IO-Server.
[2017-01-12 19:58:25] INFO Setup complete!
[2017-01-12 19:58:25] SUCCESS Halbert-Interface available!
[2017-01-12 19:58:25] INFO http://localhost:3000
[2017-01-12 19:58:25] INFO http://192.168.178.28:3000
[2017-01-12 19:58:26] INFO GET /
[2017-01-12 19:58:26] INFO GET /css/framework.css
[2017-01-12 19:58:26] INFO GET /js/vue.js
[2017-01-12 19:58:26] INFO GET /js/masonry.js
[2017-01-12 19:58:26] INFO GET /js/dashboard.js
[2017-01-12 19:58:26] INFO GET /js/bootstrap.js
[2017-01-12 19:58:26] INFO GET /js/jquery.js
[2017-01-12 19:58:26] INFO GET /js/resize.js
[2017-01-12 19:58:26] INFO Authorized Google Play Music.
[2017-01-12 19:58:26] INFO GET /js/fastclick.min.js
[2017-01-12 19:58:26] INFO GET /music/playlists
[2017-01-12 19:58:27] INFO State for music.playing requested.
[2017-01-12 19:58:27] INFO State for music.song requested.
[2017-01-12 19:58:27] INFO State for switches.switch_desk-leds requested.
[2017-01-12 19:58:27] INFO State for switches.busy requested.
[2017-01-12 19:58:27] INFO State for switches.switch_desk-light requested.
[2017-01-12 19:58:27] INFO State for switches.busy requested.
[2017-01-12 19:58:32] INFO Received command to execute action ifttt.request-event



Starting Server at: 2017-01-12T18:58:49.677Z
[2017-01-12 19:58:49] INFO Setting up H.A.L.B.E.R.T....
[2017-01-12 19:58:49] INFO Debug Mode: DISABLED
[2017-01-12 19:58:49] INFO Session-ID: yPlmUBqK6Ec5n7JmEX6w
[2017-01-12 19:58:49] INFO Begin registering modules
[2017-01-12 19:58:49] INFO Template Cache: DISABLED
[2017-01-12 19:58:49] INFO Registering module 'ifttt'...
[2017-01-12 19:58:49] SUCCESS Module 'ifttt' registered trigger 'ifttt.webhook'.
[2017-01-12 19:58:49] SUCCESS Action 'ifttt.request-event' was registered.
[2017-01-12 19:58:49] SUCCESS Registered module 'ifttt'.
[2017-01-12 19:58:50] INFO Registering module 'music'...
[2017-01-12 19:58:50] SUCCESS Action 'music.play' was registered.
[2017-01-12 19:58:50] SUCCESS Action 'music.resume' was registered.
[2017-01-12 19:58:50] SUCCESS Action 'music.pause' was registered.
[2017-01-12 19:58:50] SUCCESS Template for module music registered.
[2017-01-12 19:58:50] SUCCESS Registered module 'music'.
[2017-01-12 19:58:50] INFO Prepared switch desk-leds.
[2017-01-12 19:58:50] INFO Prepared switch desk-light.
[2017-01-12 19:58:50] INFO Registering module 'switches'...
[2017-01-12 19:58:50] SUCCESS Module 'switches' registered trigger 'switch.on'.
[2017-01-12 19:58:50] SUCCESS Module 'switches' registered trigger 'switch.off'.
[2017-01-12 19:58:50] SUCCESS Condition 'switch.isOn' was registered.
[2017-01-12 19:58:50] SUCCESS Action 'switch.on' was registered.
[2017-01-12 19:58:50] SUCCESS Action 'switch.off' was registered.
[2017-01-12 19:58:50] SUCCESS Template for module switches registered.
[2017-01-12 19:58:50] SUCCESS Registered module 'switches'.
[2017-01-12 19:58:50] INFO Registering module 'voice'...
[2017-01-12 19:58:50] SUCCESS Module 'voice' registered trigger 'voice-input.parsed'.
[2017-01-12 19:58:50] SUCCESS Module 'voice' is listening to 'microphone.input'.
[2017-01-12 19:58:50] SUCCESS Module 'voice' is listening to 'voice-input.parsed'.
[2017-01-12 19:58:50] SUCCESS Action 'voice-input.parse' was registered.
[2017-01-12 19:58:50] SUCCESS Template for module voice registered.
[2017-01-12 19:58:50] SUCCESS Registered module 'voice'.
[2017-01-12 19:58:50] ERROR The module in the 'weather' folder didn't provide any or not enough info. Ignoring the module.
[2017-01-12 19:58:50] INFO Added routes for module 'music'.
[2017-01-12 19:58:50] SUCCESS State is now in sync with the IO-Server.
[2017-01-12 19:58:50] INFO Setup complete!
[2017-01-12 19:58:50] SUCCESS Halbert-Interface available!
[2017-01-12 19:58:50] INFO http://localhost:3000
[2017-01-12 19:58:50] INFO http://192.168.178.28:3000
[2017-01-12 19:58:51] INFO Authorized Google Play Music.
[2017-01-12 19:58:55] INFO GET /
[2017-01-12 19:58:55] INFO GET /css/framework.css
[2017-01-12 19:58:55] INFO GET /js/vue.js
[2017-01-12 19:58:55] INFO GET /js/masonry.js
[2017-01-12 19:58:55] INFO GET /js/dashboard.js
[2017-01-12 19:58:55] INFO GET /js/jquery.js
[2017-01-12 19:58:55] INFO GET /js/bootstrap.js
[2017-01-12 19:58:55] INFO GET /js/resize.js
[2017-01-12 19:58:55] INFO GET /js/fastclick.min.js
[2017-01-12 19:58:56] INFO GET /music/playlists
[2017-01-12 19:58:56] INFO State for music.playing requested.
[2017-01-12 19:58:56] INFO State for music.song requested.
[2017-01-12 19:58:56] INFO State for switches.switch_desk-leds requested.
[2017-01-12 19:58:56] INFO State for switches.busy requested.
[2017-01-12 19:58:56] INFO State for switches.switch_desk-light requested.
[2017-01-12 19:58:56] INFO State for switches.busy requested.
[2017-01-12 19:58:59] INFO Received command to execute action ifttt.request-event
[2017-01-12 20:00:20] INFO Client disconnected from IO.



Starting Server at: 2017-01-12T19:01:58.920Z
[2017-01-12 20:01:58] INFO Setting up H.A.L.B.E.R.T....
[2017-01-12 20:01:59] INFO Debug Mode: DISABLED
[2017-01-12 20:01:59] INFO Session-ID: 2LARPapZwYRwyqHanJ8v
[2017-01-12 20:01:59] INFO Begin registering modules
[2017-01-12 20:01:59] INFO Template Cache: DISABLED
[2017-01-12 20:01:59] INFO Registering module 'ifttt'...
[2017-01-12 20:01:59] SUCCESS Module 'ifttt' registered trigger 'ifttt.webhook'.
[2017-01-12 20:01:59] SUCCESS Action 'ifttt.request-event' was registered.
[2017-01-12 20:01:59] SUCCESS Registered module 'ifttt'.
[2017-01-12 20:01:59] INFO Registering module 'music'...
[2017-01-12 20:01:59] SUCCESS Action 'music.play' was registered.
[2017-01-12 20:01:59] SUCCESS Action 'music.resume' was registered.
[2017-01-12 20:01:59] SUCCESS Action 'music.pause' was registered.
[2017-01-12 20:01:59] SUCCESS Template for module music registered.
[2017-01-12 20:01:59] SUCCESS Registered module 'music'.
[2017-01-12 20:01:59] INFO Prepared switch desk-leds.
[2017-01-12 20:01:59] INFO Prepared switch desk-light.
[2017-01-12 20:01:59] INFO Registering module 'switches'...
[2017-01-12 20:01:59] SUCCESS Module 'switches' registered trigger 'switch.on'.
[2017-01-12 20:01:59] SUCCESS Module 'switches' registered trigger 'switch.off'.
[2017-01-12 20:01:59] SUCCESS Condition 'switch.isOn' was registered.
[2017-01-12 20:01:59] SUCCESS Action 'switch.on' was registered.
[2017-01-12 20:01:59] SUCCESS Action 'switch.off' was registered.
[2017-01-12 20:01:59] SUCCESS Template for module switches registered.
[2017-01-12 20:01:59] SUCCESS Registered module 'switches'.
[2017-01-12 20:01:59] INFO Registering module 'voice'...
[2017-01-12 20:01:59] SUCCESS Module 'voice' registered trigger 'voice-input.parsed'.
[2017-01-12 20:01:59] SUCCESS Module 'voice' is listening to 'microphone.input'.
[2017-01-12 20:01:59] SUCCESS Module 'voice' is listening to 'voice-input.parsed'.
[2017-01-12 20:01:59] SUCCESS Action 'voice-input.parse' was registered.
[2017-01-12 20:01:59] SUCCESS Template for module voice registered.
[2017-01-12 20:01:59] SUCCESS Registered module 'voice'.
[2017-01-12 20:01:59] ERROR The module in the 'weather' folder didn't provide any or not enough info. Ignoring the module.
[2017-01-12 20:01:59] INFO Added routes for module 'music'.
[2017-01-12 20:01:59] SUCCESS State is now in sync with the IO-Server.
[2017-01-12 20:01:59] INFO Setup complete!
[2017-01-12 20:01:59] SUCCESS Halbert-Interface available!
[2017-01-12 20:01:59] INFO http://localhost:3000
[2017-01-12 20:01:59] INFO http://192.168.178.28:3000
[2017-01-12 20:02:00] INFO Authorized Google Play Music.
[2017-01-12 20:02:02] INFO State for music.playing requested.
[2017-01-12 20:02:02] INFO State for music.song requested.
[2017-01-12 20:02:02] INFO State for switches.switch_desk-leds requested.
[2017-01-12 20:02:02] INFO State for switches.busy requested.
[2017-01-12 20:02:02] INFO GET /
[2017-01-12 20:02:02] INFO State for switches.switch_desk-light requested.
[2017-01-12 20:02:02] INFO State for switches.busy requested.
[2017-01-12 20:02:02] INFO Client disconnected from IO.
[2017-01-12 20:02:02] INFO GET /css/framework.css
[2017-01-12 20:02:02] INFO GET /js/vue.js
[2017-01-12 20:02:02] INFO GET /js/bootstrap.js
[2017-01-12 20:02:02] INFO GET /js/masonry.js
[2017-01-12 20:02:02] INFO GET /js/dashboard.js
[2017-01-12 20:02:02] INFO GET /js/jquery.js
[2017-01-12 20:02:02] INFO GET /js/resize.js
[2017-01-12 20:02:02] INFO GET /js/fastclick.min.js
[2017-01-12 20:02:03] INFO GET /music/playlists
[2017-01-12 20:02:03] INFO State for music.playing requested.
[2017-01-12 20:02:03] INFO State for music.song requested.
[2017-01-12 20:02:03] INFO State for switches.switch_desk-leds requested.
[2017-01-12 20:02:03] INFO State for switches.busy requested.
[2017-01-12 20:02:03] INFO State for switches.switch_desk-light requested.
[2017-01-12 20:02:03] INFO State for switches.busy requested.
[2017-01-12 20:02:13] INFO Received command to execute action ifttt.request-event
[2017-01-12 20:02:13] INFO IFTTT event 'notify_phone' was triggered.



Starting Server at: 2017-01-12T19:03:12.011Z
[2017-01-12 20:03:12] INFO Setting up H.A.L.B.E.R.T....
[2017-01-12 20:03:12] INFO Debug Mode: DISABLED
[2017-01-12 20:03:12] INFO Session-ID: H8cjGe1TpTdqLQfDfBhe
[2017-01-12 20:03:12] INFO Begin registering modules
[2017-01-12 20:03:12] INFO Template Cache: DISABLED
[2017-01-12 20:03:12] INFO Registering module 'ifttt'...
[2017-01-12 20:03:12] SUCCESS Module 'ifttt' registered trigger 'ifttt.webhook'.
[2017-01-12 20:03:12] SUCCESS Action 'ifttt.request-event' was registered.
[2017-01-12 20:03:12] SUCCESS Registered module 'ifttt'.
[2017-01-12 20:03:12] INFO Registering module 'music'...
[2017-01-12 20:03:12] SUCCESS Action 'music.play' was registered.
[2017-01-12 20:03:12] SUCCESS Action 'music.resume' was registered.
[2017-01-12 20:03:12] SUCCESS Action 'music.pause' was registered.
[2017-01-12 20:03:12] SUCCESS Template for module music registered.
[2017-01-12 20:03:12] SUCCESS Registered module 'music'.
[2017-01-12 20:03:12] INFO Prepared switch desk-leds.
[2017-01-12 20:03:12] INFO Prepared switch desk-light.
[2017-01-12 20:03:12] INFO Registering module 'switches'...
[2017-01-12 20:03:12] SUCCESS Module 'switches' registered trigger 'switch.on'.
[2017-01-12 20:03:12] SUCCESS Module 'switches' registered trigger 'switch.off'.
[2017-01-12 20:03:12] SUCCESS Condition 'switch.isOn' was registered.
[2017-01-12 20:03:12] SUCCESS Action 'switch.on' was registered.
[2017-01-12 20:03:12] SUCCESS Action 'switch.off' was registered.
[2017-01-12 20:03:12] SUCCESS Template for module switches registered.
[2017-01-12 20:03:12] SUCCESS Registered module 'switches'.
[2017-01-12 20:03:12] INFO Registering module 'voice'...
[2017-01-12 20:03:12] SUCCESS Module 'voice' registered trigger 'voice-input.parsed'.
[2017-01-12 20:03:12] SUCCESS Module 'voice' is listening to 'microphone.input'.
[2017-01-12 20:03:12] SUCCESS Module 'voice' is listening to 'voice-input.parsed'.
[2017-01-12 20:03:12] SUCCESS Action 'voice-input.parse' was registered.
[2017-01-12 20:03:12] SUCCESS Template for module voice registered.
[2017-01-12 20:03:12] SUCCESS Registered module 'voice'.
[2017-01-12 20:03:12] ERROR The module in the 'weather' folder didn't provide any or not enough info. Ignoring the module.
[2017-01-12 20:03:12] INFO Added routes for module 'music'.
[2017-01-12 20:03:12] SUCCESS State is now in sync with the IO-Server.
[2017-01-12 20:03:12] INFO Setup complete!
[2017-01-12 20:03:12] SUCCESS Halbert-Interface available!
[2017-01-12 20:03:12] INFO http://localhost:3000
[2017-01-12 20:03:12] INFO http://192.168.178.28:3000
[2017-01-12 20:03:13] INFO GET /
[2017-01-12 20:03:13] INFO GET /css/framework.css
[2017-01-12 20:03:13] INFO GET /js/vue.js
[2017-01-12 20:03:13] INFO GET /js/masonry.js
[2017-01-12 20:03:13] INFO GET /js/dashboard.js
[2017-01-12 20:03:13] INFO GET /js/jquery.js
[2017-01-12 20:03:13] INFO GET /js/bootstrap.js
[2017-01-12 20:03:13] INFO GET /js/resize.js
[2017-01-12 20:03:13] INFO GET /js/fastclick.min.js
[2017-01-12 20:03:13] INFO GET /music/playlists
[2017-01-12 20:03:14] INFO Authorized Google Play Music.
[2017-01-12 20:03:14] INFO State for music.playing requested.
[2017-01-12 20:03:14] INFO State for music.song requested.
[2017-01-12 20:03:14] INFO State for switches.switch_desk-leds requested.
[2017-01-12 20:03:14] INFO State for switches.busy requested.
[2017-01-12 20:03:14] INFO State for switches.switch_desk-light requested.
[2017-01-12 20:03:14] INFO State for switches.busy requested.
[2017-01-12 20:03:21] INFO Received command to execute action ifttt.request-event
[2017-01-12 20:03:22] INFO IFTTT event 'notify_phone' was triggered.
[2017-01-12 20:04:38] INFO Client disconnected from IO.



Starting Server at: 2017-01-12T19:21:19.118Z
[2017-01-12 20:21:19] INFO Setting up H.A.L.B.E.R.T....
[2017-01-12 20:21:20] INFO Debug Mode: DISABLED
[2017-01-12 20:21:20] INFO Session-ID: CsO5kY0nS8GgguDi818p
[2017-01-12 20:21:20] INFO Begin registering modules
[2017-01-12 20:21:20] INFO Template Cache: DISABLED
[2017-01-12 20:21:21] WARN No webhook secret defined! Webhooks will not work! Please configure a secret or use the one below.
[2017-01-12 20:21:21] INFO Generated webhook secret 'e29bfc5d-a37e-442d-b41a-2fea884650f6'
[2017-01-12 20:21:21] INFO Registering module 'ifttt'...
[2017-01-12 20:21:21] SUCCESS Module 'ifttt' registered trigger 'ifttt.webhook'.
[2017-01-12 20:21:21] SUCCESS Action 'ifttt.request-event' was registered.
[2017-01-12 20:21:21] SUCCESS Registered module 'ifttt'.
[2017-01-12 20:21:21] INFO Registering module 'music'...
[2017-01-12 20:21:21] SUCCESS Action 'music.play' was registered.
[2017-01-12 20:21:21] SUCCESS Action 'music.resume' was registered.
[2017-01-12 20:21:21] SUCCESS Action 'music.pause' was registered.
[2017-01-12 20:21:21] SUCCESS Template for module music registered.
[2017-01-12 20:21:21] SUCCESS Registered module 'music'.
[2017-01-12 20:21:22] INFO Prepared switch desk-leds.
[2017-01-12 20:21:22] INFO Prepared switch desk-light.
[2017-01-12 20:21:22] INFO Registering module 'switches'...
[2017-01-12 20:21:22] SUCCESS Module 'switches' registered trigger 'switch.on'.
[2017-01-12 20:21:22] SUCCESS Module 'switches' registered trigger 'switch.off'.
[2017-01-12 20:21:22] SUCCESS Condition 'switch.isOn' was registered.
[2017-01-12 20:21:22] SUCCESS Action 'switch.on' was registered.
[2017-01-12 20:21:22] SUCCESS Action 'switch.off' was registered.
[2017-01-12 20:21:22] SUCCESS Template for module switches registered.
[2017-01-12 20:21:22] SUCCESS Registered module 'switches'.
[2017-01-12 20:21:22] INFO Registering module 'voice'...
[2017-01-12 20:21:22] SUCCESS Module 'voice' registered trigger 'voice-input.parsed'.
[2017-01-12 20:21:22] SUCCESS Module 'voice' is listening to 'microphone.input'.
[2017-01-12 20:21:22] SUCCESS Module 'voice' is listening to 'voice-input.parsed'.
[2017-01-12 20:21:22] SUCCESS Action 'voice-input.parse' was registered.
[2017-01-12 20:21:22] SUCCESS Template for module voice registered.
[2017-01-12 20:21:22] SUCCESS Registered module 'voice'.
[2017-01-12 20:21:22] ERROR The module in the 'weather' folder didn't provide any or not enough info. Ignoring the module.
[2017-01-12 20:21:23] INFO Added routes for module 'ifttt'.
[2017-01-12 20:21:23] INFO Added routes for module 'music'.
[2017-01-12 20:21:23] SUCCESS State is now in sync with the IO-Server.
[2017-01-12 20:21:23] INFO Setup complete!
[2017-01-12 20:21:23] SUCCESS Halbert-Interface available!
[2017-01-12 20:21:23] INFO http://localhost:3000
[2017-01-12 20:21:23] INFO http://192.168.178.28:3000
[2017-01-12 20:21:24] INFO Authorized Google Play Music.
[2017-01-12 20:21:27] INFO GET /
[2017-01-12 20:21:27] INFO GET /css/framework.css
[2017-01-12 20:21:27] INFO GET /js/vue.js
[2017-01-12 20:21:27] INFO GET /js/masonry.js
[2017-01-12 20:21:27] INFO GET /js/dashboard.js
[2017-01-12 20:21:27] INFO GET /js/jquery.js
[2017-01-12 20:21:27] INFO GET /js/bootstrap.js
[2017-01-12 20:21:27] INFO GET /js/resize.js
[2017-01-12 20:21:27] INFO GET /js/fastclick.min.js
[2017-01-12 20:21:27] INFO GET /music/playlists
[2017-01-12 20:21:28] INFO State for music.playing requested.
[2017-01-12 20:21:28] INFO State for music.song requested.
[2017-01-12 20:21:28] INFO State for switches.switch_desk-leds requested.
[2017-01-12 20:21:28] INFO State for switches.busy requested.
[2017-01-12 20:21:28] INFO State for switches.switch_desk-light requested.
[2017-01-12 20:21:28] INFO State for switches.busy requested.
[2017-01-12 20:22:41] INFO POST /ifttt/webhook?s=e29bfc5d-a37e-442d-b41a-2fea884650f6
[2017-01-12 20:22:51] INFO POST /ifttt/webhook?key=e29bfc5d-a37e-442d-b41a-2fea884650f6
[2017-01-12 20:22:52] INFO Client disconnected from IO.



Starting Server at: 2017-01-12T19:27:49.599Z
[2017-01-12 20:27:49] INFO Setting up H.A.L.B.E.R.T....
[2017-01-12 20:27:50] INFO Debug Mode: DISABLED
[2017-01-12 20:27:50] INFO Session-ID: wDk8LeluQ7MvslTCZGZq
[2017-01-12 20:27:50] INFO Begin registering modules
[2017-01-12 20:27:50] INFO Template Cache: DISABLED
[2017-01-12 20:27:50] INFO Registering module 'ifttt'...
[2017-01-12 20:27:50] SUCCESS Module 'ifttt' registered trigger 'ifttt.webhook'.
[2017-01-12 20:27:50] SUCCESS Action 'ifttt.request-event' was registered.
[2017-01-12 20:27:50] SUCCESS Registered module 'ifttt'.
[2017-01-12 20:27:51] INFO Registering module 'music'...
[2017-01-12 20:27:51] SUCCESS Action 'music.play' was registered.
[2017-01-12 20:27:51] SUCCESS Action 'music.resume' was registered.
[2017-01-12 20:27:51] SUCCESS Action 'music.pause' was registered.
[2017-01-12 20:27:51] SUCCESS Template for module music registered.
[2017-01-12 20:27:51] SUCCESS Registered module 'music'.
[2017-01-12 20:27:51] INFO Prepared switch desk-leds.
[2017-01-12 20:27:51] INFO Prepared switch desk-light.
[2017-01-12 20:27:51] INFO Registering module 'switches'...
[2017-01-12 20:27:51] SUCCESS Module 'switches' registered trigger 'switch.on'.
[2017-01-12 20:27:51] SUCCESS Module 'switches' registered trigger 'switch.off'.
[2017-01-12 20:27:51] SUCCESS Condition 'switch.isOn' was registered.
[2017-01-12 20:27:51] SUCCESS Action 'switch.on' was registered.
[2017-01-12 20:27:51] SUCCESS Action 'switch.off' was registered.
[2017-01-12 20:27:51] SUCCESS Template for module switches registered.
[2017-01-12 20:27:51] SUCCESS Registered module 'switches'.
[2017-01-12 20:27:51] INFO Registering module 'voice'...
[2017-01-12 20:27:51] SUCCESS Module 'voice' registered trigger 'voice-input.parsed'.
[2017-01-12 20:27:51] SUCCESS Module 'voice' is listening to 'microphone.input'.
[2017-01-12 20:27:51] SUCCESS Module 'voice' is listening to 'voice-input.parsed'.
[2017-01-12 20:27:51] SUCCESS Action 'voice-input.parse' was registered.
[2017-01-12 20:27:51] SUCCESS Template for module voice registered.
[2017-01-12 20:27:51] SUCCESS Registered module 'voice'.
[2017-01-12 20:27:51] ERROR The module in the 'weather' folder didn't provide any or not enough info. Ignoring the module.
[2017-01-12 20:27:52] INFO Added routes for module 'ifttt'.
[2017-01-12 20:27:52] INFO Added routes for module 'music'.
[2017-01-12 20:27:52] SUCCESS State is now in sync with the IO-Server.
[2017-01-12 20:27:52] INFO Setup complete!
[2017-01-12 20:27:52] SUCCESS Halbert-Interface available!
[2017-01-12 20:27:52] INFO http://localhost:3000
[2017-01-12 20:27:52] INFO http://192.168.178.28:3000
[2017-01-12 20:27:53] INFO Authorized Google Play Music.
[2017-01-12 20:27:53] INFO GET /
[2017-01-12 20:27:53] INFO GET /css/framework.css
[2017-01-12 20:27:53] INFO GET /js/vue.js
[2017-01-12 20:27:53] INFO GET /js/masonry.js
[2017-01-12 20:27:53] INFO GET /js/bootstrap.js
[2017-01-12 20:27:53] INFO GET /js/dashboard.js
[2017-01-12 20:27:53] INFO GET /js/jquery.js
[2017-01-12 20:27:53] INFO GET /js/resize.js
[2017-01-12 20:27:53] INFO GET /js/fastclick.min.js
[2017-01-12 20:27:54] INFO GET /music/playlists
[2017-01-12 20:27:54] INFO POST /ifttt/webhook?key=e29bfc5d-a37e-442d-b41a-2fea884650f6
[2017-01-12 20:27:55] INFO State for music.playing requested.
[2017-01-12 20:27:55] INFO State for music.song requested.
[2017-01-12 20:27:55] INFO State for switches.switch_desk-leds requested.
[2017-01-12 20:27:55] INFO State for switches.busy requested.
[2017-01-12 20:27:55] INFO State for switches.switch_desk-light requested.
[2017-01-12 20:27:55] INFO State for switches.busy requested.
[2017-01-12 20:27:58] INFO POST /ifttt/webhook?key=e29bfc5d-a37e-442d-b41a-2fea884650f6s
[2017-01-12 20:28:04] INFO POST /ifttt/webhook?key=e29bfc5d-a37e-442d-b41a-2fea884650f6
[2017-01-12 20:29:18] INFO Client disconnected from IO.
[2017-01-12 20:36:05] INFO GET /
[2017-01-12 20:36:06] INFO GET /css/framework.css
[2017-01-12 20:36:07] INFO GET /js/masonry.js
[2017-01-12 20:36:07] INFO GET /js/vue.js
[2017-01-12 20:36:09] INFO GET /js/fastclick.min.js
[2017-01-12 20:36:13] INFO GET /js/dashboard.js
[2017-01-12 20:36:21] INFO GET /js/jquery.js
[2017-01-12 20:36:21] INFO GET /js/resize.js
[2017-01-12 20:36:21] INFO GET /js/bootstrap.js
[2017-01-12 20:36:26] INFO GET /music/playlists
[2017-01-12 20:36:38] INFO GET /css/framework.css
[2017-01-12 20:36:38] INFO GET /favicon.ico
[2017-01-12 20:37:04] INFO GET /
[2017-01-12 20:37:05] INFO GET /css/framework.css
[2017-01-12 20:37:06] INFO GET /js/vue.js
[2017-01-12 20:37:06] INFO GET /js/masonry.js
[2017-01-12 20:37:06] INFO GET /js/dashboard.js
[2017-01-12 20:37:06] INFO GET /js/bootstrap.js
[2017-01-12 20:37:06] INFO GET /js/jquery.js
[2017-01-12 20:37:08] INFO GET /js/resize.js
[2017-01-12 20:37:08] INFO GET /js/fastclick.min.js
[2017-01-12 20:37:39] INFO Client disconnected from IO.
[2017-01-12 20:37:51] INFO POST /ifttt/webhook?key=e29bfc5d-a37e-442d-b41a-2fea884650f6
[2017-01-12 20:38:07] INFO GET /
[2017-01-12 20:38:28] INFO GET /css/framework.css
[2017-01-12 20:38:28] INFO Client disconnected from IO.
[2017-01-12 20:38:28] INFO GET /js/vue.js
[2017-01-12 20:38:30] INFO GET /js/masonry.js
[2017-01-12 20:38:30] INFO POST /ifttt/webhook?key=e29bfc5d-a37e-442d-b41a-2fea884650f6
[2017-01-12 20:38:32] INFO GET /js/vue.js
[2017-01-12 20:38:50] INFO GET /js/dashboard.js
[2017-01-12 20:38:50] INFO GET /js/jquery.js
[2017-01-12 20:38:50] INFO GET /js/resize.js
[2017-01-12 20:38:50] INFO GET /js/fastclick.min.js
[2017-01-12 20:38:50] INFO GET /js/bootstrap.js
[2017-01-12 20:39:02] INFO GET /music/playlists
[2017-01-12 20:40:08] INFO State for music.playing requested.
[2017-01-12 20:40:08] INFO State for music.song requested.
[2017-01-12 20:40:08] INFO State for switches.switch_desk-leds requested.
[2017-01-12 20:40:08] INFO State for switches.busy requested.
[2017-01-12 20:40:08] INFO State for switches.switch_desk-light requested.
[2017-01-12 20:40:08] INFO State for switches.busy requested.
[2017-01-12 20:40:08] INFO State for music.playing requested.
[2017-01-12 20:40:08] INFO State for music.song requested.
[2017-01-12 20:40:08] INFO State for switches.switch_desk-leds requested.
[2017-01-12 20:40:08] INFO State for switches.busy requested.
[2017-01-12 20:40:08] INFO State for switches.switch_desk-light requested.
[2017-01-12 20:40:08] INFO State for switches.busy requested.
[2017-01-12 20:41:33] INFO Client disconnected from IO.
[2017-01-12 20:42:11] INFO POST /ifttt/webhook?key=e29bfc5d-a37e-442d-b41a-2fea884650f6
[2017-01-12 20:42:15] INFO POST /ifttt/webhook?key=e29bfc5d-a37e-442d-b41a-2fea884650f6
[2017-01-12 20:42:26] INFO State for music.playing requested.
[2017-01-12 20:42:26] INFO State for music.song requested.
[2017-01-12 20:42:26] INFO State for switches.switch_desk-leds requested.
[2017-01-12 20:42:26] INFO State for switches.busy requested.
[2017-01-12 20:42:26] INFO State for switches.switch_desk-light requested.
[2017-01-12 20:42:26] INFO State for switches.busy requested.
[2017-01-12 20:42:50] INFO POST /ifttt/webhook?key=e29bfc5d-a37e-442d-b41a-2fea884650f6
[2017-01-12 20:42:56] INFO POST /ifttt/webhook?key=e29bfc5d-a37e-442d-b41a-2fea884650f6
[2017-01-12 20:43:04] INFO Client disconnected from IO.
[2017-01-12 20:43:51] INFO Client disconnected from IO.
[2017-01-12 20:51:35] INFO State for music.playing requested.
[2017-01-12 20:51:35] INFO State for music.song requested.
[2017-01-12 20:51:35] INFO State for switches.switch_desk-leds requested.
[2017-01-12 20:51:35] INFO State for switches.busy requested.
[2017-01-12 20:51:35] INFO State for switches.switch_desk-light requested.
[2017-01-12 20:51:35] INFO State for switches.busy requested.
[2017-01-12 20:53:11] INFO GET /
[2017-01-12 20:53:12] INFO Client disconnected from IO.
[2017-01-12 20:53:12] INFO GET /css/framework.css
[2017-01-12 20:53:12] INFO GET /js/dashboard.js
[2017-01-12 20:53:12] INFO GET /js/vue.js
[2017-01-12 20:53:12] INFO GET /js/masonry.js
[2017-01-12 20:53:12] INFO GET /js/bootstrap.js
[2017-01-12 20:53:12] INFO GET /js/resize.js
[2017-01-12 20:53:12] INFO GET /js/jquery.js
[2017-01-12 20:53:12] INFO GET /js/fastclick.min.js
[2017-01-12 20:53:12] INFO GET /music/playlists
[2017-01-12 20:53:15] INFO State for music.playing requested.
[2017-01-12 20:53:15] INFO State for music.song requested.
[2017-01-12 20:53:15] INFO State for switches.switch_desk-leds requested.
[2017-01-12 20:53:15] INFO State for switches.busy requested.
[2017-01-12 20:53:15] INFO State for switches.switch_desk-light requested.
[2017-01-12 20:53:15] INFO State for switches.busy requested.
[2017-01-12 20:53:19] INFO Received command to execute action switch.on
[2017-01-12 20:53:19] INFO State at switches.busy was updated with true
[2017-01-12 20:53:19] INFO State at switches.switch_desk-leds was updated with {
  "state": true
}
[2017-01-12 20:53:20] INFO State at switches.busy was updated with false
[2017-01-12 20:53:21] INFO Received command to execute action switch.off
[2017-01-12 20:53:21] INFO State at switches.busy was updated with true
[2017-01-12 20:53:21] INFO State at switches.switch_desk-leds was updated with {
  "state": false
}
[2017-01-12 20:53:21] INFO State at switches.busy was updated with false
[2017-01-12 20:54:35] INFO POST /ifttt/webhook?key=e29bfc5d-a37e-442d-b41a-2fea884650f6
[2017-01-12 20:57:05] INFO POST /ifttt/webhook?key=e29bfc5d-a37e-442d-b41a-2fea884650f6
[2017-01-12 21:28:58] INFO Client disconnected from IO.
[2017-01-12 23:35:02] INFO GET /
[2017-01-12 23:35:02] INFO Client disconnected from IO.
[2017-01-12 23:35:02] INFO GET /css/framework.css
[2017-01-12 23:35:02] INFO GET /js/vue.js
[2017-01-12 23:35:02] INFO GET /js/masonry.js
[2017-01-12 23:35:02] INFO GET /js/dashboard.js
[2017-01-12 23:35:02] INFO GET /js/jquery.js
[2017-01-12 23:35:02] INFO GET /js/bootstrap.js
[2017-01-12 23:35:02] INFO GET /js/resize.js
[2017-01-12 23:35:02] INFO GET /js/fastclick.min.js
[2017-01-12 23:35:02] INFO GET /music/playlists
[2017-01-12 23:35:03] INFO State for music.playing requested.
[2017-01-12 23:35:03] INFO State for music.song requested.
[2017-01-12 23:35:03] INFO State for switches.switch_desk-leds requested.
[2017-01-12 23:35:03] INFO State for switches.busy requested.
[2017-01-12 23:35:03] INFO State for switches.switch_desk-light requested.
[2017-01-12 23:35:03] INFO State for switches.busy requested.
[2017-01-12 23:36:44] INFO GET /
[2017-01-12 23:36:44] INFO GET /css/framework.css
[2017-01-12 23:36:44] INFO GET /js/vue.js
[2017-01-12 23:36:44] INFO GET /js/masonry.js
[2017-01-12 23:36:44] INFO GET /js/dashboard.js
[2017-01-12 23:36:44] INFO GET /js/jquery.js
[2017-01-12 23:36:44] INFO GET /js/bootstrap.js
[2017-01-12 23:36:44] INFO GET /js/resize.js
[2017-01-12 23:36:44] INFO GET /js/fastclick.min.js
[2017-01-12 23:39:33] INFO GET /
[2017-01-12 23:39:34] INFO Client disconnected from IO.
[2017-01-12 23:39:34] INFO GET /css/framework.css
[2017-01-12 23:39:34] INFO GET /js/vue.js
[2017-01-12 23:39:34] INFO GET /js/masonry.js
[2017-01-12 23:39:34] INFO GET /js/dashboard.js
[2017-01-12 23:39:34] INFO GET /js/jquery.js
[2017-01-12 23:39:34] INFO GET /js/bootstrap.js
[2017-01-12 23:39:34] INFO GET /js/resize.js
[2017-01-12 23:39:34] INFO GET /js/fastclick.min.js
[2017-01-12 23:39:34] INFO GET /music/playlists
[2017-01-12 23:39:35] INFO State for music.playing requested.
[2017-01-12 23:39:35] INFO State for music.song requested.
[2017-01-12 23:39:35] INFO State for switches.switch_desk-leds requested.
[2017-01-12 23:39:35] INFO State for switches.busy requested.
[2017-01-12 23:39:35] INFO State for switches.switch_desk-light requested.
[2017-01-12 23:39:35] INFO State for switches.busy requested.
[2017-01-12 23:41:03] INFO GET /
[2017-01-12 23:41:03] INFO Client disconnected from IO.
[2017-01-12 23:41:03] INFO GET /css/framework.css
[2017-01-12 23:41:03] INFO GET /js/vue.js
[2017-01-12 23:41:03] INFO GET /js/masonry.js
[2017-01-12 23:41:03] INFO GET /js/dashboard.js
[2017-01-12 23:41:03] INFO GET /js/jquery.js
[2017-01-12 23:41:03] INFO GET /js/bootstrap.js
[2017-01-12 23:41:03] INFO GET /js/resize.js
[2017-01-12 23:41:03] INFO GET /js/fastclick.min.js
[2017-01-12 23:41:04] INFO GET /music/playlists
[2017-01-12 23:41:05] INFO State for music.playing requested.
[2017-01-12 23:41:05] INFO State for music.song requested.
[2017-01-12 23:41:05] INFO State for switches.switch_desk-leds requested.
[2017-01-12 23:41:05] INFO State for switches.busy requested.
[2017-01-12 23:41:05] INFO State for switches.switch_desk-light requested.
[2017-01-12 23:41:05] INFO State for switches.busy requested.
[2017-01-12 23:41:28] INFO GET /
[2017-01-12 23:41:28] INFO Client disconnected from IO.
[2017-01-12 23:41:28] INFO GET /css/framework.css
[2017-01-12 23:41:28] INFO GET /js/vue.js
[2017-01-12 23:41:28] INFO GET /js/masonry.js
[2017-01-12 23:41:28] INFO GET /js/dashboard.js
[2017-01-12 23:41:28] INFO GET /js/jquery.js
[2017-01-12 23:41:28] INFO GET /js/bootstrap.js
[2017-01-12 23:41:28] INFO GET /js/resize.js
[2017-01-12 23:41:28] INFO GET /js/fastclick.min.js
[2017-01-12 23:41:29] INFO GET /music/playlists
[2017-01-12 23:41:30] INFO State for music.playing requested.
[2017-01-12 23:41:30] INFO State for music.song requested.
[2017-01-12 23:41:30] INFO State for switches.switch_desk-leds requested.
[2017-01-12 23:41:30] INFO State for switches.busy requested.
[2017-01-12 23:41:30] INFO State for switches.switch_desk-light requested.
[2017-01-12 23:41:30] INFO State for switches.busy requested.
[2017-01-12 23:42:25] INFO GET /
[2017-01-12 23:42:25] INFO Client disconnected from IO.
[2017-01-12 23:42:25] INFO GET /css/framework.css
[2017-01-12 23:42:25] INFO GET /js/vue.js
[2017-01-12 23:42:25] INFO GET /js/masonry.js
[2017-01-12 23:42:25] INFO GET /js/dashboard.js
[2017-01-12 23:42:25] INFO GET /js/jquery.js
[2017-01-12 23:42:25] INFO GET /js/bootstrap.js
[2017-01-12 23:42:25] INFO GET /js/resize.js
[2017-01-12 23:42:25] INFO GET /js/fastclick.min.js
[2017-01-12 23:42:26] INFO GET /music/playlists
[2017-01-12 23:42:26] INFO State for music.playing requested.
[2017-01-12 23:42:26] INFO State for music.song requested.
[2017-01-12 23:42:26] INFO State for switches.switch_desk-leds requested.
[2017-01-12 23:42:26] INFO State for switches.busy requested.
[2017-01-12 23:42:26] INFO State for switches.switch_desk-light requested.
[2017-01-12 23:42:26] INFO State for switches.busy requested.
[2017-01-12 23:43:11] INFO GET /
[2017-01-12 23:43:11] INFO Client disconnected from IO.
[2017-01-12 23:43:11] INFO GET /css/framework.css
[2017-01-12 23:43:11] INFO GET /js/vue.js
[2017-01-12 23:43:11] INFO GET /js/masonry.js
[2017-01-12 23:43:11] INFO GET /js/dashboard.js
[2017-01-12 23:43:11] INFO GET /js/jquery.js
[2017-01-12 23:43:11] INFO GET /js/bootstrap.js
[2017-01-12 23:43:11] INFO GET /js/resize.js
[2017-01-12 23:43:11] INFO GET /js/fastclick.min.js
[2017-01-12 23:43:12] INFO GET /music/playlists
[2017-01-12 23:43:12] INFO State for music.playing requested.
[2017-01-12 23:43:12] INFO State for music.song requested.
[2017-01-12 23:43:12] INFO State for switches.switch_desk-leds requested.
[2017-01-12 23:43:12] INFO State for switches.busy requested.
[2017-01-12 23:43:12] INFO State for switches.switch_desk-light requested.
[2017-01-12 23:43:12] INFO State for switches.busy requested.
[2017-01-12 23:43:26] INFO GET /
[2017-01-12 23:43:26] INFO Client disconnected from IO.
[2017-01-12 23:43:26] INFO GET /css/framework.css
[2017-01-12 23:43:26] INFO GET /js/vue.js
[2017-01-12 23:43:26] INFO GET /js/masonry.js
[2017-01-12 23:43:26] INFO GET /js/dashboard.js
[2017-01-12 23:43:26] INFO GET /js/jquery.js
[2017-01-12 23:43:26] INFO GET /js/bootstrap.js
[2017-01-12 23:43:26] INFO GET /js/resize.js
[2017-01-12 23:43:26] INFO GET /js/fastclick.min.js
[2017-01-12 23:43:26] INFO GET /music/playlists
[2017-01-12 23:43:27] INFO State for music.playing requested.
[2017-01-12 23:43:27] INFO State for music.song requested.
[2017-01-12 23:43:27] INFO State for switches.switch_desk-leds requested.
[2017-01-12 23:43:27] INFO State for switches.busy requested.
[2017-01-12 23:43:27] INFO State for switches.switch_desk-light requested.
[2017-01-12 23:43:27] INFO State for switches.busy requested.
[2017-01-12 23:43:41] INFO GET /
[2017-01-12 23:43:41] INFO Client disconnected from IO.
[2017-01-12 23:43:41] INFO GET /css/framework.css
[2017-01-12 23:43:41] INFO GET /js/vue.js
[2017-01-12 23:43:41] INFO GET /js/masonry.js
[2017-01-12 23:43:41] INFO GET /js/dashboard.js
[2017-01-12 23:43:41] INFO GET /js/jquery.js
[2017-01-12 23:43:41] INFO GET /js/bootstrap.js
[2017-01-12 23:43:41] INFO GET /js/resize.js
[2017-01-12 23:43:42] INFO GET /js/fastclick.min.js
[2017-01-12 23:43:42] INFO GET /music/playlists
[2017-01-12 23:43:42] INFO State for music.playing requested.
[2017-01-12 23:43:42] INFO State for music.song requested.
[2017-01-12 23:43:42] INFO State for switches.switch_desk-leds requested.
[2017-01-12 23:43:42] INFO State for switches.busy requested.
[2017-01-12 23:43:42] INFO State for switches.switch_desk-light requested.
[2017-01-12 23:43:42] INFO State for switches.busy requested.
[2017-01-12 23:43:59] INFO GET /
[2017-01-12 23:43:59] INFO Client disconnected from IO.
[2017-01-12 23:43:59] INFO GET /css/framework.css
[2017-01-12 23:43:59] INFO GET /js/vue.js
[2017-01-12 23:43:59] INFO GET /js/masonry.js
[2017-01-12 23:43:59] INFO GET /js/dashboard.js
[2017-01-12 23:43:59] INFO GET /js/jquery.js
[2017-01-12 23:43:59] INFO GET /js/bootstrap.js
[2017-01-12 23:43:59] INFO GET /js/resize.js
[2017-01-12 23:44:00] INFO GET /js/fastclick.min.js
[2017-01-12 23:44:00] INFO GET /music/playlists
[2017-01-12 23:44:01] INFO State for music.playing requested.
[2017-01-12 23:44:01] INFO State for music.song requested.
[2017-01-12 23:44:01] INFO State for switches.switch_desk-leds requested.
[2017-01-12 23:44:01] INFO State for switches.busy requested.
[2017-01-12 23:44:01] INFO State for switches.switch_desk-light requested.
[2017-01-12 23:44:01] INFO State for switches.busy requested.
[2017-01-12 23:44:28] INFO GET /
[2017-01-12 23:44:28] INFO Client disconnected from IO.
[2017-01-12 23:44:28] INFO GET /css/framework.css
[2017-01-12 23:44:28] INFO GET /js/vue.js
[2017-01-12 23:44:28] INFO GET /js/masonry.js
[2017-01-12 23:44:28] INFO GET /js/dashboard.js
[2017-01-12 23:44:28] INFO GET /js/jquery.js
[2017-01-12 23:44:28] INFO GET /js/bootstrap.js
[2017-01-12 23:44:28] INFO GET /js/resize.js
[2017-01-12 23:44:28] INFO GET /js/fastclick.min.js
[2017-01-12 23:44:29] INFO GET /music/playlists
[2017-01-12 23:44:29] INFO State for music.playing requested.
[2017-01-12 23:44:29] INFO State for music.song requested.
[2017-01-12 23:44:29] INFO State for switches.switch_desk-leds requested.
[2017-01-12 23:44:29] INFO State for switches.busy requested.
[2017-01-12 23:44:29] INFO State for switches.switch_desk-light requested.
[2017-01-12 23:44:29] INFO State for switches.busy requested.
[2017-01-12 23:44:39] INFO GET /
[2017-01-12 23:44:39] INFO Client disconnected from IO.
[2017-01-12 23:44:39] INFO GET /css/framework.css
[2017-01-12 23:44:39] INFO GET /js/vue.js
[2017-01-12 23:44:40] INFO GET /js/masonry.js
[2017-01-12 23:44:40] INFO GET /js/dashboard.js
[2017-01-12 23:44:40] INFO GET /js/jquery.js
[2017-01-12 23:44:40] INFO GET /js/bootstrap.js
[2017-01-12 23:44:40] INFO GET /js/resize.js
[2017-01-12 23:44:40] INFO GET /js/fastclick.min.js
[2017-01-12 23:44:40] INFO GET /music/playlists
[2017-01-12 23:44:41] INFO State for music.playing requested.
[2017-01-12 23:44:41] INFO State for music.song requested.
[2017-01-12 23:44:41] INFO State for switches.switch_desk-leds requested.
[2017-01-12 23:44:41] INFO State for switches.busy requested.
[2017-01-12 23:44:41] INFO State for switches.switch_desk-light requested.
[2017-01-12 23:44:41] INFO State for switches.busy requested.
[2017-01-12 23:44:45] INFO GET /
[2017-01-12 23:44:45] INFO Client disconnected from IO.
[2017-01-12 23:44:45] INFO GET /css/framework.css
[2017-01-12 23:44:45] INFO GET /js/vue.js
[2017-01-12 23:44:45] INFO GET /js/masonry.js
[2017-01-12 23:44:45] INFO GET /js/dashboard.js
[2017-01-12 23:44:45] INFO GET /js/jquery.js
[2017-01-12 23:44:45] INFO GET /js/bootstrap.js
[2017-01-12 23:44:45] INFO GET /js/resize.js
[2017-01-12 23:44:45] INFO GET /js/fastclick.min.js
[2017-01-12 23:44:45] INFO GET /music/playlists
[2017-01-12 23:44:46] INFO State for music.playing requested.
[2017-01-12 23:44:46] INFO State for music.song requested.
[2017-01-12 23:44:46] INFO State for switches.switch_desk-leds requested.
[2017-01-12 23:44:46] INFO State for switches.busy requested.
[2017-01-12 23:44:46] INFO State for switches.switch_desk-light requested.
[2017-01-12 23:44:46] INFO State for switches.busy requested.
[2017-01-12 23:45:14] INFO GET /
[2017-01-12 23:45:14] INFO Client disconnected from IO.
[2017-01-12 23:45:14] INFO GET /css/framework.css
[2017-01-12 23:45:14] INFO GET /js/vue.js
[2017-01-12 23:45:14] INFO GET /js/masonry.js
[2017-01-12 23:45:14] INFO GET /js/dashboard.js
[2017-01-12 23:45:14] INFO GET /js/jquery.js
[2017-01-12 23:45:14] INFO GET /js/bootstrap.js
[2017-01-12 23:45:14] INFO GET /js/resize.js
[2017-01-12 23:45:14] INFO GET /js/fastclick.min.js
[2017-01-12 23:45:15] INFO GET /music/playlists
[2017-01-12 23:45:15] INFO State for music.playing requested.
[2017-01-12 23:45:15] INFO State for music.song requested.
[2017-01-12 23:45:15] INFO State for switches.switch_desk-leds requested.
[2017-01-12 23:45:15] INFO State for switches.busy requested.
[2017-01-12 23:45:15] INFO State for switches.switch_desk-light requested.
[2017-01-12 23:45:15] INFO State for switches.busy requested.
[2017-01-12 23:46:29] INFO Client disconnected from IO.
[2017-01-12 23:47:03] INFO GET /
[2017-01-12 23:47:04] INFO Client disconnected from IO.
[2017-01-12 23:47:04] INFO GET /css/framework.css
[2017-01-12 23:47:04] INFO GET /js/vue.js
[2017-01-12 23:47:04] INFO GET /js/masonry.js
[2017-01-12 23:47:04] INFO GET /js/dashboard.js
[2017-01-12 23:47:04] INFO GET /js/jquery.js
[2017-01-12 23:47:04] INFO GET /js/bootstrap.js
[2017-01-12 23:47:04] INFO GET /js/resize.js
[2017-01-12 23:47:04] INFO GET /js/fastclick.min.js
[2017-01-12 23:47:04] INFO GET /music/playlists
[2017-01-12 23:47:05] INFO State for music.playing requested.
[2017-01-12 23:47:05] INFO State for music.song requested.
[2017-01-12 23:47:05] INFO State for switches.switch_desk-leds requested.
[2017-01-12 23:47:05] INFO State for switches.busy requested.
[2017-01-12 23:47:05] INFO State for switches.switch_desk-light requested.
[2017-01-12 23:47:05] INFO State for switches.busy requested.
[2017-01-12 23:49:44] INFO GET /
[2017-01-12 23:49:44] INFO Client disconnected from IO.
[2017-01-12 23:49:44] INFO GET /css/framework.css
[2017-01-12 23:49:44] INFO GET /js/vue.js
[2017-01-12 23:49:44] INFO GET /js/masonry.js
[2017-01-12 23:49:44] INFO GET /js/dashboard.js
[2017-01-12 23:49:44] INFO GET /js/jquery.js
[2017-01-12 23:49:44] INFO GET /js/bootstrap.js
[2017-01-12 23:49:44] INFO GET /js/resize.js
[2017-01-12 23:49:44] INFO GET /js/fastclick.min.js
[2017-01-12 23:49:44] INFO GET /music/playlists
[2017-01-12 23:49:45] INFO State for music.playing requested.
[2017-01-12 23:49:45] INFO State for music.song requested.
[2017-01-12 23:49:45] INFO State for switches.switch_desk-leds requested.
[2017-01-12 23:49:45] INFO State for switches.busy requested.
[2017-01-12 23:49:45] INFO State for switches.switch_desk-light requested.
[2017-01-12 23:49:45] INFO State for switches.busy requested.
[2017-01-12 23:49:51] INFO GET /
[2017-01-12 23:49:51] INFO Client disconnected from IO.
[2017-01-12 23:49:51] INFO GET /css/framework.css
[2017-01-12 23:49:51] INFO GET /js/vue.js
[2017-01-12 23:49:51] INFO GET /js/masonry.js
[2017-01-12 23:49:51] INFO GET /js/dashboard.js
[2017-01-12 23:49:51] INFO GET /js/jquery.js
[2017-01-12 23:49:51] INFO GET /js/bootstrap.js
[2017-01-12 23:49:51] INFO GET /js/resize.js
[2017-01-12 23:49:51] INFO GET /js/fastclick.min.js
[2017-01-12 23:49:51] INFO GET /music/playlists
[2017-01-12 23:49:52] INFO State for music.playing requested.
[2017-01-12 23:49:52] INFO State for music.song requested.
[2017-01-12 23:49:52] INFO State for switches.switch_desk-leds requested.
[2017-01-12 23:49:52] INFO State for switches.busy requested.
[2017-01-12 23:49:52] INFO State for switches.switch_desk-light requested.
[2017-01-12 23:49:52] INFO State for switches.busy requested.
[2017-01-12 23:53:43] INFO GET /
[2017-01-12 23:53:43] INFO Client disconnected from IO.
[2017-01-12 23:53:43] INFO GET /css/framework.css
[2017-01-12 23:53:43] INFO GET /js/vue.js
[2017-01-12 23:53:43] INFO GET /js/masonry.js
[2017-01-12 23:53:43] INFO GET /js/dashboard.js
[2017-01-12 23:53:43] INFO GET /js/jquery.js
[2017-01-12 23:53:43] INFO GET /js/bootstrap.js
[2017-01-12 23:53:43] INFO GET /js/resize.js
[2017-01-12 23:53:43] INFO GET /js/fastclick.min.js
[2017-01-12 23:53:43] INFO GET /music/playlists
[2017-01-12 23:53:44] INFO State for music.playing requested.
[2017-01-12 23:53:44] INFO State for music.song requested.
[2017-01-12 23:53:44] INFO State for switches.switch_desk-leds requested.
[2017-01-12 23:53:44] INFO State for switches.busy requested.
[2017-01-12 23:53:44] INFO State for switches.switch_desk-light requested.
[2017-01-12 23:53:44] INFO State for switches.busy requested.
[2017-01-12 23:53:54] INFO GET /
[2017-01-12 23:53:54] INFO Client disconnected from IO.
[2017-01-12 23:53:54] INFO GET /css/framework.css
[2017-01-12 23:53:54] INFO GET /js/vue.js
[2017-01-12 23:53:54] INFO GET /js/masonry.js
[2017-01-12 23:53:54] INFO GET /js/dashboard.js
[2017-01-12 23:53:54] INFO GET /js/jquery.js
[2017-01-12 23:53:54] INFO GET /js/bootstrap.js
[2017-01-12 23:53:54] INFO GET /js/resize.js
[2017-01-12 23:53:54] INFO GET /js/fastclick.min.js
[2017-01-12 23:53:54] INFO GET /music/playlists
[2017-01-12 23:53:55] INFO State for music.playing requested.
[2017-01-12 23:53:55] INFO State for music.song requested.
[2017-01-12 23:53:55] INFO State for switches.switch_desk-leds requested.
[2017-01-12 23:53:55] INFO State for switches.busy requested.
[2017-01-12 23:53:55] INFO State for switches.switch_desk-light requested.
[2017-01-12 23:53:55] INFO State for switches.busy requested.
[2017-01-12 23:53:57] INFO GET /css/framework.css
[2017-01-12 23:55:57] INFO GET /
[2017-01-12 23:55:57] INFO Client disconnected from IO.
[2017-01-12 23:55:57] INFO GET /css/framework.css
[2017-01-12 23:55:57] INFO GET /js/vue.js
[2017-01-12 23:55:57] INFO GET /js/masonry.js
[2017-01-12 23:55:57] INFO GET /js/dashboard.js
[2017-01-12 23:55:57] INFO GET /js/jquery.js
[2017-01-12 23:55:57] INFO GET /js/bootstrap.js
[2017-01-12 23:55:57] INFO GET /js/resize.js
[2017-01-12 23:55:58] INFO GET /js/fastclick.min.js
[2017-01-12 23:55:58] INFO GET /music/playlists
[2017-01-12 23:55:58] INFO State for music.playing requested.
[2017-01-12 23:55:58] INFO State for music.song requested.
[2017-01-12 23:55:58] INFO State for switches.switch_desk-leds requested.
[2017-01-12 23:55:58] INFO State for switches.busy requested.
[2017-01-12 23:55:58] INFO State for switches.switch_desk-light requested.
[2017-01-12 23:55:58] INFO State for switches.busy requested.
[2017-01-12 23:56:06] INFO GET /
[2017-01-12 23:56:06] INFO Client disconnected from IO.
[2017-01-12 23:56:07] INFO GET /css/framework.css
[2017-01-12 23:56:07] INFO GET /js/vue.js
[2017-01-12 23:56:07] INFO GET /js/masonry.js
[2017-01-12 23:56:07] INFO GET /js/dashboard.js
[2017-01-12 23:56:07] INFO GET /js/jquery.js
[2017-01-12 23:56:07] INFO GET /js/bootstrap.js
[2017-01-12 23:56:07] INFO GET /js/resize.js
[2017-01-12 23:56:07] INFO GET /js/fastclick.min.js
[2017-01-12 23:56:07] INFO GET /music/playlists
[2017-01-12 23:56:08] INFO State for music.playing requested.
[2017-01-12 23:56:08] INFO State for music.song requested.
[2017-01-12 23:56:08] INFO State for switches.switch_desk-leds requested.
[2017-01-12 23:56:08] INFO State for switches.busy requested.
[2017-01-12 23:56:08] INFO State for switches.switch_desk-light requested.
[2017-01-12 23:56:08] INFO State for switches.busy requested.
[2017-01-12 23:59:32] INFO GET /
[2017-01-12 23:59:32] INFO Client disconnected from IO.
[2017-01-12 23:59:32] INFO GET /css/framework.css
[2017-01-12 23:59:32] INFO GET /js/vue.js
[2017-01-12 23:59:32] INFO GET /js/masonry.js
[2017-01-12 23:59:32] INFO GET /js/dashboard.js
[2017-01-12 23:59:32] INFO GET /js/jquery.js
[2017-01-12 23:59:32] INFO GET /js/bootstrap.js
[2017-01-12 23:59:32] INFO GET /js/resize.js
[2017-01-12 23:59:33] INFO GET /js/fastclick.min.js
[2017-01-12 23:59:33] INFO GET /music/playlists
[2017-01-12 23:59:33] INFO State for music.playing requested.
[2017-01-12 23:59:33] INFO State for music.song requested.
[2017-01-12 23:59:33] INFO State for switches.switch_desk-leds requested.
[2017-01-12 23:59:33] INFO State for switches.busy requested.
[2017-01-12 23:59:33] INFO State for switches.switch_desk-light requested.
[2017-01-12 23:59:33] INFO State for switches.busy requested.
[2017-01-12 23:59:37] INFO GET /
[2017-01-12 23:59:37] INFO Client disconnected from IO.
[2017-01-12 23:59:37] INFO GET /css/framework.css
[2017-01-12 23:59:37] INFO GET /js/vue.js
[2017-01-12 23:59:37] INFO GET /js/masonry.js
[2017-01-12 23:59:37] INFO GET /js/dashboard.js
[2017-01-12 23:59:37] INFO GET /js/jquery.js
[2017-01-12 23:59:37] INFO GET /js/bootstrap.js
[2017-01-12 23:59:37] INFO GET /js/resize.js
[2017-01-12 23:59:37] INFO GET /js/fastclick.min.js
[2017-01-12 23:59:37] INFO GET /music/playlists
[2017-01-12 23:59:38] INFO State for music.playing requested.
[2017-01-12 23:59:38] INFO State for music.song requested.
[2017-01-12 23:59:38] INFO State for switches.switch_desk-leds requested.
[2017-01-12 23:59:38] INFO State for switches.busy requested.
[2017-01-12 23:59:38] INFO State for switches.switch_desk-light requested.
[2017-01-12 23:59:38] INFO State for switches.busy requested.
[2017-01-12 23:59:53] INFO GET /
[2017-01-12 23:59:53] INFO Client disconnected from IO.
[2017-01-12 23:59:53] INFO GET /css/framework.css
[2017-01-12 23:59:53] INFO GET /js/vue.js
[2017-01-12 23:59:53] INFO GET /js/masonry.js
[2017-01-12 23:59:53] INFO GET /js/dashboard.js
[2017-01-12 23:59:53] INFO GET /js/jquery.js
[2017-01-12 23:59:53] INFO GET /js/bootstrap.js
[2017-01-12 23:59:53] INFO GET /js/resize.js
[2017-01-12 23:59:53] INFO GET /js/fastclick.min.js
[2017-01-12 23:59:54] INFO GET /music/playlists
[2017-01-12 23:59:54] INFO State for music.playing requested.
[2017-01-12 23:59:54] INFO State for music.song requested.
[2017-01-12 23:59:54] INFO State for switches.switch_desk-leds requested.
[2017-01-12 23:59:54] INFO State for switches.busy requested.
[2017-01-12 23:59:54] INFO State for switches.switch_desk-light requested.
[2017-01-12 23:59:54] INFO State for switches.busy requested.
[2017-01-13 00:00:05] INFO GET /halbert
[2017-01-13 00:00:05] INFO Client disconnected from IO.
[2017-01-13 00:00:05] INFO GET /css/hal.css
[2017-01-13 00:00:05] INFO GET /js/halbert.js
[2017-01-13 00:00:06] INFO GET /
[2017-01-13 00:00:06] INFO GET /css/framework.css
[2017-01-13 00:00:06] INFO GET /js/vue.js
[2017-01-13 00:00:06] INFO GET /js/masonry.js
[2017-01-13 00:00:06] INFO GET /js/dashboard.js
[2017-01-13 00:00:06] INFO GET /js/jquery.js
[2017-01-13 00:00:06] INFO GET /js/bootstrap.js
[2017-01-13 00:00:06] INFO GET /js/resize.js
[2017-01-13 00:00:06] INFO GET /js/fastclick.min.js
[2017-01-13 00:00:07] INFO GET /music/playlists
[2017-01-13 00:00:07] INFO State for music.playing requested.
[2017-01-13 00:00:07] INFO State for music.song requested.
[2017-01-13 00:00:07] INFO State for switches.switch_desk-leds requested.
[2017-01-13 00:00:07] INFO State for switches.busy requested.
[2017-01-13 00:00:07] INFO State for switches.switch_desk-light requested.
[2017-01-13 00:00:07] INFO State for switches.busy requested.
[2017-01-13 00:08:20] INFO GET /
[2017-01-13 00:08:20] INFO Client disconnected from IO.
[2017-01-13 00:08:20] INFO GET /css/framework.css
[2017-01-13 00:08:20] INFO GET /js/vue.js
[2017-01-13 00:08:20] INFO GET /js/masonry.js
[2017-01-13 00:08:20] INFO GET /js/dashboard.js
[2017-01-13 00:08:20] INFO GET /js/jquery.js
[2017-01-13 00:08:20] INFO GET /js/bootstrap.js
[2017-01-13 00:08:20] INFO GET /js/resize.js
[2017-01-13 00:08:21] INFO GET /js/fastclick.min.js
[2017-01-13 00:08:21] INFO GET /music/playlists
[2017-01-13 00:08:22] INFO State for music.playing requested.
[2017-01-13 00:08:22] INFO State for music.song requested.
[2017-01-13 00:08:22] INFO State for switches.switch_desk-leds requested.
[2017-01-13 00:08:22] INFO State for switches.busy requested.
[2017-01-13 00:08:22] INFO State for switches.switch_desk-light requested.
[2017-01-13 00:08:22] INFO State for switches.busy requested.
[2017-01-13 00:08:23] INFO Received command to execute action switch.on
[2017-01-13 00:08:23] INFO State at switches.busy was updated with true
[2017-01-13 00:08:23] INFO State at switches.switch_desk-leds was updated with {
  "state": true
}
[2017-01-13 00:08:24] INFO State at switches.busy was updated with false
[2017-01-13 00:10:48] INFO Client disconnected from IO.
