Starting Server at: 2017-01-07T17:53:38.916Z[2017-01-07 18:53:38] INFO Setting up H.A.L.B.E.R.T....
[2017-01-07 18:53:39] INFO Debug Mode: DISABLED
[2017-01-07 18:53:39] INFO Session-ID: z9Eed3rlAvPnwTYZCUcq
[2017-01-07 18:53:39] INFO Begin registering modules
[2017-01-07 18:53:39] INFO Template Cache: DISABLED
[2017-01-07 18:53:39] INFO Registering module 'music'...
[2017-01-07 18:53:39] SUCCESS Action 'music.play' was registered.
[2017-01-07 18:53:39] SUCCESS Action 'music.resume' was registered.
[2017-01-07 18:53:39] SUCCESS Action 'music.pause' was registered.
[2017-01-07 18:53:39] SUCCESS Template for module music registered.
[2017-01-07 18:53:39] SUCCESS Registered module 'music'.
[2017-01-07 18:53:39] INFO Prepared switch desk-leds.
[2017-01-07 18:53:39] INFO Prepared switch desk-light.
[2017-01-07 18:53:39] INFO Registering module 'switches'...
[2017-01-07 18:53:39] SUCCESS Module 'switches' registered trigger 'switch.on'.
[2017-01-07 18:53:39] SUCCESS Module 'switches' registered trigger 'switch.off'.
[2017-01-07 18:53:39] SUCCESS Condition 'switch.isOn' was registered.
[2017-01-07 18:53:39] SUCCESS Action 'switch.on' was registered.
[2017-01-07 18:53:39] SUCCESS Action 'switch.off' was registered.
[2017-01-07 18:53:39] SUCCESS Template for module switches registered.
[2017-01-07 18:53:39] SUCCESS Registered module 'switches'.
[2017-01-07 18:53:39] INFO Registering module 'voice'...
[2017-01-07 18:53:39] SUCCESS Module 'voice' registered trigger 'voice-input.parsed'.
[2017-01-07 18:53:39] SUCCESS Module 'voice' is listening to 'microphone.input'.
[2017-01-07 18:53:39] SUCCESS Module 'voice' is listening to 'voice-input.parsed'.
[2017-01-07 18:53:39] SUCCESS Action 'voice-input.parse' was registered.
[2017-01-07 18:53:39] SUCCESS Template for module voice registered.
[2017-01-07 18:53:39] SUCCESS Registered module 'voice'.
[2017-01-07 18:53:39] ERROR The module in the 'weather' folder didn't provide any or not enough info. Ignoring the module.
[2017-01-07 18:53:39] SUCCESS State is now in sync with the IO-Server.
[2017-01-07 18:53:39] INFO Setup complete!
[2017-01-07 18:53:39] SUCCESS Halbert-Interface available!
[2017-01-07 18:53:39] INFO http://localhost:3000
[2017-01-07 18:53:39] INFO http://192.168.2.106:3000
[2017-01-07 18:53:40] INFO Client connected to IO.
[2017-01-07 18:53:40] INFO GET /
[2017-01-07 18:53:40] INFO GET /css/framework.css
[2017-01-07 18:53:40] INFO GET /js/vue.js
[2017-01-07 18:53:40] INFO GET /js/masonry.js
[2017-01-07 18:53:40] INFO GET /js/dashboard.js
[2017-01-07 18:53:40] INFO GET /js/jquery.js
[2017-01-07 18:53:40] INFO GET /js/bootstrap.js
[2017-01-07 18:53:40] INFO GET /js/fastclick.min.js
[2017-01-07 18:53:40] INFO GET /js/resize.js
[2017-01-07 18:53:40] INFO Client connected to IO.
[2017-01-07 18:53:40] INFO State for switches.switch_desk-leds requested.
[2017-01-07 18:53:41] INFO State for switches.busy requested.
[2017-01-07 18:53:41] INFO State for switches.switch_desk-leds requested.
[2017-01-07 18:53:41] INFO State for switches.busy requested.
[2017-01-07 18:53:41] INFO State for music.playing requested.
[2017-01-07 18:53:41] INFO State for music.song requested.
Starting Server at: 2017-01-07T17:54:07.946Z
[2017-01-07 18:54:07] INFO Setting up H.A.L.B.E.R.T....
[2017-01-07 18:54:08] INFO Debug Mode: DISABLED
[2017-01-07 18:54:08] INFO Session-ID: Kr7dT5ppjPhbJjel9rjq
[2017-01-07 18:54:08] INFO Begin registering modules
[2017-01-07 18:54:08] INFO Template Cache: DISABLED
[2017-01-07 18:54:08] INFO Registering module 'music'...
[2017-01-07 18:54:08] SUCCESS Action 'music.play' was registered.
[2017-01-07 18:54:08] SUCCESS Action 'music.resume' was registered.
[2017-01-07 18:54:08] SUCCESS Action 'music.pause' was registered.
[2017-01-07 18:54:08] SUCCESS Template for module music registered.
[2017-01-07 18:54:08] SUCCESS Registered module 'music'.
[2017-01-07 18:54:08] INFO Prepared switch desk-leds.
[2017-01-07 18:54:08] INFO Prepared switch desk-light.
[2017-01-07 18:54:08] INFO Registering module 'switches'...
[2017-01-07 18:54:08] SUCCESS Module 'switches' registered trigger 'switch.on'.
[2017-01-07 18:54:08] SUCCESS Module 'switches' registered trigger 'switch.off'.
[2017-01-07 18:54:08] SUCCESS Condition 'switch.isOn' was registered.
[2017-01-07 18:54:08] SUCCESS Action 'switch.on' was registered.
[2017-01-07 18:54:08] SUCCESS Action 'switch.off' was registered.
[2017-01-07 18:54:08] SUCCESS Template for module switches registered.
[2017-01-07 18:54:08] SUCCESS Registered module 'switches'.
[2017-01-07 18:54:08] INFO Registering module 'voice'...
[2017-01-07 18:54:08] SUCCESS Module 'voice' registered trigger 'voice-input.parsed'.
[2017-01-07 18:54:08] SUCCESS Module 'voice' is listening to 'microphone.input'.
[2017-01-07 18:54:08] SUCCESS Module 'voice' is listening to 'voice-input.parsed'.
[2017-01-07 18:54:08] SUCCESS Action 'voice-input.parse' was registered.
[2017-01-07 18:54:08] SUCCESS Template for module voice registered.
[2017-01-07 18:54:08] SUCCESS Registered module 'voice'.
[2017-01-07 18:54:08] ERROR The module in the 'weather' folder didn't provide any or not enough info. Ignoring the module.
[2017-01-07 18:54:08] SUCCESS State is now in sync with the IO-Server.
[2017-01-07 18:54:08] INFO Setup complete!
[2017-01-07 18:54:08] SUCCESS Halbert-Interface available!
[2017-01-07 18:54:08] INFO http://localhost:3000
[2017-01-07 18:54:08] INFO http://192.168.2.106:3000
[2017-01-07 18:54:09] INFO Client connected to IO.
[2017-01-07 18:54:09] INFO GET /
[2017-01-07 18:54:09] INFO GET /css/framework.css
[2017-01-07 18:54:09] INFO GET /js/vue.js
[2017-01-07 18:54:09] INFO GET /js/masonry.js
[2017-01-07 18:54:09] INFO GET /js/dashboard.js
[2017-01-07 18:54:09] INFO GET /js/jquery.js
[2017-01-07 18:54:09] INFO GET /js/bootstrap.js
[2017-01-07 18:54:09] INFO GET /js/resize.js
[2017-01-07 18:54:09] INFO GET /js/fastclick.min.js
[2017-01-07 18:54:09] INFO Client connected to IO.
[2017-01-07 18:54:10] INFO State for switches.switch_desk-leds requested.
[2017-01-07 18:54:10] INFO State for switches.busy requested.
[2017-01-07 18:54:10] INFO State for switches.switch_desk-leds requested.
[2017-01-07 18:54:10] INFO State for switches.busy requested.
[2017-01-07 18:54:10] INFO State for music.playing requested.
[2017-01-07 18:54:10] INFO State for music.song requested.



Starting Server at: 2017-01-07T17:54:20.486Z
[2017-01-07 18:54:20] INFO Setting up H.A.L.B.E.R.T....
[2017-01-07 18:54:20] INFO Debug Mode: DISABLED
[2017-01-07 18:54:20] INFO Session-ID: 5EnAokmd9j74CMFMZzbr
[2017-01-07 18:54:20] INFO Begin registering modules
[2017-01-07 18:54:20] INFO Template Cache: DISABLED
[2017-01-07 18:54:20] INFO Registering module 'music'...
[2017-01-07 18:54:20] SUCCESS Action 'music.play' was registered.
[2017-01-07 18:54:20] SUCCESS Action 'music.resume' was registered.
[2017-01-07 18:54:20] SUCCESS Action 'music.pause' was registered.
[2017-01-07 18:54:20] SUCCESS Template for module music registered.
[2017-01-07 18:54:20] SUCCESS Registered module 'music'.
[2017-01-07 18:54:20] INFO Prepared switch desk-leds.
[2017-01-07 18:54:20] INFO Prepared switch desk-light.
[2017-01-07 18:54:20] INFO Registering module 'switches'...
[2017-01-07 18:54:20] SUCCESS Module 'switches' registered trigger 'switch.on'.
[2017-01-07 18:54:20] SUCCESS Module 'switches' registered trigger 'switch.off'.
[2017-01-07 18:54:20] SUCCESS Condition 'switch.isOn' was registered.
[2017-01-07 18:54:20] SUCCESS Action 'switch.on' was registered.
[2017-01-07 18:54:20] SUCCESS Action 'switch.off' was registered.
[2017-01-07 18:54:20] SUCCESS Template for module switches registered.
[2017-01-07 18:54:20] SUCCESS Registered module 'switches'.
[2017-01-07 18:54:20] INFO Registering module 'voice'...
[2017-01-07 18:54:20] SUCCESS Module 'voice' registered trigger 'voice-input.parsed'.
[2017-01-07 18:54:20] SUCCESS Module 'voice' is listening to 'microphone.input'.
[2017-01-07 18:54:20] SUCCESS Module 'voice' is listening to 'voice-input.parsed'.
[2017-01-07 18:54:20] SUCCESS Action 'voice-input.parse' was registered.
[2017-01-07 18:54:20] SUCCESS Template for module voice registered.
[2017-01-07 18:54:20] SUCCESS Registered module 'voice'.
[2017-01-07 18:54:20] ERROR The module in the 'weather' folder didn't provide any or not enough info. Ignoring the module.
[2017-01-07 18:54:21] SUCCESS State is now in sync with the IO-Server.
[2017-01-07 18:54:21] INFO Setup complete!
[2017-01-07 18:54:21] SUCCESS Halbert-Interface available!
[2017-01-07 18:54:21] INFO http://localhost:3000
[2017-01-07 18:54:21] INFO http://192.168.2.106:3000
[2017-01-07 18:54:21] INFO Client connected to IO.
[2017-01-07 18:54:21] INFO GET /
[2017-01-07 18:54:21] INFO GET /css/framework.css
[2017-01-07 18:54:21] INFO GET /js/vue.js
[2017-01-07 18:54:21] INFO GET /js/masonry.js
[2017-01-07 18:54:21] INFO GET /js/bootstrap.js
[2017-01-07 18:54:21] INFO GET /js/resize.js
[2017-01-07 18:54:21] INFO GET /js/dashboard.js
[2017-01-07 18:54:21] INFO GET /js/jquery.js
[2017-01-07 18:54:21] INFO GET /js/fastclick.min.js
[2017-01-07 18:54:22] INFO Client connected to IO.
[2017-01-07 18:54:22] INFO State for switches.switch_desk-leds requested.
[2017-01-07 18:54:22] INFO State for switches.busy requested.
[2017-01-07 18:54:22] INFO State for switches.switch_desk-leds requested.
[2017-01-07 18:54:22] INFO State for switches.busy requested.
[2017-01-07 18:54:22] INFO State for music.playing requested.
[2017-01-07 18:54:22] INFO State for music.song requested.
[2017-01-07 18:55:46] INFO Client disconnected from IO.
[2017-01-07 19:10:59] INFO Received command to execute action switch.on
[2017-01-07 19:10:59] INFO State at switches.busy was updated with true
[2017-01-07 19:10:59] INFO State at switches.switch_desk-leds was updated with {
  "state": true
}
[2017-01-07 19:10:59] INFO State at switches.busy was updated with false
[2017-01-07 19:10:59] INFO Received command to execute action switch.off
[2017-01-07 19:10:59] INFO State at switches.busy was updated with true
[2017-01-07 19:10:59] INFO State at switches.switch_desk-leds was updated with {
  "state": false
}
[2017-01-07 19:10:59] INFO State at switches.busy was updated with false
[2017-01-07 19:11:05] INFO GET /
[2017-01-07 19:11:05] INFO Client disconnected from IO.
[2017-01-07 19:11:05] INFO GET /css/framework.css
[2017-01-07 19:11:05] INFO GET /js/vue.js
[2017-01-07 19:11:05] INFO GET /js/masonry.js
[2017-01-07 19:11:05] INFO GET /js/dashboard.js
[2017-01-07 19:11:05] INFO GET /js/bootstrap.js
[2017-01-07 19:11:05] INFO GET /js/resize.js
[2017-01-07 19:11:05] INFO GET /js/jquery.js
[2017-01-07 19:11:05] INFO GET /js/fastclick.min.js
[2017-01-07 19:11:05] INFO Client connected to IO.
[2017-01-07 19:11:06] INFO State for switches.switch_desk-leds requested.
[2017-01-07 19:11:06] INFO State for switches.busy requested.
[2017-01-07 19:11:06] INFO State for switches.switch_desk-light requested.
[2017-01-07 19:11:06] INFO State for switches.busy requested.
[2017-01-07 19:11:06] INFO State for music.playing requested.
[2017-01-07 19:11:06] INFO State for music.song requested.
[2017-01-07 19:11:06] INFO Received command to execute action switch.on
[2017-01-07 19:11:06] INFO State at switches.busy was updated with true
[2017-01-07 19:11:06] INFO State at switches.switch_desk-light was updated with {
  "state": true
}
[2017-01-07 19:11:06] INFO State at switches.busy was updated with false
[2017-01-07 19:11:07] INFO Received command to execute action switch.off
[2017-01-07 19:11:07] INFO State at switches.busy was updated with true
[2017-01-07 19:11:07] INFO State at switches.switch_desk-light was updated with {
  "state": false
}
[2017-01-07 19:11:07] INFO State at switches.busy was updated with false



Starting Server at: 2017-01-07T18:12:54.863Z
[2017-01-07 19:12:54] INFO Setting up H.A.L.B.E.R.T....
[2017-01-07 19:12:54] INFO Debug Mode: DISABLED
[2017-01-07 19:12:54] INFO Session-ID: SUDjZntrsUS95WRauGyQ
[2017-01-07 19:12:55] INFO Begin registering modules
[2017-01-07 19:12:55] INFO Template Cache: DISABLED
[2017-01-07 19:12:55] INFO Registering module 'music'...
[2017-01-07 19:12:55] SUCCESS Action 'music.play' was registered.
[2017-01-07 19:12:55] SUCCESS Action 'music.resume' was registered.
[2017-01-07 19:12:55] SUCCESS Action 'music.pause' was registered.
[2017-01-07 19:12:55] SUCCESS Template for module music registered.
[2017-01-07 19:12:55] SUCCESS Registered module 'music'.
[2017-01-07 19:12:55] INFO Prepared switch desk-leds.
[2017-01-07 19:12:55] INFO Prepared switch desk-light.
[2017-01-07 19:12:55] INFO Registering module 'switches'...
[2017-01-07 19:12:55] SUCCESS Module 'switches' registered trigger 'switch.on'.
[2017-01-07 19:12:55] SUCCESS Module 'switches' registered trigger 'switch.off'.
[2017-01-07 19:12:55] SUCCESS Condition 'switch.isOn' was registered.
[2017-01-07 19:12:55] SUCCESS Action 'switch.on' was registered.
[2017-01-07 19:12:55] SUCCESS Action 'switch.off' was registered.
[2017-01-07 19:12:55] SUCCESS Template for module switches registered.
[2017-01-07 19:12:55] SUCCESS Registered module 'switches'.
[2017-01-07 19:12:55] INFO Registering module 'voice'...
[2017-01-07 19:12:55] SUCCESS Module 'voice' registered trigger 'voice-input.parsed'.
[2017-01-07 19:12:55] SUCCESS Module 'voice' is listening to 'microphone.input'.
[2017-01-07 19:12:55] SUCCESS Module 'voice' is listening to 'voice-input.parsed'.
[2017-01-07 19:12:55] SUCCESS Action 'voice-input.parse' was registered.
[2017-01-07 19:12:55] SUCCESS Template for module voice registered.
[2017-01-07 19:12:55] SUCCESS Registered module 'voice'.
[2017-01-07 19:12:55] ERROR The module in the 'weather' folder didn't provide any or not enough info. Ignoring the module.
[2017-01-07 19:12:55] SUCCESS State is now in sync with the IO-Server.
[2017-01-07 19:12:55] INFO Setup complete!
[2017-01-07 19:12:55] SUCCESS Halbert-Interface available!
[2017-01-07 19:12:55] INFO http://localhost:3000
[2017-01-07 19:12:55] INFO http://192.168.2.106:3000
[2017-01-07 19:12:57] INFO GET /
[2017-01-07 19:12:57] INFO GET /css/framework.css
[2017-01-07 19:12:57] INFO GET /js/vue.js
[2017-01-07 19:12:57] INFO GET /js/masonry.js
[2017-01-07 19:12:57] INFO GET /js/dashboard.js
[2017-01-07 19:12:57] INFO GET /js/bootstrap.js
[2017-01-07 19:12:57] INFO GET /js/resize.js
[2017-01-07 19:12:57] INFO GET /js/jquery.js
[2017-01-07 19:12:57] INFO GET /js/fastclick.min.js
[2017-01-07 19:12:57] INFO Client connected to IO.
[2017-01-07 19:12:57] INFO State for switches.switch_desk-leds requested.
[2017-01-07 19:12:57] INFO State for switches.busy requested.
[2017-01-07 19:12:57] INFO State for switches.switch_desk-light requested.
[2017-01-07 19:12:57] INFO State for switches.busy requested.
[2017-01-07 19:12:57] INFO State for music.playing requested.
[2017-01-07 19:12:57] INFO State for music.song requested.



Starting Server at: 2017-01-07T18:13:31.060Z
[2017-01-07 19:13:31] INFO Setting up H.A.L.B.E.R.T....
[2017-01-07 19:13:31] INFO Debug Mode: DISABLED
[2017-01-07 19:13:31] INFO Session-ID: PFehUCGiRy583k5nCXh6
[2017-01-07 19:13:31] INFO Begin registering modules
[2017-01-07 19:13:31] INFO Template Cache: DISABLED
[2017-01-07 19:13:31] INFO Registering module 'music'...
[2017-01-07 19:13:31] SUCCESS Action 'music.play' was registered.
[2017-01-07 19:13:31] SUCCESS Action 'music.resume' was registered.
[2017-01-07 19:13:31] SUCCESS Action 'music.pause' was registered.
[2017-01-07 19:13:31] SUCCESS Template for module music registered.
[2017-01-07 19:13:31] SUCCESS Registered module 'music'.
[2017-01-07 19:13:31] INFO Prepared switch desk-leds.
[2017-01-07 19:13:31] INFO Prepared switch desk-light.
[2017-01-07 19:13:31] INFO Registering module 'switches'...
[2017-01-07 19:13:31] SUCCESS Module 'switches' registered trigger 'switch.on'.
[2017-01-07 19:13:31] SUCCESS Module 'switches' registered trigger 'switch.off'.
[2017-01-07 19:13:31] SUCCESS Condition 'switch.isOn' was registered.
[2017-01-07 19:13:31] SUCCESS Action 'switch.on' was registered.
[2017-01-07 19:13:31] SUCCESS Action 'switch.off' was registered.
[2017-01-07 19:13:31] SUCCESS Template for module switches registered.
[2017-01-07 19:13:31] SUCCESS Registered module 'switches'.
[2017-01-07 19:13:31] INFO Registering module 'voice'...
[2017-01-07 19:13:31] SUCCESS Module 'voice' registered trigger 'voice-input.parsed'.
[2017-01-07 19:13:31] SUCCESS Module 'voice' is listening to 'microphone.input'.
[2017-01-07 19:13:31] SUCCESS Module 'voice' is listening to 'voice-input.parsed'.
[2017-01-07 19:13:31] SUCCESS Action 'voice-input.parse' was registered.
[2017-01-07 19:13:31] SUCCESS Template for module voice registered.
[2017-01-07 19:13:31] SUCCESS Registered module 'voice'.
[2017-01-07 19:13:31] ERROR The module in the 'weather' folder didn't provide any or not enough info. Ignoring the module.
[2017-01-07 19:13:31] SUCCESS State is now in sync with the IO-Server.
[2017-01-07 19:13:31] INFO Setup complete!
[2017-01-07 19:13:31] SUCCESS Halbert-Interface available!
[2017-01-07 19:13:31] INFO http://localhost:3000
[2017-01-07 19:13:31] INFO http://192.168.2.106:3000
[2017-01-07 19:13:31] INFO Client connected to IO.
[2017-01-07 19:13:31] INFO GET /
[2017-01-07 19:13:31] INFO GET /css/framework.css
[2017-01-07 19:13:31] INFO GET /js/vue.js
[2017-01-07 19:13:31] INFO GET /js/masonry.js
[2017-01-07 19:13:31] INFO GET /js/dashboard.js
[2017-01-07 19:13:31] INFO GET /js/jquery.js
[2017-01-07 19:13:31] INFO GET /js/bootstrap.js
[2017-01-07 19:13:31] INFO GET /js/fastclick.min.js
[2017-01-07 19:13:31] INFO GET /js/resize.js
[2017-01-07 19:13:32] INFO Client connected to IO.
[2017-01-07 19:13:32] INFO State for switches.switch_desk-leds requested.
[2017-01-07 19:13:32] INFO State for switches.busy requested.
[2017-01-07 19:13:32] INFO State for switches.switch_desk-light requested.
[2017-01-07 19:13:32] INFO State for switches.busy requested.
[2017-01-07 19:13:32] INFO State for music.playing requested.
[2017-01-07 19:13:32] INFO State for music.song requested.
[2017-01-07 19:14:09] INFO GET /
[2017-01-07 19:14:09] INFO Client disconnected from IO.
[2017-01-07 19:14:09] INFO GET /css/framework.css
[2017-01-07 19:14:09] INFO GET /js/vue.js
[2017-01-07 19:14:09] INFO GET /js/masonry.js
[2017-01-07 19:14:09] INFO GET /js/dashboard.js
[2017-01-07 19:14:09] INFO GET /js/jquery.js
[2017-01-07 19:14:09] INFO GET /js/bootstrap.js
[2017-01-07 19:14:09] INFO GET /js/fastclick.min.js
[2017-01-07 19:14:09] INFO GET /js/resize.js
[2017-01-07 19:14:09] INFO Client connected to IO.
[2017-01-07 19:14:10] INFO State for switches.switch_desk-leds requested.
[2017-01-07 19:14:10] INFO State for switches.busy requested.
[2017-01-07 19:14:10] INFO State for switches.switch_desk-light requested.
[2017-01-07 19:14:10] INFO State for switches.busy requested.
[2017-01-07 19:14:10] INFO State for music.playing requested.
[2017-01-07 19:14:10] INFO State for music.song requested.
[2017-01-07 19:14:56] INFO Client disconnected from IO.
[2017-01-07 19:30:40] INFO Received command to execute action music.play
[2017-01-07 19:30:41] INFO Selected song: {
  "type": "1",
  "track": {
    "kind": "sj#track",
    "lastModifiedTimestamp": "1483642529392938",
    "title": "Bonfire (feat. ALMA)",
    "artist": "Felix Jaehn",
    "composer": "Felix Jaehn",
    "album": "Bonfire",
    "albumArtist": "Felix Jaehn",
    "year": 2016,
    "trackNumber": 1,
    "genre": "Dance/Electronic",
    "durationMillis": "183000",
    "albumArtRef": [
      {
        "url": "http://lh3.googleusercontent.com/zoXFkfd-W8yNh2IFMREebkEcJXW5_UXFhYC32Kkljis7PJRSH86CfuUDLVpQF6NHMXfNeGeV"
      }
    ],
    "playCount": 5,
    "discNumber": 1,
    "estimatedSize": "7322672",
    "trackType": "7",
    "storeId": "T4mttsqgn7hdudo4mzai2xjxzuq",
    "albumId": "Bccw4355ral4i5mruwwjkewfoau",
    "artistId": [
      "Axtj4jro2cb2modkptmghni6h2y",
      "At3lsgsi2z5kfqwzpda6vo2nvhe"
    ],
    "nid": "T4mttsqgn7hdudo4mzai2xjxzuq",
    "trackAvailableForSubscription": true,
    "trackAvailableForPurchase": true,
    "albumAvailableForPurchase": true,
    "contentType": "1"
  }
}
[2017-01-07 19:30:41] INFO Fetched streamUrl: https://r9---sn-4g57kney.c.doc-0-0-sj.sj.googleusercontent.com/videoplayback?id=7f647290aff67756&itag=25&source=skyjam&begin=0&upn=2yA3UcLroCw&o=00684180663434356417&cmbypass=yes&ratebypass=yes&ip=79.204.221.17&ipbits=0&expire=1483813930&sparams=cmbypass,expire,id,ip,ipbits,itag,mm,mn,ms,mv,nh,o,pl,ratebypass,source,upn&signature=437336051C7ABAC7DAB9A2E2D0FE8E2EE4EBC2BB.353DF584D99A8932EE032D817FA57B5FC6C0D1D5&key=cms1&mm=31&mn=sn-4g57kney&ms=au&mt=1483813605&mv=m&nh=IgpwZjAyLmZyYTE1Kg0yMDkuODUuMTcyLjY3&pl=21
[2017-01-07 19:30:41] INFO State at music.song was updated with {
  "title": "Bonfire (feat. ALMA)",
  "artist": "Felix Jaehn",
  "album": "Bonfire"
}
[2017-01-07 19:30:41] INFO State at music.playing was updated with true
[2017-01-07 19:30:47] INFO Received command to execute action music.pause
[2017-01-07 19:30:47] INFO State at music.playing was updated with false



Starting Server at: 2017-01-07T18:38:27.454Z
[2017-01-07 19:38:27] INFO Setting up H.A.L.B.E.R.T....
[2017-01-07 19:38:27] INFO Debug Mode: DISABLED
[2017-01-07 19:38:27] INFO Session-ID: w9xnuGGwMlC8FRemPBHZ
[2017-01-07 19:38:27] INFO Begin registering modules
[2017-01-07 19:38:27] INFO Template Cache: DISABLED
[2017-01-07 19:38:27] INFO Registering module 'music'...
[2017-01-07 19:38:27] SUCCESS Action 'music.play' was registered.
[2017-01-07 19:38:27] SUCCESS Action 'music.resume' was registered.
[2017-01-07 19:38:27] SUCCESS Action 'music.pause' was registered.
[2017-01-07 19:38:27] SUCCESS Template for module music registered.
[2017-01-07 19:38:27] SUCCESS Registered module 'music'.
[2017-01-07 19:38:27] INFO Prepared switch desk-leds.
[2017-01-07 19:38:27] INFO Prepared switch desk-light.
[2017-01-07 19:38:27] INFO Registering module 'switches'...
[2017-01-07 19:38:27] SUCCESS Module 'switches' registered trigger 'switch.on'.
[2017-01-07 19:38:27] SUCCESS Module 'switches' registered trigger 'switch.off'.
[2017-01-07 19:38:27] SUCCESS Condition 'switch.isOn' was registered.
[2017-01-07 19:38:27] SUCCESS Action 'switch.on' was registered.
[2017-01-07 19:38:27] SUCCESS Action 'switch.off' was registered.
[2017-01-07 19:38:27] SUCCESS Template for module switches registered.
[2017-01-07 19:38:27] SUCCESS Registered module 'switches'.
[2017-01-07 19:38:28] INFO Registering module 'voice'...
[2017-01-07 19:38:28] SUCCESS Module 'voice' registered trigger 'voice-input.parsed'.
[2017-01-07 19:38:28] SUCCESS Module 'voice' is listening to 'microphone.input'.
[2017-01-07 19:38:28] SUCCESS Module 'voice' is listening to 'voice-input.parsed'.
[2017-01-07 19:38:28] SUCCESS Action 'voice-input.parse' was registered.
[2017-01-07 19:38:28] SUCCESS Template for module voice registered.
[2017-01-07 19:38:28] SUCCESS Registered module 'voice'.
[2017-01-07 19:38:28] ERROR The module in the 'weather' folder didn't provide any or not enough info. Ignoring the module.
[2017-01-07 19:38:28] SUCCESS State is now in sync with the IO-Server.
[2017-01-07 19:38:28] INFO Setup complete!
[2017-01-07 19:38:28] SUCCESS Halbert-Interface available!
[2017-01-07 19:38:28] INFO http://localhost:3000
[2017-01-07 19:38:28] INFO http://192.168.2.106:3000
[2017-01-07 19:38:29] INFO GET /
[2017-01-07 19:38:30] INFO GET /css/framework.css
[2017-01-07 19:38:30] INFO GET /js/vue.js
[2017-01-07 19:38:30] INFO GET /js/masonry.js
[2017-01-07 19:38:30] INFO GET /js/dashboard.js
[2017-01-07 19:38:30] INFO GET /js/resize.js
[2017-01-07 19:38:30] INFO GET /js/bootstrap.js
[2017-01-07 19:38:30] INFO GET /js/jquery.js
[2017-01-07 19:38:30] INFO GET /js/fastclick.min.js
[2017-01-07 19:38:30] INFO Client connected to IO.
[2017-01-07 19:38:30] INFO State for switches.switch_desk-leds requested.
[2017-01-07 19:38:30] INFO State for switches.busy requested.
[2017-01-07 19:38:30] INFO State for switches.switch_desk-light requested.
[2017-01-07 19:38:30] INFO State for switches.busy requested.
[2017-01-07 19:38:30] INFO State for music.playing requested.
[2017-01-07 19:38:30] INFO State for music.song requested.
[2017-01-07 19:38:36] INFO Received command to execute action switch.on
[2017-01-07 19:38:36] INFO State at switches.busy was updated with true
[2017-01-07 19:38:36] INFO State at switches.switch_desk-leds was updated with {
  "state": true
}
[2017-01-07 19:38:36] INFO State at switches.busy was updated with false



Starting Server at: 2017-01-07T18:39:04.526Z
[2017-01-07 19:39:04] INFO Setting up H.A.L.B.E.R.T....
[2017-01-07 19:39:04] INFO Debug Mode: DISABLED
[2017-01-07 19:39:04] INFO Session-ID: wYwerm0rfBMDmPUtz0hc
[2017-01-07 19:39:04] INFO Begin registering modules
[2017-01-07 19:39:04] INFO Template Cache: DISABLED
[2017-01-07 19:39:04] INFO Registering module 'music'...
[2017-01-07 19:39:04] SUCCESS Action 'music.play' was registered.
[2017-01-07 19:39:04] SUCCESS Action 'music.resume' was registered.
[2017-01-07 19:39:04] SUCCESS Action 'music.pause' was registered.
[2017-01-07 19:39:04] SUCCESS Template for module music registered.
[2017-01-07 19:39:04] SUCCESS Registered module 'music'.
[2017-01-07 19:39:04] INFO Prepared switch desk-leds.
[2017-01-07 19:39:04] INFO Prepared switch desk-light.
[2017-01-07 19:39:04] INFO Registering module 'switches'...
[2017-01-07 19:39:04] SUCCESS Module 'switches' registered trigger 'switch.on'.
[2017-01-07 19:39:04] SUCCESS Module 'switches' registered trigger 'switch.off'.
[2017-01-07 19:39:04] SUCCESS Condition 'switch.isOn' was registered.
[2017-01-07 19:39:04] SUCCESS Action 'switch.on' was registered.
[2017-01-07 19:39:04] SUCCESS Action 'switch.off' was registered.
[2017-01-07 19:39:04] SUCCESS Template for module switches registered.
[2017-01-07 19:39:04] SUCCESS Registered module 'switches'.
[2017-01-07 19:39:04] INFO Registering module 'voice'...
[2017-01-07 19:39:04] SUCCESS Module 'voice' registered trigger 'voice-input.parsed'.
[2017-01-07 19:39:04] SUCCESS Module 'voice' is listening to 'microphone.input'.
[2017-01-07 19:39:05] SUCCESS Module 'voice' is listening to 'voice-input.parsed'.
[2017-01-07 19:39:05] SUCCESS Action 'voice-input.parse' was registered.
[2017-01-07 19:39:05] SUCCESS Template for module voice registered.
[2017-01-07 19:39:05] SUCCESS Registered module 'voice'.
[2017-01-07 19:39:05] ERROR The module in the 'weather' folder didn't provide any or not enough info. Ignoring the module.
[2017-01-07 19:39:05] SUCCESS State is now in sync with the IO-Server.
[2017-01-07 19:39:05] INFO Setup complete!
[2017-01-07 19:39:05] SUCCESS Halbert-Interface available!
[2017-01-07 19:39:05] INFO http://localhost:3000
[2017-01-07 19:39:05] INFO http://192.168.2.106:3000
[2017-01-07 19:39:05] INFO Client connected to IO.
[2017-01-07 19:39:06] INFO GET /
[2017-01-07 19:39:06] INFO GET /css/framework.css
[2017-01-07 19:39:06] INFO GET /js/vue.js
[2017-01-07 19:39:06] INFO GET /js/masonry.js
[2017-01-07 19:39:06] INFO GET /js/dashboard.js
[2017-01-07 19:39:06] INFO GET /js/jquery.js
[2017-01-07 19:39:06] INFO GET /js/bootstrap.js
[2017-01-07 19:39:06] INFO GET /js/fastclick.min.js
[2017-01-07 19:39:06] INFO GET /js/resize.js
[2017-01-07 19:39:06] INFO Client connected to IO.
[2017-01-07 19:39:06] INFO State for switches.switch_desk-leds requested.
[2017-01-07 19:39:06] INFO State for switches.busy requested.
[2017-01-07 19:39:06] INFO State for switches.switch_desk-light requested.
[2017-01-07 19:39:06] INFO State for switches.busy requested.
[2017-01-07 19:39:06] INFO State for music.playing requested.
[2017-01-07 19:39:06] INFO State for music.song requested.
[2017-01-07 19:40:31] INFO Client disconnected from IO.
[2017-01-07 19:44:10] INFO GET /
[2017-01-07 19:44:10] INFO Client disconnected from IO.
[2017-01-07 19:44:10] INFO GET /css/framework.css
[2017-01-07 19:44:10] INFO GET /js/bootstrap.js
[2017-01-07 19:44:10] INFO GET /js/vue.js
[2017-01-07 19:44:10] INFO GET /js/masonry.js
[2017-01-07 19:44:10] INFO GET /js/dashboard.js
[2017-01-07 19:44:10] INFO GET /js/jquery.js
[2017-01-07 19:44:10] INFO GET /js/resize.js
[2017-01-07 19:44:10] INFO GET /js/fastclick.min.js
[2017-01-07 19:44:11] INFO Client connected to IO.
[2017-01-07 19:44:30] INFO GET /
[2017-01-07 19:44:30] INFO Client disconnected from IO.
[2017-01-07 19:44:30] INFO GET /css/framework.css
[2017-01-07 19:44:30] INFO GET /js/vue.js
[2017-01-07 19:44:30] INFO GET /js/masonry.js
[2017-01-07 19:44:30] INFO GET /js/dashboard.js
[2017-01-07 19:44:30] INFO GET /js/jquery.js
[2017-01-07 19:44:30] INFO GET /js/bootstrap.js
[2017-01-07 19:44:30] INFO GET /js/resize.js
[2017-01-07 19:44:30] INFO GET /js/fastclick.min.js
[2017-01-07 19:44:30] INFO Client connected to IO.
[2017-01-07 19:44:36] INFO GET /
[2017-01-07 19:44:36] INFO Client disconnected from IO.
[2017-01-07 19:44:36] INFO GET /css/framework.css
[2017-01-07 19:44:36] INFO GET /js/vue.js
[2017-01-07 19:44:36] INFO GET /js/masonry.js
[2017-01-07 19:44:36] INFO GET /js/dashboard.js
[2017-01-07 19:44:36] INFO GET /js/jquery.js
[2017-01-07 19:44:36] INFO GET /js/bootstrap.js
[2017-01-07 19:44:36] INFO GET /js/fastclick.min.js
[2017-01-07 19:44:36] INFO GET /js/resize.js
[2017-01-07 19:44:36] INFO Client connected to IO.
[2017-01-07 19:44:36] INFO State for switches.switch_desk-leds requested.
[2017-01-07 19:44:36] INFO State for switches.busy requested.
[2017-01-07 19:44:36] INFO State for switches.switch_desk-light requested.
[2017-01-07 19:44:36] INFO State for switches.busy requested.
[2017-01-07 19:44:36] INFO State for music.playing requested.
[2017-01-07 19:44:36] INFO State for music.song requested.
[2017-01-07 19:44:51] INFO GET /
[2017-01-07 19:44:51] INFO Client disconnected from IO.
[2017-01-07 19:44:51] INFO GET /css/framework.css
[2017-01-07 19:44:51] INFO GET /js/bootstrap.js
[2017-01-07 19:44:51] INFO GET /js/vue.js
[2017-01-07 19:44:51] INFO GET /js/masonry.js
[2017-01-07 19:44:51] INFO GET /js/dashboard.js
[2017-01-07 19:44:51] INFO GET /js/jquery.js
[2017-01-07 19:44:51] INFO GET /js/resize.js
[2017-01-07 19:44:51] INFO GET /js/fastclick.min.js
[2017-01-07 19:44:52] INFO Client connected to IO.
[2017-01-07 19:44:52] INFO State for switches.switch_desk-leds requested.
[2017-01-07 19:44:52] INFO State for switches.busy requested.
[2017-01-07 19:44:52] INFO State for switches.switch_desk-light requested.
[2017-01-07 19:44:52] INFO State for switches.busy requested.
[2017-01-07 19:44:52] INFO State for music.playing requested.
[2017-01-07 19:44:52] INFO State for music.song requested.
[2017-01-07 19:45:03] INFO GET /
[2017-01-07 19:45:03] INFO Client disconnected from IO.
[2017-01-07 19:45:03] INFO GET /css/framework.css
[2017-01-07 19:45:03] INFO GET /js/vue.js
[2017-01-07 19:45:03] INFO GET /js/masonry.js
[2017-01-07 19:45:03] INFO GET /js/bootstrap.js
[2017-01-07 19:45:03] INFO GET /js/dashboard.js
[2017-01-07 19:45:03] INFO GET /js/jquery.js
[2017-01-07 19:45:03] INFO GET /js/resize.js
[2017-01-07 19:45:03] INFO GET /js/fastclick.min.js
[2017-01-07 19:45:03] INFO Client connected to IO.
[2017-01-07 19:45:03] INFO State for switches.switch_desk-leds requested.
[2017-01-07 19:45:03] INFO State for switches.busy requested.
[2017-01-07 19:45:03] INFO State for switches.switch_desk-light requested.
[2017-01-07 19:45:03] INFO State for switches.busy requested.
[2017-01-07 19:45:03] INFO State for music.playing requested.
[2017-01-07 19:45:03] INFO State for music.song requested.
[2017-01-07 19:45:20] INFO GET /
[2017-01-07 19:45:20] INFO Client disconnected from IO.
[2017-01-07 19:45:20] INFO GET /css/framework.css
[2017-01-07 19:45:20] INFO GET /js/vue.js
[2017-01-07 19:45:20] INFO GET /js/dashboard.js
[2017-01-07 19:45:20] INFO GET /js/masonry.js
[2017-01-07 19:45:20] INFO GET /js/jquery.js
[2017-01-07 19:45:20] INFO GET /js/bootstrap.js
[2017-01-07 19:45:20] INFO GET /js/resize.js
[2017-01-07 19:45:20] INFO GET /js/fastclick.min.js
[2017-01-07 19:45:21] INFO Client connected to IO.
[2017-01-07 19:45:21] INFO State for switches.switch_desk-leds requested.
[2017-01-07 19:45:21] INFO State for switches.busy requested.
[2017-01-07 19:45:21] INFO State for switches.switch_desk-light requested.
[2017-01-07 19:45:21] INFO State for switches.busy requested.
[2017-01-07 19:45:21] INFO State for music.playing requested.
[2017-01-07 19:45:21] INFO State for music.song requested.
[2017-01-07 19:45:23] INFO GET /
[2017-01-07 19:45:23] INFO Client disconnected from IO.
[2017-01-07 19:45:23] INFO GET /css/framework.css
[2017-01-07 19:45:23] INFO GET /js/vue.js
[2017-01-07 19:45:23] INFO GET /js/masonry.js
[2017-01-07 19:45:23] INFO GET /js/bootstrap.js
[2017-01-07 19:45:23] INFO GET /js/dashboard.js
[2017-01-07 19:45:23] INFO GET /js/jquery.js
[2017-01-07 19:45:23] INFO GET /js/resize.js
[2017-01-07 19:45:23] INFO GET /js/fastclick.min.js
[2017-01-07 19:45:23] INFO Client connected to IO.
[2017-01-07 19:45:23] INFO State for switches.switch_desk-leds requested.
[2017-01-07 19:45:23] INFO State for switches.busy requested.
[2017-01-07 19:45:23] INFO State for switches.switch_desk-light requested.
[2017-01-07 19:45:23] INFO State for switches.busy requested.
[2017-01-07 19:45:23] INFO State for music.playing requested.
[2017-01-07 19:45:23] INFO State for music.song requested.
[2017-01-07 19:46:35] INFO GET /
[2017-01-07 19:46:35] INFO Client disconnected from IO.
[2017-01-07 19:46:35] INFO GET /css/framework.css
[2017-01-07 19:46:35] INFO GET /js/vue.js
[2017-01-07 19:46:35] INFO GET /js/masonry.js
[2017-01-07 19:46:35] INFO GET /js/dashboard.js
[2017-01-07 19:46:35] INFO GET /js/jquery.js
[2017-01-07 19:46:35] INFO GET /js/bootstrap.js
[2017-01-07 19:46:35] INFO GET /js/resize.js
[2017-01-07 19:46:36] INFO GET /js/fastclick.min.js
[2017-01-07 19:46:36] INFO Client connected to IO.
[2017-01-07 19:46:36] INFO State for switches.switch_desk-leds requested.
[2017-01-07 19:46:36] INFO State for switches.busy requested.
[2017-01-07 19:46:36] INFO State for switches.switch_desk-light requested.
[2017-01-07 19:46:36] INFO State for switches.busy requested.
[2017-01-07 19:46:36] INFO State for music.playing requested.
[2017-01-07 19:46:36] INFO State for music.song requested.
[2017-01-07 19:47:09] INFO GET /
[2017-01-07 19:47:09] INFO Client disconnected from IO.
[2017-01-07 19:47:09] INFO GET /css/framework.css
[2017-01-07 19:47:09] INFO GET /js/vue.js
[2017-01-07 19:47:09] INFO GET /js/bootstrap.js
[2017-01-07 19:47:09] INFO GET /js/masonry.js
[2017-01-07 19:47:09] INFO GET /js/dashboard.js
[2017-01-07 19:47:09] INFO GET /js/jquery.js
[2017-01-07 19:47:09] INFO GET /js/resize.js
[2017-01-07 19:47:09] INFO Client connected to IO.
[2017-01-07 19:47:09] INFO GET /js/fastclick.min.js
[2017-01-07 19:47:10] INFO State for switches.switch_desk-leds requested.
[2017-01-07 19:47:10] INFO State for switches.busy requested.
[2017-01-07 19:47:10] INFO State for switches.switch_desk-light requested.
[2017-01-07 19:47:10] INFO State for switches.busy requested.
[2017-01-07 19:47:10] INFO State for music.playing requested.
[2017-01-07 19:47:10] INFO State for music.song requested.
[2017-01-07 19:47:23] INFO GET /
[2017-01-07 19:47:23] INFO Client disconnected from IO.
[2017-01-07 19:47:23] INFO GET /css/framework.css
[2017-01-07 19:47:23] INFO GET /js/vue.js
[2017-01-07 19:47:23] INFO GET /js/masonry.js
[2017-01-07 19:47:23] INFO GET /js/dashboard.js
[2017-01-07 19:47:23] INFO GET /js/jquery.js
[2017-01-07 19:47:23] INFO GET /js/bootstrap.js
[2017-01-07 19:47:23] INFO GET /js/resize.js
[2017-01-07 19:47:24] INFO GET /js/fastclick.min.js
[2017-01-07 19:47:24] INFO Client connected to IO.
[2017-01-07 19:47:24] INFO State for switches.switch_desk-leds requested.
[2017-01-07 19:47:24] INFO State for switches.busy requested.
[2017-01-07 19:47:24] INFO State for switches.switch_desk-light requested.
[2017-01-07 19:47:24] INFO State for switches.busy requested.
[2017-01-07 19:47:24] INFO State for music.playing requested.
[2017-01-07 19:47:24] INFO State for music.song requested.
[2017-01-07 19:47:34] INFO GET /
[2017-01-07 19:47:34] INFO Client disconnected from IO.
[2017-01-07 19:47:34] INFO GET /css/framework.css
[2017-01-07 19:47:34] INFO GET /js/vue.js
[2017-01-07 19:47:34] INFO GET /js/masonry.js
[2017-01-07 19:47:34] INFO GET /js/dashboard.js
[2017-01-07 19:47:34] INFO GET /js/jquery.js
[2017-01-07 19:47:34] INFO GET /js/bootstrap.js
[2017-01-07 19:47:34] INFO GET /js/resize.js
[2017-01-07 19:47:34] INFO GET /js/fastclick.min.js
[2017-01-07 19:47:34] INFO Client connected to IO.
[2017-01-07 19:47:34] INFO State for switches.switch_desk-leds requested.
[2017-01-07 19:47:35] INFO State for switches.busy requested.
[2017-01-07 19:47:35] INFO State for switches.switch_desk-light requested.
[2017-01-07 19:47:35] INFO State for switches.busy requested.
[2017-01-07 19:47:35] INFO State for music.playing requested.
[2017-01-07 19:47:35] INFO State for music.song requested.
[2017-01-07 19:48:52] INFO GET /
[2017-01-07 19:48:52] INFO Client disconnected from IO.
[2017-01-07 19:48:52] INFO GET /css/framework.css
[2017-01-07 19:48:52] INFO GET /js/vue.js
[2017-01-07 19:48:52] INFO GET /js/masonry.js
[2017-01-07 19:48:52] INFO GET /js/dashboard.js
[2017-01-07 19:48:52] INFO GET /js/jquery.js
[2017-01-07 19:48:52] INFO GET /js/bootstrap.js
[2017-01-07 19:48:52] INFO GET /js/resize.js
[2017-01-07 19:48:53] INFO Client connected to IO.
[2017-01-07 19:48:53] INFO GET /js/fastclick.min.js
[2017-01-07 19:48:53] INFO State for switches.switch_desk-leds requested.
[2017-01-07 19:48:53] INFO State for switches.busy requested.
[2017-01-07 19:48:53] INFO State for switches.switch_desk-light requested.
[2017-01-07 19:48:53] INFO State for switches.busy requested.
[2017-01-07 19:48:53] INFO State for music.playing requested.
[2017-01-07 19:48:53] INFO State for music.song requested.
[2017-01-08 16:23:07] INFO GET /
[2017-01-08 16:23:07] INFO Client disconnected from IO.
[2017-01-08 16:23:07] INFO GET /css/framework.css
[2017-01-08 16:23:07] INFO GET /js/vue.js
[2017-01-08 16:23:07] INFO GET /js/dashboard.js
[2017-01-08 16:23:07] INFO GET /js/jquery.js
[2017-01-08 16:23:07] INFO GET /js/masonry.js
[2017-01-08 16:23:07] INFO GET /js/bootstrap.js
[2017-01-08 16:23:07] INFO GET /js/resize.js
[2017-01-08 16:23:08] INFO GET /js/fastclick.min.js
[2017-01-08 16:23:08] INFO Client connected to IO.
[2017-01-08 16:23:08] INFO State for switches.switch_desk-leds requested.
[2017-01-08 16:23:08] INFO State for switches.busy requested.
[2017-01-08 16:23:08] INFO State for switches.switch_desk-light requested.
[2017-01-08 16:23:08] INFO State for switches.busy requested.
[2017-01-08 16:23:08] INFO State for music.playing requested.
[2017-01-08 16:23:08] INFO State for music.song requested.
